This file contains any messages produced by compilers while
running configure, to aid debugging if configure makes a mistake.

It was created by OpenPA configure 1.0.3, which was
generated by GNU Autoconf 2.69.  Invocation command line was

  $ ./configure --disable-option-checking --prefix=/home/sadeghil/Installed_Tools/CryptMPI --disable-versioning --with-atomic-primitives=auto_allow_emulation --with-boringssl-include=/home/sadeghil/Installed_Tools/BoringSSL/boringssl-master/include/ --cache-file=/dev/null --srcdir=.

## --------- ##
## Platform. ##
## --------- ##

hostname = inv32
uname -m = x86_64
uname -r = 3.10.0-957.21.3.el7.x86_64
uname -s = Linux
uname -v = #1 SMP Tue Jun 18 16:35:19 UTC 2019

/usr/bin/uname -p = x86_64
/bin/uname -X     = unknown

/bin/arch              = x86_64
/usr/bin/arch -k       = unknown
/usr/convex/getsysinfo = unknown
/usr/bin/hostinfo      = unknown
/bin/machine           = unknown
/usr/bin/oslevel       = unknown
/bin/universe          = unknown

PATH: /home/sadeghil/Installed_Tools/CMAKE/cmake-3.16.3/bin/
PATH: /home/sadeghil/automake/bin
PATH: /usr/local/bin
PATH: /usr/bin
PATH: /usr/local/sbin
PATH: /usr/sbin
PATH: /usr/lib/jvm/java-openjdk/bin
PATH: /home/sadeghil/automake/bin/
PATH: /home/sadeghil/Installed_Tools/Tools/Ncurses/bin
PATH: /home/sadeghil/Installed_Tools/Emacs/bin


## ----------- ##
## Core tests. ##
## ----------- ##

configure:2477: checking for a BSD-compatible install
configure:2545: result: /usr/bin/install -c
configure:2556: checking whether build environment is sane
configure:2611: result: yes
configure:2762: checking for a thread-safe mkdir -p
configure:2801: result: /usr/bin/mkdir -p
configure:2808: checking for gawk
configure:2824: found /usr/bin/gawk
configure:2835: result: gawk
configure:2846: checking whether make sets $(MAKE)
configure:2868: result: yes
configure:2897: checking whether make supports nested variables
configure:2914: result: yes
configure:3055: checking for style of include used by make
configure:3083: result: GNU
configure:3154: checking for gcc
configure:3181: result: gcc
configure:3410: checking for C compiler version
configure:3419: gcc --version >&5
gcc (GCC) 4.8.5 20150623 (Red Hat 4.8.5-36)
Copyright (C) 2015 Free Software Foundation, Inc.
This is free software; see the source for copying conditions.  There is NO
warranty; not even for MERCHANTABILITY or FITNESS FOR A PARTICULAR PURPOSE.

configure:3430: $? = 0
configure:3419: gcc -v >&5
Using built-in specs.
COLLECT_GCC=gcc
COLLECT_LTO_WRAPPER=/usr/libexec/gcc/x86_64-redhat-linux/4.8.5/lto-wrapper
Target: x86_64-redhat-linux
Configured with: ../configure --prefix=/usr --mandir=/usr/share/man --infodir=/usr/share/info --with-bugurl=http://bugzilla.redhat.com/bugzilla --enable-bootstrap --enable-shared --enable-threads=posix --enable-checking=release --with-system-zlib --enable-__cxa_atexit --disable-libunwind-exceptions --enable-gnu-unique-object --enable-linker-build-id --with-linker-hash-style=gnu --enable-languages=c,c++,objc,obj-c++,java,fortran,ada,go,lto --enable-plugin --enable-initfini-array --disable-libgcj --with-isl=/builddir/build/BUILD/gcc-4.8.5-20150702/obj-x86_64-redhat-linux/isl-install --with-cloog=/builddir/build/BUILD/gcc-4.8.5-20150702/obj-x86_64-redhat-linux/cloog-install --enable-gnu-indirect-function --with-tune=generic --with-arch_32=x86-64 --build=x86_64-redhat-linux
Thread model: posix
gcc version 4.8.5 20150623 (Red Hat 4.8.5-36) (GCC) 
configure:3430: $? = 0
configure:3419: gcc -V >&5
gcc: error: unrecognized command line option '-V'
gcc: fatal error: no input files
compilation terminated.
configure:3430: $? = 4
configure:3419: gcc -qversion >&5
gcc: error: unrecognized command line option '-qversion'
gcc: fatal error: no input files
compilation terminated.
configure:3430: $? = 4
configure:3450: checking whether the C compiler works
configure:3472: gcc    -DNDEBUG -DNVALGRIND   -I/home/sadeghil/Encrypted_MPI/cryptMPI-mvapich2-2.3.3/src/mpl/include -I/home/sadeghil/Encrypted_MPI/cryptMPI-mvapich2-2.3.3/src/mpl/include -I/home/sadeghil/Encrypted_MPI/cryptMPI-mvapich2-2.3.3/src/openpa/src -I/home/sadeghil/Encrypted_MPI/cryptMPI-mvapich2-2.3.3/src/openpa/src  conftest.c  >&5
configure:3476: $? = 0
configure:3524: result: yes
configure:3527: checking for C compiler default output file name
configure:3529: result: a.out
configure:3535: checking for suffix of executables
configure:3542: gcc -o conftest    -DNDEBUG -DNVALGRIND   -I/home/sadeghil/Encrypted_MPI/cryptMPI-mvapich2-2.3.3/src/mpl/include -I/home/sadeghil/Encrypted_MPI/cryptMPI-mvapich2-2.3.3/src/mpl/include -I/home/sadeghil/Encrypted_MPI/cryptMPI-mvapich2-2.3.3/src/openpa/src -I/home/sadeghil/Encrypted_MPI/cryptMPI-mvapich2-2.3.3/src/openpa/src  conftest.c  >&5
configure:3546: $? = 0
configure:3568: result: 
configure:3590: checking whether we are cross compiling
configure:3598: gcc -o conftest    -DNDEBUG -DNVALGRIND   -I/home/sadeghil/Encrypted_MPI/cryptMPI-mvapich2-2.3.3/src/mpl/include -I/home/sadeghil/Encrypted_MPI/cryptMPI-mvapich2-2.3.3/src/mpl/include -I/home/sadeghil/Encrypted_MPI/cryptMPI-mvapich2-2.3.3/src/openpa/src -I/home/sadeghil/Encrypted_MPI/cryptMPI-mvapich2-2.3.3/src/openpa/src  conftest.c  >&5
configure:3602: $? = 0
configure:3609: ./conftest
configure:3613: $? = 0
configure:3628: result: no
configure:3633: checking for suffix of object files
configure:3655: gcc -c    -DNDEBUG -DNVALGRIND   -I/home/sadeghil/Encrypted_MPI/cryptMPI-mvapich2-2.3.3/src/mpl/include -I/home/sadeghil/Encrypted_MPI/cryptMPI-mvapich2-2.3.3/src/mpl/include -I/home/sadeghil/Encrypted_MPI/cryptMPI-mvapich2-2.3.3/src/openpa/src -I/home/sadeghil/Encrypted_MPI/cryptMPI-mvapich2-2.3.3/src/openpa/src conftest.c >&5
configure:3659: $? = 0
configure:3680: result: o
configure:3684: checking whether we are using the GNU C compiler
configure:3703: gcc -c    -DNDEBUG -DNVALGRIND   -I/home/sadeghil/Encrypted_MPI/cryptMPI-mvapich2-2.3.3/src/mpl/include -I/home/sadeghil/Encrypted_MPI/cryptMPI-mvapich2-2.3.3/src/mpl/include -I/home/sadeghil/Encrypted_MPI/cryptMPI-mvapich2-2.3.3/src/openpa/src -I/home/sadeghil/Encrypted_MPI/cryptMPI-mvapich2-2.3.3/src/openpa/src conftest.c >&5
configure:3703: $? = 0
configure:3712: result: yes
configure:3721: checking whether gcc accepts -g
configure:3741: gcc -c -g   -I/home/sadeghil/Encrypted_MPI/cryptMPI-mvapich2-2.3.3/src/mpl/include -I/home/sadeghil/Encrypted_MPI/cryptMPI-mvapich2-2.3.3/src/mpl/include -I/home/sadeghil/Encrypted_MPI/cryptMPI-mvapich2-2.3.3/src/openpa/src -I/home/sadeghil/Encrypted_MPI/cryptMPI-mvapich2-2.3.3/src/openpa/src conftest.c >&5
configure:3741: $? = 0
configure:3782: result: yes
configure:3799: checking for gcc option to accept ISO C89
configure:3862: gcc  -c    -DNDEBUG -DNVALGRIND   -I/home/sadeghil/Encrypted_MPI/cryptMPI-mvapich2-2.3.3/src/mpl/include -I/home/sadeghil/Encrypted_MPI/cryptMPI-mvapich2-2.3.3/src/mpl/include -I/home/sadeghil/Encrypted_MPI/cryptMPI-mvapich2-2.3.3/src/openpa/src -I/home/sadeghil/Encrypted_MPI/cryptMPI-mvapich2-2.3.3/src/openpa/src conftest.c >&5
configure:3862: $? = 0
configure:3875: result: none needed
configure:3900: checking whether gcc understands -c and -o together
configure:3922: gcc -c conftest.c -o conftest2.o
configure:3925: $? = 0
configure:3922: gcc -c conftest.c -o conftest2.o
configure:3925: $? = 0
configure:3937: result: yes
configure:3956: checking dependency style of gcc
configure:4067: result: gcc3
configure:4185: checking the archiver (ar) interface
configure:4201: gcc -c    -DNDEBUG -DNVALGRIND   -I/home/sadeghil/Encrypted_MPI/cryptMPI-mvapich2-2.3.3/src/mpl/include -I/home/sadeghil/Encrypted_MPI/cryptMPI-mvapich2-2.3.3/src/mpl/include -I/home/sadeghil/Encrypted_MPI/cryptMPI-mvapich2-2.3.3/src/openpa/src -I/home/sadeghil/Encrypted_MPI/cryptMPI-mvapich2-2.3.3/src/openpa/src conftest.c >&5
configure:4201: $? = 0
configure:4203: ar cru libconftest.a conftest.o >&5
configure:4206: $? = 0
configure:4234: result: ar
configure:4288: checking build system type
configure:4302: result: x86_64-pc-linux-gnu
configure:4322: checking host system type
configure:4335: result: x86_64-pc-linux-gnu
configure:4376: checking how to print strings
configure:4403: result: printf
configure:4424: checking for a sed that does not truncate output
configure:4488: result: /usr/bin/sed
configure:4506: checking for grep that handles long lines and -e
configure:4564: result: /usr/bin/grep
configure:4569: checking for egrep
configure:4631: result: /usr/bin/grep -E
configure:4636: checking for fgrep
configure:4698: result: /usr/bin/grep -F
configure:4733: checking for ld used by gcc
configure:4800: result: /usr/bin/ld
configure:4807: checking if the linker (/usr/bin/ld) is GNU ld
configure:4822: result: yes
configure:4834: checking for BSD- or MS-compatible name lister (nm)
configure:4888: result: /usr/bin/nm -B
configure:5018: checking the name lister (/usr/bin/nm -B) interface
configure:5025: gcc -c    -DNDEBUG -DNVALGRIND   -I/home/sadeghil/Encrypted_MPI/cryptMPI-mvapich2-2.3.3/src/mpl/include -I/home/sadeghil/Encrypted_MPI/cryptMPI-mvapich2-2.3.3/src/mpl/include -I/home/sadeghil/Encrypted_MPI/cryptMPI-mvapich2-2.3.3/src/openpa/src -I/home/sadeghil/Encrypted_MPI/cryptMPI-mvapich2-2.3.3/src/openpa/src conftest.c >&5
configure:5028: /usr/bin/nm -B "conftest.o"
configure:5031: output
0000000000000000 B some_variable
configure:5038: result: BSD nm
configure:5041: checking whether ln -s works
configure:5045: result: yes
configure:5053: checking the maximum length of command line arguments
configure:5184: result: 1572864
configure:5232: checking how to convert x86_64-pc-linux-gnu file names to x86_64-pc-linux-gnu format
configure:5272: result: func_convert_file_noop
configure:5279: checking how to convert x86_64-pc-linux-gnu file names to toolchain format
configure:5299: result: func_convert_file_noop
configure:5306: checking for /usr/bin/ld option to reload object files
configure:5313: result: -r
configure:5387: checking for objdump
configure:5403: found /usr/bin/objdump
configure:5414: result: objdump
configure:5446: checking how to recognize dependent libraries
configure:5646: result: pass_all
configure:5731: checking for dlltool
configure:5761: result: no
configure:5791: checking how to associate runtime and link libraries
configure:5818: result: printf %s\n
configure:5942: checking for archiver @FILE support
configure:5959: gcc -c    -DNDEBUG -DNVALGRIND   -I/home/sadeghil/Encrypted_MPI/cryptMPI-mvapich2-2.3.3/src/mpl/include -I/home/sadeghil/Encrypted_MPI/cryptMPI-mvapich2-2.3.3/src/mpl/include -I/home/sadeghil/Encrypted_MPI/cryptMPI-mvapich2-2.3.3/src/openpa/src -I/home/sadeghil/Encrypted_MPI/cryptMPI-mvapich2-2.3.3/src/openpa/src conftest.c >&5
configure:5959: $? = 0
configure:5962: ar cru libconftest.a @conftest.lst >&5
configure:5965: $? = 0
configure:5970: ar cru libconftest.a @conftest.lst >&5
ar: conftest.o: No such file or directory
configure:5973: $? = 1
configure:5985: result: @
configure:6043: checking for strip
configure:6059: found /usr/bin/strip
configure:6070: result: strip
configure:6142: checking for ranlib
configure:6169: result: ranlib
configure:6271: checking command to parse /usr/bin/nm -B output from gcc object
configure:6424: gcc -c    -DNDEBUG -DNVALGRIND   -I/home/sadeghil/Encrypted_MPI/cryptMPI-mvapich2-2.3.3/src/mpl/include -I/home/sadeghil/Encrypted_MPI/cryptMPI-mvapich2-2.3.3/src/mpl/include -I/home/sadeghil/Encrypted_MPI/cryptMPI-mvapich2-2.3.3/src/openpa/src -I/home/sadeghil/Encrypted_MPI/cryptMPI-mvapich2-2.3.3/src/openpa/src conftest.c >&5
configure:6427: $? = 0
configure:6431: /usr/bin/nm -B conftest.o \| sed -n -e 's/^.*[ ]\([ABCDGIRSTW][ABCDGIRSTW]*\)[ ][ ]*\([_A-Za-z][_A-Za-z0-9]*\)$/\1 \2 \2/p' | sed '/ __gnu_lto/d' \> conftest.nm
configure:6434: $? = 0
configure:6500: gcc -o conftest    -DNDEBUG -DNVALGRIND   -I/home/sadeghil/Encrypted_MPI/cryptMPI-mvapich2-2.3.3/src/mpl/include -I/home/sadeghil/Encrypted_MPI/cryptMPI-mvapich2-2.3.3/src/mpl/include -I/home/sadeghil/Encrypted_MPI/cryptMPI-mvapich2-2.3.3/src/openpa/src -I/home/sadeghil/Encrypted_MPI/cryptMPI-mvapich2-2.3.3/src/openpa/src  conftest.c conftstm.o >&5
configure:6503: $? = 0
configure:6541: result: ok
configure:6588: checking for sysroot
configure:6618: result: no
configure:6625: checking for a working dd
configure:6663: result: /usr/bin/dd
configure:6667: checking how to truncate binary pipes
configure:6682: result: /usr/bin/dd bs=4096 count=1
configure:6818: gcc -c    -DNDEBUG -DNVALGRIND   -I/home/sadeghil/Encrypted_MPI/cryptMPI-mvapich2-2.3.3/src/mpl/include -I/home/sadeghil/Encrypted_MPI/cryptMPI-mvapich2-2.3.3/src/mpl/include -I/home/sadeghil/Encrypted_MPI/cryptMPI-mvapich2-2.3.3/src/openpa/src -I/home/sadeghil/Encrypted_MPI/cryptMPI-mvapich2-2.3.3/src/openpa/src conftest.c >&5
configure:6821: $? = 0
configure:7011: checking for mt
configure:7041: result: no
configure:7061: checking if : is a manifest tool
configure:7067: : '-?'
configure:7075: result: no
configure:7752: checking how to run the C preprocessor
configure:7783: gcc -E   -I/home/sadeghil/Encrypted_MPI/cryptMPI-mvapich2-2.3.3/src/mpl/include -I/home/sadeghil/Encrypted_MPI/cryptMPI-mvapich2-2.3.3/src/mpl/include -I/home/sadeghil/Encrypted_MPI/cryptMPI-mvapich2-2.3.3/src/openpa/src -I/home/sadeghil/Encrypted_MPI/cryptMPI-mvapich2-2.3.3/src/openpa/src conftest.c
configure:7783: $? = 0
configure:7797: gcc -E   -I/home/sadeghil/Encrypted_MPI/cryptMPI-mvapich2-2.3.3/src/mpl/include -I/home/sadeghil/Encrypted_MPI/cryptMPI-mvapich2-2.3.3/src/mpl/include -I/home/sadeghil/Encrypted_MPI/cryptMPI-mvapich2-2.3.3/src/openpa/src -I/home/sadeghil/Encrypted_MPI/cryptMPI-mvapich2-2.3.3/src/openpa/src conftest.c
conftest.c:11:28: fatal error: ac_nonexistent.h: No such file or directory
 #include <ac_nonexistent.h>
                            ^
compilation terminated.
configure:7797: $? = 1
configure: failed program was:
| /* confdefs.h */
| #define PACKAGE_NAME "OpenPA"
| #define PACKAGE_TARNAME "openpa"
| #define PACKAGE_VERSION "1.0.3"
| #define PACKAGE_STRING "OpenPA 1.0.3"
| #define PACKAGE_BUGREPORT "https://trac.mcs.anl.gov/projects/openpa/newticket"
| #define PACKAGE_URL ""
| #define PACKAGE "openpa"
| #define VERSION "1.0.3"
| /* end confdefs.h.  */
| #include <ac_nonexistent.h>
configure:7822: result: gcc -E
configure:7842: gcc -E   -I/home/sadeghil/Encrypted_MPI/cryptMPI-mvapich2-2.3.3/src/mpl/include -I/home/sadeghil/Encrypted_MPI/cryptMPI-mvapich2-2.3.3/src/mpl/include -I/home/sadeghil/Encrypted_MPI/cryptMPI-mvapich2-2.3.3/src/openpa/src -I/home/sadeghil/Encrypted_MPI/cryptMPI-mvapich2-2.3.3/src/openpa/src conftest.c
configure:7842: $? = 0
configure:7856: gcc -E   -I/home/sadeghil/Encrypted_MPI/cryptMPI-mvapich2-2.3.3/src/mpl/include -I/home/sadeghil/Encrypted_MPI/cryptMPI-mvapich2-2.3.3/src/mpl/include -I/home/sadeghil/Encrypted_MPI/cryptMPI-mvapich2-2.3.3/src/openpa/src -I/home/sadeghil/Encrypted_MPI/cryptMPI-mvapich2-2.3.3/src/openpa/src conftest.c
conftest.c:11:28: fatal error: ac_nonexistent.h: No such file or directory
 #include <ac_nonexistent.h>
                            ^
compilation terminated.
configure:7856: $? = 1
configure: failed program was:
| /* confdefs.h */
| #define PACKAGE_NAME "OpenPA"
| #define PACKAGE_TARNAME "openpa"
| #define PACKAGE_VERSION "1.0.3"
| #define PACKAGE_STRING "OpenPA 1.0.3"
| #define PACKAGE_BUGREPORT "https://trac.mcs.anl.gov/projects/openpa/newticket"
| #define PACKAGE_URL ""
| #define PACKAGE "openpa"
| #define VERSION "1.0.3"
| /* end confdefs.h.  */
| #include <ac_nonexistent.h>
configure:7885: checking for ANSI C header files
configure:7905: gcc -c    -DNDEBUG -DNVALGRIND   -I/home/sadeghil/Encrypted_MPI/cryptMPI-mvapich2-2.3.3/src/mpl/include -I/home/sadeghil/Encrypted_MPI/cryptMPI-mvapich2-2.3.3/src/mpl/include -I/home/sadeghil/Encrypted_MPI/cryptMPI-mvapich2-2.3.3/src/openpa/src -I/home/sadeghil/Encrypted_MPI/cryptMPI-mvapich2-2.3.3/src/openpa/src conftest.c >&5
configure:7905: $? = 0
configure:7978: gcc -o conftest    -DNDEBUG -DNVALGRIND   -I/home/sadeghil/Encrypted_MPI/cryptMPI-mvapich2-2.3.3/src/mpl/include -I/home/sadeghil/Encrypted_MPI/cryptMPI-mvapich2-2.3.3/src/mpl/include -I/home/sadeghil/Encrypted_MPI/cryptMPI-mvapich2-2.3.3/src/openpa/src -I/home/sadeghil/Encrypted_MPI/cryptMPI-mvapich2-2.3.3/src/openpa/src  conftest.c  >&5
configure:7978: $? = 0
configure:7978: ./conftest
configure:7978: $? = 0
configure:7989: result: yes
configure:8002: checking for sys/types.h
configure:8002: gcc -c    -DNDEBUG -DNVALGRIND   -I/home/sadeghil/Encrypted_MPI/cryptMPI-mvapich2-2.3.3/src/mpl/include -I/home/sadeghil/Encrypted_MPI/cryptMPI-mvapich2-2.3.3/src/mpl/include -I/home/sadeghil/Encrypted_MPI/cryptMPI-mvapich2-2.3.3/src/openpa/src -I/home/sadeghil/Encrypted_MPI/cryptMPI-mvapich2-2.3.3/src/openpa/src conftest.c >&5
configure:8002: $? = 0
configure:8002: result: yes
configure:8002: checking for sys/stat.h
configure:8002: gcc -c    -DNDEBUG -DNVALGRIND   -I/home/sadeghil/Encrypted_MPI/cryptMPI-mvapich2-2.3.3/src/mpl/include -I/home/sadeghil/Encrypted_MPI/cryptMPI-mvapich2-2.3.3/src/mpl/include -I/home/sadeghil/Encrypted_MPI/cryptMPI-mvapich2-2.3.3/src/openpa/src -I/home/sadeghil/Encrypted_MPI/cryptMPI-mvapich2-2.3.3/src/openpa/src conftest.c >&5
configure:8002: $? = 0
configure:8002: result: yes
configure:8002: checking for stdlib.h
configure:8002: gcc -c    -DNDEBUG -DNVALGRIND   -I/home/sadeghil/Encrypted_MPI/cryptMPI-mvapich2-2.3.3/src/mpl/include -I/home/sadeghil/Encrypted_MPI/cryptMPI-mvapich2-2.3.3/src/mpl/include -I/home/sadeghil/Encrypted_MPI/cryptMPI-mvapich2-2.3.3/src/openpa/src -I/home/sadeghil/Encrypted_MPI/cryptMPI-mvapich2-2.3.3/src/openpa/src conftest.c >&5
configure:8002: $? = 0
configure:8002: result: yes
configure:8002: checking for string.h
configure:8002: gcc -c    -DNDEBUG -DNVALGRIND   -I/home/sadeghil/Encrypted_MPI/cryptMPI-mvapich2-2.3.3/src/mpl/include -I/home/sadeghil/Encrypted_MPI/cryptMPI-mvapich2-2.3.3/src/mpl/include -I/home/sadeghil/Encrypted_MPI/cryptMPI-mvapich2-2.3.3/src/openpa/src -I/home/sadeghil/Encrypted_MPI/cryptMPI-mvapich2-2.3.3/src/openpa/src conftest.c >&5
configure:8002: $? = 0
configure:8002: result: yes
configure:8002: checking for memory.h
configure:8002: gcc -c    -DNDEBUG -DNVALGRIND   -I/home/sadeghil/Encrypted_MPI/cryptMPI-mvapich2-2.3.3/src/mpl/include -I/home/sadeghil/Encrypted_MPI/cryptMPI-mvapich2-2.3.3/src/mpl/include -I/home/sadeghil/Encrypted_MPI/cryptMPI-mvapich2-2.3.3/src/openpa/src -I/home/sadeghil/Encrypted_MPI/cryptMPI-mvapich2-2.3.3/src/openpa/src conftest.c >&5
configure:8002: $? = 0
configure:8002: result: yes
configure:8002: checking for strings.h
configure:8002: gcc -c    -DNDEBUG -DNVALGRIND   -I/home/sadeghil/Encrypted_MPI/cryptMPI-mvapich2-2.3.3/src/mpl/include -I/home/sadeghil/Encrypted_MPI/cryptMPI-mvapich2-2.3.3/src/mpl/include -I/home/sadeghil/Encrypted_MPI/cryptMPI-mvapich2-2.3.3/src/openpa/src -I/home/sadeghil/Encrypted_MPI/cryptMPI-mvapich2-2.3.3/src/openpa/src conftest.c >&5
configure:8002: $? = 0
configure:8002: result: yes
configure:8002: checking for inttypes.h
configure:8002: gcc -c    -DNDEBUG -DNVALGRIND   -I/home/sadeghil/Encrypted_MPI/cryptMPI-mvapich2-2.3.3/src/mpl/include -I/home/sadeghil/Encrypted_MPI/cryptMPI-mvapich2-2.3.3/src/mpl/include -I/home/sadeghil/Encrypted_MPI/cryptMPI-mvapich2-2.3.3/src/openpa/src -I/home/sadeghil/Encrypted_MPI/cryptMPI-mvapich2-2.3.3/src/openpa/src conftest.c >&5
configure:8002: $? = 0
configure:8002: result: yes
configure:8002: checking for stdint.h
configure:8002: gcc -c    -DNDEBUG -DNVALGRIND   -I/home/sadeghil/Encrypted_MPI/cryptMPI-mvapich2-2.3.3/src/mpl/include -I/home/sadeghil/Encrypted_MPI/cryptMPI-mvapich2-2.3.3/src/mpl/include -I/home/sadeghil/Encrypted_MPI/cryptMPI-mvapich2-2.3.3/src/openpa/src -I/home/sadeghil/Encrypted_MPI/cryptMPI-mvapich2-2.3.3/src/openpa/src conftest.c >&5
configure:8002: $? = 0
configure:8002: result: yes
configure:8002: checking for unistd.h
configure:8002: gcc -c    -DNDEBUG -DNVALGRIND   -I/home/sadeghil/Encrypted_MPI/cryptMPI-mvapich2-2.3.3/src/mpl/include -I/home/sadeghil/Encrypted_MPI/cryptMPI-mvapich2-2.3.3/src/mpl/include -I/home/sadeghil/Encrypted_MPI/cryptMPI-mvapich2-2.3.3/src/openpa/src -I/home/sadeghil/Encrypted_MPI/cryptMPI-mvapich2-2.3.3/src/openpa/src conftest.c >&5
configure:8002: $? = 0
configure:8002: result: yes
configure:8016: checking for dlfcn.h
configure:8016: gcc -c    -DNDEBUG -DNVALGRIND   -I/home/sadeghil/Encrypted_MPI/cryptMPI-mvapich2-2.3.3/src/mpl/include -I/home/sadeghil/Encrypted_MPI/cryptMPI-mvapich2-2.3.3/src/mpl/include -I/home/sadeghil/Encrypted_MPI/cryptMPI-mvapich2-2.3.3/src/openpa/src -I/home/sadeghil/Encrypted_MPI/cryptMPI-mvapich2-2.3.3/src/openpa/src conftest.c >&5
configure:8016: $? = 0
configure:8016: result: yes
configure:8272: checking for objdir
configure:8287: result: .libs
configure:8551: checking if gcc supports -fno-rtti -fno-exceptions
configure:8569: gcc -c    -DNDEBUG -DNVALGRIND   -I/home/sadeghil/Encrypted_MPI/cryptMPI-mvapich2-2.3.3/src/mpl/include -I/home/sadeghil/Encrypted_MPI/cryptMPI-mvapich2-2.3.3/src/mpl/include -I/home/sadeghil/Encrypted_MPI/cryptMPI-mvapich2-2.3.3/src/openpa/src -I/home/sadeghil/Encrypted_MPI/cryptMPI-mvapich2-2.3.3/src/openpa/src -fno-rtti -fno-exceptions conftest.c >&5
cc1: warning: command line option '-fno-rtti' is valid for C++/ObjC++ but not for C [enabled by default]
configure:8573: $? = 0
configure:8586: result: no
configure:8944: checking for gcc option to produce PIC
configure:8951: result: -fPIC -DPIC
configure:8959: checking if gcc PIC flag -fPIC -DPIC works
configure:8977: gcc -c    -DNDEBUG -DNVALGRIND   -I/home/sadeghil/Encrypted_MPI/cryptMPI-mvapich2-2.3.3/src/mpl/include -I/home/sadeghil/Encrypted_MPI/cryptMPI-mvapich2-2.3.3/src/mpl/include -I/home/sadeghil/Encrypted_MPI/cryptMPI-mvapich2-2.3.3/src/openpa/src -I/home/sadeghil/Encrypted_MPI/cryptMPI-mvapich2-2.3.3/src/openpa/src -fPIC -DPIC -DPIC conftest.c >&5
configure:8981: $? = 0
configure:8994: result: yes
configure:9023: checking if gcc static flag -static works
configure:9051: result: no
configure:9066: checking if gcc supports -c -o file.o
configure:9087: gcc -c    -DNDEBUG -DNVALGRIND   -I/home/sadeghil/Encrypted_MPI/cryptMPI-mvapich2-2.3.3/src/mpl/include -I/home/sadeghil/Encrypted_MPI/cryptMPI-mvapich2-2.3.3/src/mpl/include -I/home/sadeghil/Encrypted_MPI/cryptMPI-mvapich2-2.3.3/src/openpa/src -I/home/sadeghil/Encrypted_MPI/cryptMPI-mvapich2-2.3.3/src/openpa/src -o out/conftest2.o conftest.c >&5
configure:9091: $? = 0
configure:9113: result: yes
configure:9121: checking if gcc supports -c -o file.o
configure:9168: result: yes
configure:9201: checking whether the gcc linker (/usr/bin/ld -m elf_x86_64) supports shared libraries
configure:10460: result: yes
configure:10497: checking whether -lc should be explicitly linked in
configure:10505: gcc -c    -DNDEBUG -DNVALGRIND   -I/home/sadeghil/Encrypted_MPI/cryptMPI-mvapich2-2.3.3/src/mpl/include -I/home/sadeghil/Encrypted_MPI/cryptMPI-mvapich2-2.3.3/src/mpl/include -I/home/sadeghil/Encrypted_MPI/cryptMPI-mvapich2-2.3.3/src/openpa/src -I/home/sadeghil/Encrypted_MPI/cryptMPI-mvapich2-2.3.3/src/openpa/src conftest.c >&5
configure:10508: $? = 0
configure:10523: gcc -shared  -fPIC -DPIC conftest.o  -v -Wl,-soname -Wl,conftest -o conftest 2\>\&1 \| /usr/bin/grep  -lc  \>/dev/null 2\>\&1
configure:10526: $? = 0
configure:10540: result: no
configure:10700: checking dynamic linker characteristics
configure:11281: gcc -o conftest    -DNDEBUG -DNVALGRIND   -I/home/sadeghil/Encrypted_MPI/cryptMPI-mvapich2-2.3.3/src/mpl/include -I/home/sadeghil/Encrypted_MPI/cryptMPI-mvapich2-2.3.3/src/mpl/include -I/home/sadeghil/Encrypted_MPI/cryptMPI-mvapich2-2.3.3/src/openpa/src -I/home/sadeghil/Encrypted_MPI/cryptMPI-mvapich2-2.3.3/src/openpa/src  -Wl,-rpath -Wl,/foo conftest.c  >&5
configure:11281: $? = 0
configure:11518: result: GNU/Linux ld.so
configure:11640: checking how to hardcode library paths into programs
configure:11665: result: immediate
configure:12213: checking whether stripping libraries is possible
configure:12218: result: yes
configure:12253: checking if libtool supports shared libraries
configure:12255: result: yes
configure:12258: checking whether to build shared libraries
configure:12283: result: yes
configure:12286: checking whether to build static libraries
configure:12290: result: yes
configure:12369: checking whether make supports nested variables
configure:12386: result: yes
configure:12455: checking for gcc
configure:12482: result: gcc
configure:12711: checking for C compiler version
configure:12720: gcc --version >&5
gcc (GCC) 4.8.5 20150623 (Red Hat 4.8.5-36)
Copyright (C) 2015 Free Software Foundation, Inc.
This is free software; see the source for copying conditions.  There is NO
warranty; not even for MERCHANTABILITY or FITNESS FOR A PARTICULAR PURPOSE.

configure:12731: $? = 0
configure:12720: gcc -v >&5
Using built-in specs.
COLLECT_GCC=gcc
COLLECT_LTO_WRAPPER=/usr/libexec/gcc/x86_64-redhat-linux/4.8.5/lto-wrapper
Target: x86_64-redhat-linux
Configured with: ../configure --prefix=/usr --mandir=/usr/share/man --infodir=/usr/share/info --with-bugurl=http://bugzilla.redhat.com/bugzilla --enable-bootstrap --enable-shared --enable-threads=posix --enable-checking=release --with-system-zlib --enable-__cxa_atexit --disable-libunwind-exceptions --enable-gnu-unique-object --enable-linker-build-id --with-linker-hash-style=gnu --enable-languages=c,c++,objc,obj-c++,java,fortran,ada,go,lto --enable-plugin --enable-initfini-array --disable-libgcj --with-isl=/builddir/build/BUILD/gcc-4.8.5-20150702/obj-x86_64-redhat-linux/isl-install --with-cloog=/builddir/build/BUILD/gcc-4.8.5-20150702/obj-x86_64-redhat-linux/cloog-install --enable-gnu-indirect-function --with-tune=generic --with-arch_32=x86-64 --build=x86_64-redhat-linux
Thread model: posix
gcc version 4.8.5 20150623 (Red Hat 4.8.5-36) (GCC) 
configure:12731: $? = 0
configure:12720: gcc -V >&5
gcc: error: unrecognized command line option '-V'
gcc: fatal error: no input files
compilation terminated.
configure:12731: $? = 4
configure:12720: gcc -qversion >&5
gcc: error: unrecognized command line option '-qversion'
gcc: fatal error: no input files
compilation terminated.
configure:12731: $? = 4
configure:12735: checking whether we are using the GNU C compiler
configure:12763: result: yes
configure:12772: checking whether gcc accepts -g
configure:12833: result: yes
configure:12850: checking for gcc option to accept ISO C89
configure:12926: result: none needed
configure:12951: checking whether gcc understands -c and -o together
configure:12988: result: yes
configure:13007: checking dependency style of gcc
configure:13118: result: gcc3
configure:13136: checking whether to enable assertions
configure:13154: result: yes
configure:13161: checking pthread.h usability
configure:13161: gcc -c    -DNDEBUG -DNVALGRIND   -I/home/sadeghil/Encrypted_MPI/cryptMPI-mvapich2-2.3.3/src/mpl/include -I/home/sadeghil/Encrypted_MPI/cryptMPI-mvapich2-2.3.3/src/mpl/include -I/home/sadeghil/Encrypted_MPI/cryptMPI-mvapich2-2.3.3/src/openpa/src -I/home/sadeghil/Encrypted_MPI/cryptMPI-mvapich2-2.3.3/src/openpa/src conftest.c >&5
configure:13161: $? = 0
configure:13161: result: yes
configure:13161: checking pthread.h presence
configure:13161: gcc -E   -I/home/sadeghil/Encrypted_MPI/cryptMPI-mvapich2-2.3.3/src/mpl/include -I/home/sadeghil/Encrypted_MPI/cryptMPI-mvapich2-2.3.3/src/mpl/include -I/home/sadeghil/Encrypted_MPI/cryptMPI-mvapich2-2.3.3/src/openpa/src -I/home/sadeghil/Encrypted_MPI/cryptMPI-mvapich2-2.3.3/src/openpa/src conftest.c
configure:13161: $? = 0
configure:13161: result: yes
configure:13161: checking for pthread.h
configure:13161: result: yes
configure:13161: checking atomic.h usability
configure:13161: gcc -c    -DNDEBUG -DNVALGRIND   -I/home/sadeghil/Encrypted_MPI/cryptMPI-mvapich2-2.3.3/src/mpl/include -I/home/sadeghil/Encrypted_MPI/cryptMPI-mvapich2-2.3.3/src/mpl/include -I/home/sadeghil/Encrypted_MPI/cryptMPI-mvapich2-2.3.3/src/openpa/src -I/home/sadeghil/Encrypted_MPI/cryptMPI-mvapich2-2.3.3/src/openpa/src conftest.c >&5
conftest.c:57:20: fatal error: atomic.h: No such file or directory
 #include <atomic.h>
                    ^
compilation terminated.
configure:13161: $? = 1
configure: failed program was:
| /* confdefs.h */
| #define PACKAGE_NAME "OpenPA"
| #define PACKAGE_TARNAME "openpa"
| #define PACKAGE_VERSION "1.0.3"
| #define PACKAGE_STRING "OpenPA 1.0.3"
| #define PACKAGE_BUGREPORT "https://trac.mcs.anl.gov/projects/openpa/newticket"
| #define PACKAGE_URL ""
| #define PACKAGE "openpa"
| #define VERSION "1.0.3"
| #define STDC_HEADERS 1
| #define HAVE_SYS_TYPES_H 1
| #define HAVE_SYS_STAT_H 1
| #define HAVE_STDLIB_H 1
| #define HAVE_STRING_H 1
| #define HAVE_MEMORY_H 1
| #define HAVE_STRINGS_H 1
| #define HAVE_INTTYPES_H 1
| #define HAVE_STDINT_H 1
| #define HAVE_UNISTD_H 1
| #define HAVE_DLFCN_H 1
| #define LT_OBJDIR ".libs/"
| #define HAVE_PTHREAD_H 1
| /* end confdefs.h.  */
| #include <stdio.h>
| #ifdef HAVE_SYS_TYPES_H
| # include <sys/types.h>
| #endif
| #ifdef HAVE_SYS_STAT_H
| # include <sys/stat.h>
| #endif
| #ifdef STDC_HEADERS
| # include <stdlib.h>
| # include <stddef.h>
| #else
| # ifdef HAVE_STDLIB_H
| #  include <stdlib.h>
| # endif
| #endif
| #ifdef HAVE_STRING_H
| # if !defined STDC_HEADERS && defined HAVE_MEMORY_H
| #  include <memory.h>
| # endif
| # include <string.h>
| #endif
| #ifdef HAVE_STRINGS_H
| # include <strings.h>
| #endif
| #ifdef HAVE_INTTYPES_H
| # include <inttypes.h>
| #endif
| #ifdef HAVE_STDINT_H
| # include <stdint.h>
| #endif
| #ifdef HAVE_UNISTD_H
| # include <unistd.h>
| #endif
| #include <atomic.h>
configure:13161: result: no
configure:13161: checking atomic.h presence
configure:13161: gcc -E   -I/home/sadeghil/Encrypted_MPI/cryptMPI-mvapich2-2.3.3/src/mpl/include -I/home/sadeghil/Encrypted_MPI/cryptMPI-mvapich2-2.3.3/src/mpl/include -I/home/sadeghil/Encrypted_MPI/cryptMPI-mvapich2-2.3.3/src/openpa/src -I/home/sadeghil/Encrypted_MPI/cryptMPI-mvapich2-2.3.3/src/openpa/src conftest.c
conftest.c:24:20: fatal error: atomic.h: No such file or directory
 #include <atomic.h>
                    ^
compilation terminated.
configure:13161: $? = 1
configure: failed program was:
| /* confdefs.h */
| #define PACKAGE_NAME "OpenPA"
| #define PACKAGE_TARNAME "openpa"
| #define PACKAGE_VERSION "1.0.3"
| #define PACKAGE_STRING "OpenPA 1.0.3"
| #define PACKAGE_BUGREPORT "https://trac.mcs.anl.gov/projects/openpa/newticket"
| #define PACKAGE_URL ""
| #define PACKAGE "openpa"
| #define VERSION "1.0.3"
| #define STDC_HEADERS 1
| #define HAVE_SYS_TYPES_H 1
| #define HAVE_SYS_STAT_H 1
| #define HAVE_STDLIB_H 1
| #define HAVE_STRING_H 1
| #define HAVE_MEMORY_H 1
| #define HAVE_STRINGS_H 1
| #define HAVE_INTTYPES_H 1
| #define HAVE_STDINT_H 1
| #define HAVE_UNISTD_H 1
| #define HAVE_DLFCN_H 1
| #define LT_OBJDIR ".libs/"
| #define HAVE_PTHREAD_H 1
| /* end confdefs.h.  */
| #include <atomic.h>
configure:13161: result: no
configure:13161: checking for atomic.h
configure:13161: result: no
configure:13161: checking intrin.h usability
configure:13161: gcc -c    -DNDEBUG -DNVALGRIND   -I/home/sadeghil/Encrypted_MPI/cryptMPI-mvapich2-2.3.3/src/mpl/include -I/home/sadeghil/Encrypted_MPI/cryptMPI-mvapich2-2.3.3/src/mpl/include -I/home/sadeghil/Encrypted_MPI/cryptMPI-mvapich2-2.3.3/src/openpa/src -I/home/sadeghil/Encrypted_MPI/cryptMPI-mvapich2-2.3.3/src/openpa/src conftest.c >&5
conftest.c:57:20: fatal error: intrin.h: No such file or directory
 #include <intrin.h>
                    ^
compilation terminated.
configure:13161: $? = 1
configure: failed program was:
| /* confdefs.h */
| #define PACKAGE_NAME "OpenPA"
| #define PACKAGE_TARNAME "openpa"
| #define PACKAGE_VERSION "1.0.3"
| #define PACKAGE_STRING "OpenPA 1.0.3"
| #define PACKAGE_BUGREPORT "https://trac.mcs.anl.gov/projects/openpa/newticket"
| #define PACKAGE_URL ""
| #define PACKAGE "openpa"
| #define VERSION "1.0.3"
| #define STDC_HEADERS 1
| #define HAVE_SYS_TYPES_H 1
| #define HAVE_SYS_STAT_H 1
| #define HAVE_STDLIB_H 1
| #define HAVE_STRING_H 1
| #define HAVE_MEMORY_H 1
| #define HAVE_STRINGS_H 1
| #define HAVE_INTTYPES_H 1
| #define HAVE_STDINT_H 1
| #define HAVE_UNISTD_H 1
| #define HAVE_DLFCN_H 1
| #define LT_OBJDIR ".libs/"
| #define HAVE_PTHREAD_H 1
| /* end confdefs.h.  */
| #include <stdio.h>
| #ifdef HAVE_SYS_TYPES_H
| # include <sys/types.h>
| #endif
| #ifdef HAVE_SYS_STAT_H
| # include <sys/stat.h>
| #endif
| #ifdef STDC_HEADERS
| # include <stdlib.h>
| # include <stddef.h>
| #else
| # ifdef HAVE_STDLIB_H
| #  include <stdlib.h>
| # endif
| #endif
| #ifdef HAVE_STRING_H
| # if !defined STDC_HEADERS && defined HAVE_MEMORY_H
| #  include <memory.h>
| # endif
| # include <string.h>
| #endif
| #ifdef HAVE_STRINGS_H
| # include <strings.h>
| #endif
| #ifdef HAVE_INTTYPES_H
| # include <inttypes.h>
| #endif
| #ifdef HAVE_STDINT_H
| # include <stdint.h>
| #endif
| #ifdef HAVE_UNISTD_H
| # include <unistd.h>
| #endif
| #include <intrin.h>
configure:13161: result: no
configure:13161: checking intrin.h presence
configure:13161: gcc -E   -I/home/sadeghil/Encrypted_MPI/cryptMPI-mvapich2-2.3.3/src/mpl/include -I/home/sadeghil/Encrypted_MPI/cryptMPI-mvapich2-2.3.3/src/mpl/include -I/home/sadeghil/Encrypted_MPI/cryptMPI-mvapich2-2.3.3/src/openpa/src -I/home/sadeghil/Encrypted_MPI/cryptMPI-mvapich2-2.3.3/src/openpa/src conftest.c
conftest.c:24:20: fatal error: intrin.h: No such file or directory
 #include <intrin.h>
                    ^
compilation terminated.
configure:13161: $? = 1
configure: failed program was:
| /* confdefs.h */
| #define PACKAGE_NAME "OpenPA"
| #define PACKAGE_TARNAME "openpa"
| #define PACKAGE_VERSION "1.0.3"
| #define PACKAGE_STRING "OpenPA 1.0.3"
| #define PACKAGE_BUGREPORT "https://trac.mcs.anl.gov/projects/openpa/newticket"
| #define PACKAGE_URL ""
| #define PACKAGE "openpa"
| #define VERSION "1.0.3"
| #define STDC_HEADERS 1
| #define HAVE_SYS_TYPES_H 1
| #define HAVE_SYS_STAT_H 1
| #define HAVE_STDLIB_H 1
| #define HAVE_STRING_H 1
| #define HAVE_MEMORY_H 1
| #define HAVE_STRINGS_H 1
| #define HAVE_INTTYPES_H 1
| #define HAVE_STDINT_H 1
| #define HAVE_UNISTD_H 1
| #define HAVE_DLFCN_H 1
| #define LT_OBJDIR ".libs/"
| #define HAVE_PTHREAD_H 1
| /* end confdefs.h.  */
| #include <intrin.h>
configure:13161: result: no
configure:13161: checking for intrin.h
configure:13161: result: no
configure:13161: checking for inttypes.h
configure:13161: result: yes
configure:13161: checking for stdint.h
configure:13161: result: yes
configure:13161: checking stddef.h usability
configure:13161: gcc -c    -DNDEBUG -DNVALGRIND   -I/home/sadeghil/Encrypted_MPI/cryptMPI-mvapich2-2.3.3/src/mpl/include -I/home/sadeghil/Encrypted_MPI/cryptMPI-mvapich2-2.3.3/src/mpl/include -I/home/sadeghil/Encrypted_MPI/cryptMPI-mvapich2-2.3.3/src/openpa/src -I/home/sadeghil/Encrypted_MPI/cryptMPI-mvapich2-2.3.3/src/openpa/src conftest.c >&5
configure:13161: $? = 0
configure:13161: result: yes
configure:13161: checking stddef.h presence
configure:13161: gcc -E   -I/home/sadeghil/Encrypted_MPI/cryptMPI-mvapich2-2.3.3/src/mpl/include -I/home/sadeghil/Encrypted_MPI/cryptMPI-mvapich2-2.3.3/src/mpl/include -I/home/sadeghil/Encrypted_MPI/cryptMPI-mvapich2-2.3.3/src/openpa/src -I/home/sadeghil/Encrypted_MPI/cryptMPI-mvapich2-2.3.3/src/openpa/src conftest.c
configure:13161: $? = 0
configure:13161: result: yes
configure:13161: checking for stddef.h
configure:13161: result: yes
configure:13172: checking for C/C++ restrict keyword
configure:13197: gcc -c    -DNDEBUG -DNVALGRIND   -I/home/sadeghil/Encrypted_MPI/cryptMPI-mvapich2-2.3.3/src/mpl/include -I/home/sadeghil/Encrypted_MPI/cryptMPI-mvapich2-2.3.3/src/mpl/include -I/home/sadeghil/Encrypted_MPI/cryptMPI-mvapich2-2.3.3/src/openpa/src -I/home/sadeghil/Encrypted_MPI/cryptMPI-mvapich2-2.3.3/src/openpa/src conftest.c >&5
configure:13197: $? = 0
configure:13205: result: __restrict
configure:13218: checking for inline
configure:13234: gcc -c    -DNDEBUG -DNVALGRIND   -I/home/sadeghil/Encrypted_MPI/cryptMPI-mvapich2-2.3.3/src/mpl/include -I/home/sadeghil/Encrypted_MPI/cryptMPI-mvapich2-2.3.3/src/mpl/include -I/home/sadeghil/Encrypted_MPI/cryptMPI-mvapich2-2.3.3/src/openpa/src -I/home/sadeghil/Encrypted_MPI/cryptMPI-mvapich2-2.3.3/src/openpa/src conftest.c >&5
configure:13234: $? = 0
configure:13242: result: inline
configure:13263: checking for an ANSI C-conforming const
configure:13329: gcc -c    -DNDEBUG -DNVALGRIND   -I/home/sadeghil/Encrypted_MPI/cryptMPI-mvapich2-2.3.3/src/mpl/include -I/home/sadeghil/Encrypted_MPI/cryptMPI-mvapich2-2.3.3/src/mpl/include -I/home/sadeghil/Encrypted_MPI/cryptMPI-mvapich2-2.3.3/src/openpa/src -I/home/sadeghil/Encrypted_MPI/cryptMPI-mvapich2-2.3.3/src/openpa/src conftest.c >&5
configure:13329: $? = 0
configure:13336: result: yes
configure:13345: checking for pthread_create in -lpthread
configure:13370: gcc -o conftest    -DNDEBUG -DNVALGRIND   -I/home/sadeghil/Encrypted_MPI/cryptMPI-mvapich2-2.3.3/src/mpl/include -I/home/sadeghil/Encrypted_MPI/cryptMPI-mvapich2-2.3.3/src/mpl/include -I/home/sadeghil/Encrypted_MPI/cryptMPI-mvapich2-2.3.3/src/openpa/src -I/home/sadeghil/Encrypted_MPI/cryptMPI-mvapich2-2.3.3/src/openpa/src  conftest.c -lpthread   >&5
configure:13370: $? = 0
configure:13379: result: yes
configure:13393: checking for pthread_yield
configure:13393: gcc -o conftest    -DNDEBUG -DNVALGRIND   -I/home/sadeghil/Encrypted_MPI/cryptMPI-mvapich2-2.3.3/src/mpl/include -I/home/sadeghil/Encrypted_MPI/cryptMPI-mvapich2-2.3.3/src/mpl/include -I/home/sadeghil/Encrypted_MPI/cryptMPI-mvapich2-2.3.3/src/openpa/src -I/home/sadeghil/Encrypted_MPI/cryptMPI-mvapich2-2.3.3/src/openpa/src  conftest.c -lpthread  >&5
configure:13393: $? = 0
configure:13393: result: yes
configure:13423: checking if 100 threads can be run at once
configure:13461: gcc -o conftest    -DNDEBUG -DNVALGRIND   -I/home/sadeghil/Encrypted_MPI/cryptMPI-mvapich2-2.3.3/src/mpl/include -I/home/sadeghil/Encrypted_MPI/cryptMPI-mvapich2-2.3.3/src/mpl/include -I/home/sadeghil/Encrypted_MPI/cryptMPI-mvapich2-2.3.3/src/openpa/src -I/home/sadeghil/Encrypted_MPI/cryptMPI-mvapich2-2.3.3/src/openpa/src  conftest.c -lpthread  >&5
configure:13461: $? = 0
configure:13461: ./conftest
configure:13461: $? = 0
configure:13462: result: yes
configure:13536: checking size of void *
configure:13541: gcc -o conftest    -DNDEBUG -DNVALGRIND   -I/home/sadeghil/Encrypted_MPI/cryptMPI-mvapich2-2.3.3/src/mpl/include -I/home/sadeghil/Encrypted_MPI/cryptMPI-mvapich2-2.3.3/src/mpl/include -I/home/sadeghil/Encrypted_MPI/cryptMPI-mvapich2-2.3.3/src/openpa/src -I/home/sadeghil/Encrypted_MPI/cryptMPI-mvapich2-2.3.3/src/openpa/src  conftest.c -lpthread  >&5
configure:13541: $? = 0
configure:13541: ./conftest
configure:13541: $? = 0
configure:13555: result: 8
configure:13569: checking size of int
configure:13574: gcc -o conftest    -DNDEBUG -DNVALGRIND   -I/home/sadeghil/Encrypted_MPI/cryptMPI-mvapich2-2.3.3/src/mpl/include -I/home/sadeghil/Encrypted_MPI/cryptMPI-mvapich2-2.3.3/src/mpl/include -I/home/sadeghil/Encrypted_MPI/cryptMPI-mvapich2-2.3.3/src/openpa/src -I/home/sadeghil/Encrypted_MPI/cryptMPI-mvapich2-2.3.3/src/openpa/src  conftest.c -lpthread  >&5
configure:13574: $? = 0
configure:13574: ./conftest
configure:13574: $? = 0
configure:13588: result: 4
configure:13600: checking whether __attribute__ allowed
configure:13617: gcc -c    -DNDEBUG -DNVALGRIND   -I/home/sadeghil/Encrypted_MPI/cryptMPI-mvapich2-2.3.3/src/mpl/include -I/home/sadeghil/Encrypted_MPI/cryptMPI-mvapich2-2.3.3/src/mpl/include -I/home/sadeghil/Encrypted_MPI/cryptMPI-mvapich2-2.3.3/src/openpa/src -I/home/sadeghil/Encrypted_MPI/cryptMPI-mvapich2-2.3.3/src/openpa/src conftest.c >&5
configure:13617: $? = 0
configure:13624: result: yes
configure:13626: checking whether __attribute__((format)) allowed
configure:13643: gcc -c    -DNDEBUG -DNVALGRIND   -I/home/sadeghil/Encrypted_MPI/cryptMPI-mvapich2-2.3.3/src/mpl/include -I/home/sadeghil/Encrypted_MPI/cryptMPI-mvapich2-2.3.3/src/mpl/include -I/home/sadeghil/Encrypted_MPI/cryptMPI-mvapich2-2.3.3/src/openpa/src -I/home/sadeghil/Encrypted_MPI/cryptMPI-mvapich2-2.3.3/src/openpa/src conftest.c >&5
configure:13643: $? = 0
configure:13650: result: yes
configure:13659: checking if compiler rejects bogus asm statements
configure:13674: gcc -o conftest    -DNDEBUG -DNVALGRIND   -I/home/sadeghil/Encrypted_MPI/cryptMPI-mvapich2-2.3.3/src/mpl/include -I/home/sadeghil/Encrypted_MPI/cryptMPI-mvapich2-2.3.3/src/mpl/include -I/home/sadeghil/Encrypted_MPI/cryptMPI-mvapich2-2.3.3/src/openpa/src -I/home/sadeghil/Encrypted_MPI/cryptMPI-mvapich2-2.3.3/src/openpa/src  conftest.c -lpthread  >&5
conftest.c: Assembler messages:
conftest.c:39: Error: no such instruction: `illegal_asm_stmt'
configure:13674: $? = 1
configure: failed program was:
| /* confdefs.h */
| #define PACKAGE_NAME "OpenPA"
| #define PACKAGE_TARNAME "openpa"
| #define PACKAGE_VERSION "1.0.3"
| #define PACKAGE_STRING "OpenPA 1.0.3"
| #define PACKAGE_BUGREPORT "https://trac.mcs.anl.gov/projects/openpa/newticket"
| #define PACKAGE_URL ""
| #define PACKAGE "openpa"
| #define VERSION "1.0.3"
| #define STDC_HEADERS 1
| #define HAVE_SYS_TYPES_H 1
| #define HAVE_SYS_STAT_H 1
| #define HAVE_STDLIB_H 1
| #define HAVE_STRING_H 1
| #define HAVE_MEMORY_H 1
| #define HAVE_STRINGS_H 1
| #define HAVE_INTTYPES_H 1
| #define HAVE_STDINT_H 1
| #define HAVE_UNISTD_H 1
| #define HAVE_DLFCN_H 1
| #define LT_OBJDIR ".libs/"
| #define HAVE_PTHREAD_H 1
| #define HAVE_INTTYPES_H 1
| #define HAVE_STDINT_H 1
| #define HAVE_STDDEF_H 1
| #define restrict __restrict
| #define HAVE_LIBPTHREAD 1
| #define HAVE_PTHREAD_YIELD 1
| #define MAX_NTHREADS 100
| #define SIZEOF_VOID_P 8
| #define SIZEOF_INT 4
| #define HAVE_GCC_ATTRIBUTE 1
| /* end confdefs.h.  */
| 
| int
| main ()
| {
| 
|     __asm__ __volatile__ ("ILLEGAL_ASM_STMT");
| 
|   ;
|   return 0;
| }
configure:13681: result: yes
configure:13736: checking for support for gcc x86/x86_64 primitives
configure:13863: gcc -o conftest    -DNDEBUG -DNVALGRIND -I./src   -I/home/sadeghil/Encrypted_MPI/cryptMPI-mvapich2-2.3.3/src/mpl/include -I/home/sadeghil/Encrypted_MPI/cryptMPI-mvapich2-2.3.3/src/mpl/include -I/home/sadeghil/Encrypted_MPI/cryptMPI-mvapich2-2.3.3/src/openpa/src -I/home/sadeghil/Encrypted_MPI/cryptMPI-mvapich2-2.3.3/src/openpa/src  conftest.c -lpthread  >&5
configure:13863: $? = 0
configure:13863: ./conftest
configure:13863: $? = 0
configure:13869: result: yes
configure:13891: checking for support for gcc x86 primitives for pre-Pentium 4
configure:14018: gcc -o conftest    -DNDEBUG -DNVALGRIND -I./src   -I/home/sadeghil/Encrypted_MPI/cryptMPI-mvapich2-2.3.3/src/mpl/include -I/home/sadeghil/Encrypted_MPI/cryptMPI-mvapich2-2.3.3/src/mpl/include -I/home/sadeghil/Encrypted_MPI/cryptMPI-mvapich2-2.3.3/src/openpa/src -I/home/sadeghil/Encrypted_MPI/cryptMPI-mvapich2-2.3.3/src/openpa/src  conftest.c -lpthread  >&5
configure:14018: $? = 0
configure:14018: ./conftest
configure:14018: $? = 0
configure:14024: result: yes
configure:14045: checking for support for gcc ia64 primitives
configure:14101: gcc -o conftest    -DNDEBUG -DNVALGRIND -I./src   -I/home/sadeghil/Encrypted_MPI/cryptMPI-mvapich2-2.3.3/src/mpl/include -I/home/sadeghil/Encrypted_MPI/cryptMPI-mvapich2-2.3.3/src/mpl/include -I/home/sadeghil/Encrypted_MPI/cryptMPI-mvapich2-2.3.3/src/openpa/src -I/home/sadeghil/Encrypted_MPI/cryptMPI-mvapich2-2.3.3/src/openpa/src  conftest.c -lpthread  >&5
./src/primitives/opa_gcc_ia64.h: Assembler messages:
./src/primitives/opa_gcc_ia64.h:108: Error: no such instruction: `fetchadd4.rel %eax=[%rax],$-1'
./src/primitives/opa_gcc_ia64.h:126: Error: no such instruction: `zxt4 (%rsi)=(%rsi)'
./src/primitives/opa_gcc_ia64.h:126: Error: invalid character '=' in operand 1
./src/primitives/opa_gcc_ia64.h:126: Error: no such instruction: `cmpxchg4.rel %eax=[%rdx],%ecx,ar.ccv'
./src/primitives/opa_gcc_ia64.h:156: Error: no such instruction: `fetchadd4.rel %eax=[%rax],$-16'
./src/primitives/opa_gcc_ia64.h:157: Error: no such instruction: `fetchadd4.rel %eax=[%rax],$-8'
./src/primitives/opa_gcc_ia64.h:158: Error: no such instruction: `fetchadd4.rel %eax=[%rax],$-4'
./src/primitives/opa_gcc_ia64.h:159: Error: no such instruction: `fetchadd4.rel %eax=[%rax],$-1'
./src/primitives/opa_gcc_ia64.h:160: Error: no such instruction: `fetchadd4.rel %eax=[%rax],$1'
./src/primitives/opa_gcc_ia64.h:161: Error: no such instruction: `fetchadd4.rel %eax=[%rax],$4'
./src/primitives/opa_gcc_ia64.h:162: Error: no such instruction: `fetchadd4.rel %eax=[%rax],$8'
./src/primitives/opa_gcc_ia64.h:163: Error: no such instruction: `fetchadd4.rel %eax=[%rax],$16'
./src/primitives/opa_gcc_ia64.h:202: Error: no such instruction: `xchg8 %eax=[%rdx],%eax'
conftest.c:77: Error: no such instruction: `mf'
conftest.c:78: Error: no such instruction: `mf'
conftest.c:79: Error: no such instruction: `mf'
configure:14101: $? = 1
configure: failed program was:
| /* confdefs.h */
| #define PACKAGE_NAME "OpenPA"
| #define PACKAGE_TARNAME "openpa"
| #define PACKAGE_VERSION "1.0.3"
| #define PACKAGE_STRING "OpenPA 1.0.3"
| #define PACKAGE_BUGREPORT "https://trac.mcs.anl.gov/projects/openpa/newticket"
| #define PACKAGE_URL ""
| #define PACKAGE "openpa"
| #define VERSION "1.0.3"
| #define STDC_HEADERS 1
| #define HAVE_SYS_TYPES_H 1
| #define HAVE_SYS_STAT_H 1
| #define HAVE_STDLIB_H 1
| #define HAVE_STRING_H 1
| #define HAVE_MEMORY_H 1
| #define HAVE_STRINGS_H 1
| #define HAVE_INTTYPES_H 1
| #define HAVE_STDINT_H 1
| #define HAVE_UNISTD_H 1
| #define HAVE_DLFCN_H 1
| #define LT_OBJDIR ".libs/"
| #define HAVE_PTHREAD_H 1
| #define HAVE_INTTYPES_H 1
| #define HAVE_STDINT_H 1
| #define HAVE_STDDEF_H 1
| #define restrict __restrict
| #define HAVE_LIBPTHREAD 1
| #define HAVE_PTHREAD_YIELD 1
| #define MAX_NTHREADS 100
| #define SIZEOF_VOID_P 8
| #define SIZEOF_INT 4
| #define HAVE_GCC_ATTRIBUTE 1
| #define HAVE_GCC_X86_32_64 1
| #define HAVE_GCC_X86_32_64_P3 1
| /* end confdefs.h.  */
| 
| #define OPA_SIZEOF_INT SIZEOF_INT
| #define OPA_SIZEOF_VOID_P SIZEOF_VOID_P
| #ifndef _opa_inline
| #define _opa_inline inline
| #endif
| #ifndef _opa_restrict
| #define _opa_restrict restrict
| #endif
| #ifndef _opa_const
| #define _opa_const const
| #endif
| #ifdef HAVE_GCC_ATTRIBUTE
| #define OPA_HAVE_GCC_ATTRIBUTE 1
| #endif
| #include "opa_util.h" /* for OPA_ATTRIBUTE and friends */
| #include "primitives/opa_gcc_ia64.h"
| 
| int
| main ()
| {
| 
|     OPA_int_t a, b;
|     int c;
| 
|     OPA_store_int(&a, 0);
|     OPA_store_int(&b, 1);
|     c = OPA_load_int(&a);
| 
|     OPA_add_int(&a, 10);
|     OPA_incr_int(&a);
|     OPA_decr_int(&a);
| 
|     c = OPA_decr_and_test_int(&a);
|     c = OPA_fetch_and_add_int(&a, 10);
|     c = OPA_fetch_and_incr_int(&a);
|     c = OPA_fetch_and_decr_int(&a);
| 
|     c = OPA_cas_int(&a, 10, 11);
|     c = OPA_swap_int(&a, OPA_load_int(&b));
| 
|     OPA_write_barrier();
|     OPA_read_barrier();
|     OPA_read_write_barrier();
| 
|   ;
|   return 0;
| }
| 
configure:14110: result: no
configure:14125: checking for support for gcc PowerPC atomics
configure:14181: gcc -o conftest    -DNDEBUG -DNVALGRIND -I./src   -I/home/sadeghil/Encrypted_MPI/cryptMPI-mvapich2-2.3.3/src/mpl/include -I/home/sadeghil/Encrypted_MPI/cryptMPI-mvapich2-2.3.3/src/mpl/include -I/home/sadeghil/Encrypted_MPI/cryptMPI-mvapich2-2.3.3/src/openpa/src -I/home/sadeghil/Encrypted_MPI/cryptMPI-mvapich2-2.3.3/src/openpa/src  conftest.c -lpthread  >&5
./src/primitives/opa_gcc_ppc.h: Assembler messages:
./src/primitives/opa_gcc_ppc.h:98: Error: no such instruction: `lwarx %eax,0,%rax'
./src/primitives/opa_gcc_ppc.h:110: Error: no such instruction: `stwcx. %ecx,0,%rdx'
./src/primitives/opa_gcc_ppc.h:111: Error: no such instruction: `beq 1f'
./src/primitives/opa_gcc_ppc.h:112: Error: no such instruction: `li %eax,0'
conftest.c:77: Error: no such instruction: `eieio'
conftest.c:78: Error: no such instruction: `lwsync'
conftest.c:79: Error: no such instruction: `sync'
configure:14181: $? = 1
configure: failed program was:
| /* confdefs.h */
| #define PACKAGE_NAME "OpenPA"
| #define PACKAGE_TARNAME "openpa"
| #define PACKAGE_VERSION "1.0.3"
| #define PACKAGE_STRING "OpenPA 1.0.3"
| #define PACKAGE_BUGREPORT "https://trac.mcs.anl.gov/projects/openpa/newticket"
| #define PACKAGE_URL ""
| #define PACKAGE "openpa"
| #define VERSION "1.0.3"
| #define STDC_HEADERS 1
| #define HAVE_SYS_TYPES_H 1
| #define HAVE_SYS_STAT_H 1
| #define HAVE_STDLIB_H 1
| #define HAVE_STRING_H 1
| #define HAVE_MEMORY_H 1
| #define HAVE_STRINGS_H 1
| #define HAVE_INTTYPES_H 1
| #define HAVE_STDINT_H 1
| #define HAVE_UNISTD_H 1
| #define HAVE_DLFCN_H 1
| #define LT_OBJDIR ".libs/"
| #define HAVE_PTHREAD_H 1
| #define HAVE_INTTYPES_H 1
| #define HAVE_STDINT_H 1
| #define HAVE_STDDEF_H 1
| #define restrict __restrict
| #define HAVE_LIBPTHREAD 1
| #define HAVE_PTHREAD_YIELD 1
| #define MAX_NTHREADS 100
| #define SIZEOF_VOID_P 8
| #define SIZEOF_INT 4
| #define HAVE_GCC_ATTRIBUTE 1
| #define HAVE_GCC_X86_32_64 1
| #define HAVE_GCC_X86_32_64_P3 1
| /* end confdefs.h.  */
| 
| #define OPA_SIZEOF_INT SIZEOF_INT
| #define OPA_SIZEOF_VOID_P SIZEOF_VOID_P
| #ifndef _opa_inline
| #define _opa_inline inline
| #endif
| #ifndef _opa_restrict
| #define _opa_restrict restrict
| #endif
| #ifndef _opa_const
| #define _opa_const const
| #endif
| #ifdef HAVE_GCC_ATTRIBUTE
| #define OPA_HAVE_GCC_ATTRIBUTE 1
| #endif
| #include "opa_util.h" /* for OPA_ATTRIBUTE and friends */
| #include "primitives/opa_gcc_ppc.h"
| 
| int
| main ()
| {
| 
|     OPA_int_t a, b;
|     int c;
| 
|     OPA_store_int(&a, 0);
|     OPA_store_int(&b, 1);
|     c = OPA_load_int(&a);
| 
|     OPA_add_int(&a, 10);
|     OPA_incr_int(&a);
|     OPA_decr_int(&a);
| 
|     c = OPA_decr_and_test_int(&a);
|     c = OPA_fetch_and_add_int(&a, 10);
|     c = OPA_fetch_and_incr_int(&a);
|     c = OPA_fetch_and_decr_int(&a);
| 
|     c = OPA_cas_int(&a, 10, 11);
|     c = OPA_swap_int(&a, OPA_load_int(&b));
| 
|     OPA_write_barrier();
|     OPA_read_barrier();
|     OPA_read_write_barrier();
| 
|   ;
|   return 0;
| }
| 
configure:14190: result: no
configure:14205: checking for support for gcc ARM atomics
configure:14261: gcc -o conftest    -DNDEBUG -DNVALGRIND -I./src   -I/home/sadeghil/Encrypted_MPI/cryptMPI-mvapich2-2.3.3/src/mpl/include -I/home/sadeghil/Encrypted_MPI/cryptMPI-mvapich2-2.3.3/src/mpl/include -I/home/sadeghil/Encrypted_MPI/cryptMPI-mvapich2-2.3.3/src/openpa/src -I/home/sadeghil/Encrypted_MPI/cryptMPI-mvapich2-2.3.3/src/openpa/src  conftest.c -lpthread  >&5
./src/primitives/opa_gcc_arm.h: Assembler messages:
./src/primitives/opa_gcc_arm.h:89: Error: no such instruction: `ldrex %eax,[%rdx]'
./src/primitives/opa_gcc_arm.h:104: Error: no such instruction: `strex %eax,%edx,[%rcx]'
conftest.c:77: Error: invalid instruction suffix for `ds'
conftest.c:78: Error: no such instruction: `dmb'
conftest.c:79: Error: invalid instruction suffix for `ds'
configure:14261: $? = 1
configure: failed program was:
| /* confdefs.h */
| #define PACKAGE_NAME "OpenPA"
| #define PACKAGE_TARNAME "openpa"
| #define PACKAGE_VERSION "1.0.3"
| #define PACKAGE_STRING "OpenPA 1.0.3"
| #define PACKAGE_BUGREPORT "https://trac.mcs.anl.gov/projects/openpa/newticket"
| #define PACKAGE_URL ""
| #define PACKAGE "openpa"
| #define VERSION "1.0.3"
| #define STDC_HEADERS 1
| #define HAVE_SYS_TYPES_H 1
| #define HAVE_SYS_STAT_H 1
| #define HAVE_STDLIB_H 1
| #define HAVE_STRING_H 1
| #define HAVE_MEMORY_H 1
| #define HAVE_STRINGS_H 1
| #define HAVE_INTTYPES_H 1
| #define HAVE_STDINT_H 1
| #define HAVE_UNISTD_H 1
| #define HAVE_DLFCN_H 1
| #define LT_OBJDIR ".libs/"
| #define HAVE_PTHREAD_H 1
| #define HAVE_INTTYPES_H 1
| #define HAVE_STDINT_H 1
| #define HAVE_STDDEF_H 1
| #define restrict __restrict
| #define HAVE_LIBPTHREAD 1
| #define HAVE_PTHREAD_YIELD 1
| #define MAX_NTHREADS 100
| #define SIZEOF_VOID_P 8
| #define SIZEOF_INT 4
| #define HAVE_GCC_ATTRIBUTE 1
| #define HAVE_GCC_X86_32_64 1
| #define HAVE_GCC_X86_32_64_P3 1
| /* end confdefs.h.  */
| 
| #define OPA_SIZEOF_INT SIZEOF_INT
| #define OPA_SIZEOF_VOID_P SIZEOF_VOID_P
| #ifndef _opa_inline
| #define _opa_inline inline
| #endif
| #ifndef _opa_restrict
| #define _opa_restrict restrict
| #endif
| #ifndef _opa_const
| #define _opa_const const
| #endif
| #ifdef HAVE_GCC_ATTRIBUTE
| #define OPA_HAVE_GCC_ATTRIBUTE 1
| #endif
| #include "opa_util.h" /* for OPA_ATTRIBUTE and friends */
| #include "primitives/opa_gcc_arm.h"
| 
| int
| main ()
| {
| 
|     OPA_int_t a, b;
|     int c;
| 
|     OPA_store_int(&a, 0);
|     OPA_store_int(&b, 1);
|     c = OPA_load_int(&a);
| 
|     OPA_add_int(&a, 10);
|     OPA_incr_int(&a);
|     OPA_decr_int(&a);
| 
|     c = OPA_decr_and_test_int(&a);
|     c = OPA_fetch_and_add_int(&a, 10);
|     c = OPA_fetch_and_incr_int(&a);
|     c = OPA_fetch_and_decr_int(&a);
| 
|     c = OPA_cas_int(&a, 10, 11);
|     c = OPA_swap_int(&a, OPA_load_int(&b));
| 
|     OPA_write_barrier();
|     OPA_read_barrier();
|     OPA_read_write_barrier();
| 
|   ;
|   return 0;
| }
| 
configure:14270: result: no
configure:14285: checking for support for gcc SiCortex atomics
configure:14341: gcc -o conftest    -DNDEBUG -DNVALGRIND -I./src   -I/home/sadeghil/Encrypted_MPI/cryptMPI-mvapich2-2.3.3/src/mpl/include -I/home/sadeghil/Encrypted_MPI/cryptMPI-mvapich2-2.3.3/src/mpl/include -I/home/sadeghil/Encrypted_MPI/cryptMPI-mvapich2-2.3.3/src/openpa/src -I/home/sadeghil/Encrypted_MPI/cryptMPI-mvapich2-2.3.3/src/openpa/src  conftest.c -lpthread  >&5
./src/primitives/opa_gcc_sicortex.h: Assembler messages:
./src/primitives/opa_gcc_sicortex.h:137: Error: expected comma after "mips3"
./src/primitives/opa_gcc_sicortex.h:138: Error: expected comma after "noreorder"
./src/primitives/opa_gcc_sicortex.h:139: Error: no such instruction: `ll %rcx,(%rsi)'
./src/primitives/opa_gcc_sicortex.h:140: Error: no such instruction: `addu %rdx,%rcx,%eax'
./src/primitives/opa_gcc_sicortex.h:141: Error: no such instruction: `sc %rdx,(%rsi)'
./src/primitives/opa_gcc_sicortex.h:142: Error: no such instruction: `beqz %rdx,1b'
./src/primitives/opa_gcc_sicortex.h:144: Error: expected comma after "reorder"
./src/primitives/opa_gcc_sicortex.h:145: Error: expected comma after "mips0"
./src/primitives/opa_gcc_sicortex.h:221: Error: expected comma after "mips3"
./src/primitives/opa_gcc_sicortex.h:222: Error: expected comma after "noreorder"
./src/primitives/opa_gcc_sicortex.h:223: Error: no such instruction: `ll %rcx,(%rsi)'
./src/primitives/opa_gcc_sicortex.h:224: Error: no such instruction: `move %rdx,%eax'
./src/primitives/opa_gcc_sicortex.h:225: Error: no such instruction: `sc %rdx,(%rsi)'
./src/primitives/opa_gcc_sicortex.h:226: Error: no such instruction: `beqz %rdx,1b'
./src/primitives/opa_gcc_sicortex.h:228: Error: expected comma after "reorder"
./src/primitives/opa_gcc_sicortex.h:229: Error: expected comma after "mips0"
./src/primitives/opa_gcc_sicortex.h:308: Error: expected comma after "mips3"
./src/primitives/opa_gcc_sicortex.h:309: Error: expected comma after "noreorder"
./src/primitives/opa_gcc_sicortex.h:310: Error: no such instruction: `ll %rsi,(%rdi)'
./src/primitives/opa_gcc_sicortex.h:311: Error: no such instruction: `bne %rsi,%edx,1f'
./src/primitives/opa_gcc_sicortex.h:312: Error: no such instruction: `move %rcx,%eax'
./src/primitives/opa_gcc_sicortex.h:313: Error: no such instruction: `sc %rcx,(%rdi)'
./src/primitives/opa_gcc_sicortex.h:314: Error: no such instruction: `beqz %rcx,1b'
./src/primitives/opa_gcc_sicortex.h:316: Error: expected comma after "reorder"
./src/primitives/opa_gcc_sicortex.h:318: Error: expected comma after "mips0"
conftest.c:77: Error: no such instruction: `sync'
conftest.c:78: Error: no such instruction: `sync'
conftest.c:79: Error: no such instruction: `sync'
configure:14341: $? = 1
configure: failed program was:
| /* confdefs.h */
| #define PACKAGE_NAME "OpenPA"
| #define PACKAGE_TARNAME "openpa"
| #define PACKAGE_VERSION "1.0.3"
| #define PACKAGE_STRING "OpenPA 1.0.3"
| #define PACKAGE_BUGREPORT "https://trac.mcs.anl.gov/projects/openpa/newticket"
| #define PACKAGE_URL ""
| #define PACKAGE "openpa"
| #define VERSION "1.0.3"
| #define STDC_HEADERS 1
| #define HAVE_SYS_TYPES_H 1
| #define HAVE_SYS_STAT_H 1
| #define HAVE_STDLIB_H 1
| #define HAVE_STRING_H 1
| #define HAVE_MEMORY_H 1
| #define HAVE_STRINGS_H 1
| #define HAVE_INTTYPES_H 1
| #define HAVE_STDINT_H 1
| #define HAVE_UNISTD_H 1
| #define HAVE_DLFCN_H 1
| #define LT_OBJDIR ".libs/"
| #define HAVE_PTHREAD_H 1
| #define HAVE_INTTYPES_H 1
| #define HAVE_STDINT_H 1
| #define HAVE_STDDEF_H 1
| #define restrict __restrict
| #define HAVE_LIBPTHREAD 1
| #define HAVE_PTHREAD_YIELD 1
| #define MAX_NTHREADS 100
| #define SIZEOF_VOID_P 8
| #define SIZEOF_INT 4
| #define HAVE_GCC_ATTRIBUTE 1
| #define HAVE_GCC_X86_32_64 1
| #define HAVE_GCC_X86_32_64_P3 1
| /* end confdefs.h.  */
| 
| #define OPA_SIZEOF_INT SIZEOF_INT
| #define OPA_SIZEOF_VOID_P SIZEOF_VOID_P
| #ifndef _opa_inline
| #define _opa_inline inline
| #endif
| #ifndef _opa_restrict
| #define _opa_restrict restrict
| #endif
| #ifndef _opa_const
| #define _opa_const const
| #endif
| #ifdef HAVE_GCC_ATTRIBUTE
| #define OPA_HAVE_GCC_ATTRIBUTE 1
| #endif
| #include "opa_util.h" /* for OPA_ATTRIBUTE and friends */
| #include "primitives/opa_gcc_sicortex.h"
| 
| int
| main ()
| {
| 
|     OPA_int_t a, b;
|     int c;
| 
|     OPA_store_int(&a, 0);
|     OPA_store_int(&b, 1);
|     c = OPA_load_int(&a);
| 
|     OPA_add_int(&a, 10);
|     OPA_incr_int(&a);
|     OPA_decr_int(&a);
| 
|     c = OPA_decr_and_test_int(&a);
|     c = OPA_fetch_and_add_int(&a, 10);
|     c = OPA_fetch_and_incr_int(&a);
|     c = OPA_fetch_and_decr_int(&a);
| 
|     c = OPA_cas_int(&a, 10, 11);
|     c = OPA_swap_int(&a, OPA_load_int(&b));
| 
|     OPA_write_barrier();
|     OPA_read_barrier();
|     OPA_read_write_barrier();
| 
|   ;
|   return 0;
| }
| 
configure:14350: result: no
configure:14367: checking for support for gcc atomic intrinsics
configure:14423: gcc -o conftest    -DNDEBUG -DNVALGRIND -I./src   -I/home/sadeghil/Encrypted_MPI/cryptMPI-mvapich2-2.3.3/src/mpl/include -I/home/sadeghil/Encrypted_MPI/cryptMPI-mvapich2-2.3.3/src/mpl/include -I/home/sadeghil/Encrypted_MPI/cryptMPI-mvapich2-2.3.3/src/openpa/src -I/home/sadeghil/Encrypted_MPI/cryptMPI-mvapich2-2.3.3/src/openpa/src  conftest.c -lpthread  >&5
configure:14423: $? = 0
configure:14428: result: yes
configure:14447: checking for support for Windows NT atomic intrinsics
configure:14503: gcc -o conftest    -DNDEBUG -DNVALGRIND -I./src   -I/home/sadeghil/Encrypted_MPI/cryptMPI-mvapich2-2.3.3/src/mpl/include -I/home/sadeghil/Encrypted_MPI/cryptMPI-mvapich2-2.3.3/src/mpl/include -I/home/sadeghil/Encrypted_MPI/cryptMPI-mvapich2-2.3.3/src/openpa/src -I/home/sadeghil/Encrypted_MPI/cryptMPI-mvapich2-2.3.3/src/openpa/src  conftest.c -lpthread  >&5
In file included from conftest.c:53:0:
./src/primitives/opa_nt_intrinsics.h:11:20: fatal error: windows.h: No such file or directory
 #include<windows.h>
                    ^
compilation terminated.
configure:14503: $? = 1
configure: failed program was:
| /* confdefs.h */
| #define PACKAGE_NAME "OpenPA"
| #define PACKAGE_TARNAME "openpa"
| #define PACKAGE_VERSION "1.0.3"
| #define PACKAGE_STRING "OpenPA 1.0.3"
| #define PACKAGE_BUGREPORT "https://trac.mcs.anl.gov/projects/openpa/newticket"
| #define PACKAGE_URL ""
| #define PACKAGE "openpa"
| #define VERSION "1.0.3"
| #define STDC_HEADERS 1
| #define HAVE_SYS_TYPES_H 1
| #define HAVE_SYS_STAT_H 1
| #define HAVE_STDLIB_H 1
| #define HAVE_STRING_H 1
| #define HAVE_MEMORY_H 1
| #define HAVE_STRINGS_H 1
| #define HAVE_INTTYPES_H 1
| #define HAVE_STDINT_H 1
| #define HAVE_UNISTD_H 1
| #define HAVE_DLFCN_H 1
| #define LT_OBJDIR ".libs/"
| #define HAVE_PTHREAD_H 1
| #define HAVE_INTTYPES_H 1
| #define HAVE_STDINT_H 1
| #define HAVE_STDDEF_H 1
| #define restrict __restrict
| #define HAVE_LIBPTHREAD 1
| #define HAVE_PTHREAD_YIELD 1
| #define MAX_NTHREADS 100
| #define SIZEOF_VOID_P 8
| #define SIZEOF_INT 4
| #define HAVE_GCC_ATTRIBUTE 1
| #define HAVE_GCC_X86_32_64 1
| #define HAVE_GCC_X86_32_64_P3 1
| #define HAVE_GCC_INTRINSIC_ATOMICS 1
| /* end confdefs.h.  */
| 
| #define OPA_SIZEOF_INT SIZEOF_INT
| #define OPA_SIZEOF_VOID_P SIZEOF_VOID_P
| #ifndef _opa_inline
| #define _opa_inline inline
| #endif
| #ifndef _opa_restrict
| #define _opa_restrict restrict
| #endif
| #ifndef _opa_const
| #define _opa_const const
| #endif
| #ifdef HAVE_GCC_ATTRIBUTE
| #define OPA_HAVE_GCC_ATTRIBUTE 1
| #endif
| #include "opa_util.h" /* for OPA_ATTRIBUTE and friends */
| #include "primitives/opa_nt_intrinsics.h"
| 
| int
| main ()
| {
| 
|     OPA_int_t a, b;
|     int c;
| 
|     OPA_store_int(&a, 0);
|     OPA_store_int(&b, 1);
|     c = OPA_load_int(&a);
| 
|     OPA_add_int(&a, 10);
|     OPA_incr_int(&a);
|     OPA_decr_int(&a);
| 
|     c = OPA_decr_and_test_int(&a);
|     c = OPA_fetch_and_add_int(&a, 10);
|     c = OPA_fetch_and_incr_int(&a);
|     c = OPA_fetch_and_decr_int(&a);
| 
|     c = OPA_cas_int(&a, 10, 11);
|     c = OPA_swap_int(&a, OPA_load_int(&b));
| 
|     OPA_write_barrier();
|     OPA_read_barrier();
|     OPA_read_write_barrier();
| 
|   ;
|   return 0;
| }
| 
configure:14512: result: no
configure:14527: checking for support for Sun atomic operations library
configure:14583: gcc -o conftest    -DNDEBUG -DNVALGRIND -I./src   -I/home/sadeghil/Encrypted_MPI/cryptMPI-mvapich2-2.3.3/src/mpl/include -I/home/sadeghil/Encrypted_MPI/cryptMPI-mvapich2-2.3.3/src/mpl/include -I/home/sadeghil/Encrypted_MPI/cryptMPI-mvapich2-2.3.3/src/openpa/src -I/home/sadeghil/Encrypted_MPI/cryptMPI-mvapich2-2.3.3/src/openpa/src  conftest.c -lpthread  >&5
In file included from conftest.c:53:0:
./src/primitives/opa_sun_atomic_ops.h:11:20: fatal error: atomic.h: No such file or directory
 #include <atomic.h>
                    ^
compilation terminated.
configure:14583: $? = 1
configure: failed program was:
| /* confdefs.h */
| #define PACKAGE_NAME "OpenPA"
| #define PACKAGE_TARNAME "openpa"
| #define PACKAGE_VERSION "1.0.3"
| #define PACKAGE_STRING "OpenPA 1.0.3"
| #define PACKAGE_BUGREPORT "https://trac.mcs.anl.gov/projects/openpa/newticket"
| #define PACKAGE_URL ""
| #define PACKAGE "openpa"
| #define VERSION "1.0.3"
| #define STDC_HEADERS 1
| #define HAVE_SYS_TYPES_H 1
| #define HAVE_SYS_STAT_H 1
| #define HAVE_STDLIB_H 1
| #define HAVE_STRING_H 1
| #define HAVE_MEMORY_H 1
| #define HAVE_STRINGS_H 1
| #define HAVE_INTTYPES_H 1
| #define HAVE_STDINT_H 1
| #define HAVE_UNISTD_H 1
| #define HAVE_DLFCN_H 1
| #define LT_OBJDIR ".libs/"
| #define HAVE_PTHREAD_H 1
| #define HAVE_INTTYPES_H 1
| #define HAVE_STDINT_H 1
| #define HAVE_STDDEF_H 1
| #define restrict __restrict
| #define HAVE_LIBPTHREAD 1
| #define HAVE_PTHREAD_YIELD 1
| #define MAX_NTHREADS 100
| #define SIZEOF_VOID_P 8
| #define SIZEOF_INT 4
| #define HAVE_GCC_ATTRIBUTE 1
| #define HAVE_GCC_X86_32_64 1
| #define HAVE_GCC_X86_32_64_P3 1
| #define HAVE_GCC_INTRINSIC_ATOMICS 1
| /* end confdefs.h.  */
| 
| #define OPA_SIZEOF_INT SIZEOF_INT
| #define OPA_SIZEOF_VOID_P SIZEOF_VOID_P
| #ifndef _opa_inline
| #define _opa_inline inline
| #endif
| #ifndef _opa_restrict
| #define _opa_restrict restrict
| #endif
| #ifndef _opa_const
| #define _opa_const const
| #endif
| #ifdef HAVE_GCC_ATTRIBUTE
| #define OPA_HAVE_GCC_ATTRIBUTE 1
| #endif
| #include "opa_util.h" /* for OPA_ATTRIBUTE and friends */
| #include "primitives/opa_sun_atomic_ops.h"
| 
| int
| main ()
| {
| 
|     OPA_int_t a, b;
|     int c;
| 
|     OPA_store_int(&a, 0);
|     OPA_store_int(&b, 1);
|     c = OPA_load_int(&a);
| 
|     OPA_add_int(&a, 10);
|     OPA_incr_int(&a);
|     OPA_decr_int(&a);
| 
|     c = OPA_decr_and_test_int(&a);
|     c = OPA_fetch_and_add_int(&a, 10);
|     c = OPA_fetch_and_incr_int(&a);
|     c = OPA_fetch_and_decr_int(&a);
| 
|     c = OPA_cas_int(&a, 10, 11);
|     c = OPA_swap_int(&a, OPA_load_int(&b));
| 
|     OPA_write_barrier();
|     OPA_read_barrier();
|     OPA_read_write_barrier();
| 
|   ;
|   return 0;
| }
| 
configure:14592: result: no
configure:14669: checking whether to enable strict fairness checks
configure:14685: result: no
configure:14824: checking that generated files are newer than configure
configure:14830: result: done
configure:14857: creating ./config.status

## ---------------------- ##
## Running config.status. ##
## ---------------------- ##

This file was extended by OpenPA config.status 1.0.3, which was
generated by GNU Autoconf 2.69.  Invocation command line was

  CONFIG_FILES    = 
  CONFIG_HEADERS  = 
  CONFIG_LINKS    = 
  CONFIG_COMMANDS = 
  $ ./config.status 

on inv32

config.status:1110: creating Makefile
config.status:1110: creating src/Makefile
config.status:1110: creating test/Makefile
config.status:1110: creating openpa.pc
config.status:1110: creating src/config.h
config.status:1291: src/config.h is unchanged
config.status:1339: executing depfiles commands
config.status:1339: executing libtool commands
config.status:1339: executing src/opa_config.h commands
config.status:2013: creating src/opa_config.h - prefix OPA for src/config.h defines
config.status:2039: src/opa_config.h is unchanged

## ---------------- ##
## Cache variables. ##
## ---------------- ##

ac_cv_build=x86_64-pc-linux-gnu
ac_cv_c_compiler_gnu=yes
ac_cv_c_const=yes
ac_cv_c_inline=inline
ac_cv_c_restrict=__restrict
ac_cv_env_CC_set=set
ac_cv_env_CC_value=gcc
ac_cv_env_CFLAGS_set=set
ac_cv_env_CFLAGS_value='   -DNDEBUG -DNVALGRIND'
ac_cv_env_CPPFLAGS_set=set
ac_cv_env_CPPFLAGS_value='  -I/home/sadeghil/Encrypted_MPI/cryptMPI-mvapich2-2.3.3/src/mpl/include -I/home/sadeghil/Encrypted_MPI/cryptMPI-mvapich2-2.3.3/src/mpl/include -I/home/sadeghil/Encrypted_MPI/cryptMPI-mvapich2-2.3.3/src/openpa/src -I/home/sadeghil/Encrypted_MPI/cryptMPI-mvapich2-2.3.3/src/openpa/src'
ac_cv_env_CPP_set=
ac_cv_env_CPP_value=
ac_cv_env_LDFLAGS_set=set
ac_cv_env_LDFLAGS_value=
ac_cv_env_LIBS_set=set
ac_cv_env_LIBS_value=
ac_cv_env_LT_SYS_LIBRARY_PATH_set=
ac_cv_env_LT_SYS_LIBRARY_PATH_value=
ac_cv_env_OPALIBNAME_set=set
ac_cv_env_OPALIBNAME_value=opa
ac_cv_env_build_alias_set=
ac_cv_env_build_alias_value=
ac_cv_env_host_alias_set=
ac_cv_env_host_alias_value=
ac_cv_env_target_alias_set=
ac_cv_env_target_alias_value=
ac_cv_func_pthread_yield=yes
ac_cv_header_atomic_h=no
ac_cv_header_dlfcn_h=yes
ac_cv_header_intrin_h=no
ac_cv_header_inttypes_h=yes
ac_cv_header_memory_h=yes
ac_cv_header_pthread_h=yes
ac_cv_header_stdc=yes
ac_cv_header_stddef_h=yes
ac_cv_header_stdint_h=yes
ac_cv_header_stdlib_h=yes
ac_cv_header_string_h=yes
ac_cv_header_strings_h=yes
ac_cv_header_sys_stat_h=yes
ac_cv_header_sys_types_h=yes
ac_cv_header_unistd_h=yes
ac_cv_host=x86_64-pc-linux-gnu
ac_cv_lib_pthread_pthread_create=yes
ac_cv_objext=o
ac_cv_path_EGREP='/usr/bin/grep -E'
ac_cv_path_FGREP='/usr/bin/grep -F'
ac_cv_path_GREP=/usr/bin/grep
ac_cv_path_SED=/usr/bin/sed
ac_cv_path_install='/usr/bin/install -c'
ac_cv_path_lt_DD=/usr/bin/dd
ac_cv_path_mkdir=/usr/bin/mkdir
ac_cv_prog_AWK=gawk
ac_cv_prog_CPP='gcc -E'
ac_cv_prog_ac_ct_CC=gcc
ac_cv_prog_ac_ct_OBJDUMP=objdump
ac_cv_prog_ac_ct_RANLIB=ranlib
ac_cv_prog_ac_ct_STRIP=strip
ac_cv_prog_cc_c89=
ac_cv_prog_cc_g=yes
ac_cv_prog_make_make_set=yes
ac_cv_sizeof_int=4
ac_cv_sizeof_void_p=8
am_cv_CC_dependencies_compiler_type=gcc3
am_cv_ar_interface=ar
am_cv_make_support_nested_variables=yes
am_cv_prog_cc_c_o=yes
lt_cv_ar_at_file=@
lt_cv_archive_cmds_need_lc=no
lt_cv_deplibs_check_method=pass_all
lt_cv_file_magic_cmd='$MAGIC_CMD'
lt_cv_file_magic_test_file=
lt_cv_ld_reload_flag=-r
lt_cv_nm_interface='BSD nm'
lt_cv_objdir=.libs
lt_cv_path_LD=/usr/bin/ld
lt_cv_path_NM='/usr/bin/nm -B'
lt_cv_path_mainfest_tool=no
lt_cv_prog_compiler_c_o=yes
lt_cv_prog_compiler_pic='-fPIC -DPIC'
lt_cv_prog_compiler_pic_works=yes
lt_cv_prog_compiler_rtti_exceptions=no
lt_cv_prog_compiler_static_works=no
lt_cv_prog_gnu_ld=yes
lt_cv_sharedlib_from_linklib_cmd='printf %s\n'
lt_cv_shlibpath_overrides_runpath=no
lt_cv_sys_global_symbol_pipe='sed -n -e '\''s/^.*[	 ]\([ABCDGIRSTW][ABCDGIRSTW]*\)[	 ][	 ]*\([_A-Za-z][_A-Za-z0-9]*\)$/\1 \2 \2/p'\'' | sed '\''/ __gnu_lto/d'\'''
lt_cv_sys_global_symbol_to_c_name_address='sed -n -e '\''s/^: \(.*\) .*$/  {"\1", (void *) 0},/p'\'' -e '\''s/^[ABCDGIRSTW][ABCDGIRSTW]* .* \(.*\)$/  {"\1", (void *) \&\1},/p'\'''
lt_cv_sys_global_symbol_to_c_name_address_lib_prefix='sed -n -e '\''s/^: \(.*\) .*$/  {"\1", (void *) 0},/p'\'' -e '\''s/^[ABCDGIRSTW][ABCDGIRSTW]* .* \(lib.*\)$/  {"\1", (void *) \&\1},/p'\'' -e '\''s/^[ABCDGIRSTW][ABCDGIRSTW]* .* \(.*\)$/  {"lib\1", (void *) \&\1},/p'\'''
lt_cv_sys_global_symbol_to_cdecl='sed -n -e '\''s/^T .* \(.*\)$/extern int \1();/p'\'' -e '\''s/^[ABCDGIRSTW][ABCDGIRSTW]* .* \(.*\)$/extern char \1;/p'\'''
lt_cv_sys_global_symbol_to_import=
lt_cv_sys_max_cmd_len=1572864
lt_cv_to_host_file_cmd=func_convert_file_noop
lt_cv_to_tool_file_cmd=func_convert_file_noop
lt_cv_truncate_bin='/usr/bin/dd bs=4096 count=1'
pac_cv_gnu_attr_format=yes
pac_cv_gnu_attr_pure=yes

## ----------------- ##
## Output variables. ##
## ----------------- ##

ACLOCAL='${SHELL} /home/sadeghil/Encrypted_MPI/cryptMPI-mvapich2-2.3.3/src/openpa/confdb/missing aclocal-1.15'
AMDEPBACKSLASH='\'
AMDEP_FALSE='#'
AMDEP_TRUE=''
AMTAR='$${TAR-tar}'
AM_BACKSLASH='\'
AM_DEFAULT_V='$(AM_DEFAULT_VERBOSITY)'
AM_DEFAULT_VERBOSITY='0'
AM_V='$(V)'
AR='ar'
AUTOCONF='${SHELL} /home/sadeghil/Encrypted_MPI/cryptMPI-mvapich2-2.3.3/src/openpa/confdb/missing autoconf'
AUTOHEADER='${SHELL} /home/sadeghil/Encrypted_MPI/cryptMPI-mvapich2-2.3.3/src/openpa/confdb/missing autoheader'
AUTOMAKE='${SHELL} /home/sadeghil/Encrypted_MPI/cryptMPI-mvapich2-2.3.3/src/openpa/confdb/missing automake-1.15'
AWK='gawk'
CC='gcc'
CCDEPMODE='depmode=gcc3'
CFLAGS='   -DNDEBUG -DNVALGRIND'
CONFIG_STATUS_DEPENDENCIES='$(top_srcdir)/VERSION'
CPP='gcc -E'
CPPFLAGS='  -I/home/sadeghil/Encrypted_MPI/cryptMPI-mvapich2-2.3.3/src/mpl/include -I/home/sadeghil/Encrypted_MPI/cryptMPI-mvapich2-2.3.3/src/mpl/include -I/home/sadeghil/Encrypted_MPI/cryptMPI-mvapich2-2.3.3/src/openpa/src -I/home/sadeghil/Encrypted_MPI/cryptMPI-mvapich2-2.3.3/src/openpa/src'
CYGPATH_W='echo'
DEFS='-DHAVE_CONFIG_H'
DEPDIR='.deps'
DLLTOOL='false'
DSYMUTIL=''
DUMPBIN=''
ECHO_C=''
ECHO_N='-n'
ECHO_T=''
EGREP='/usr/bin/grep -E'
EXEEXT=''
FGREP='/usr/bin/grep -F'
GREP='/usr/bin/grep'
INSTALL_DATA='${INSTALL} -m 644'
INSTALL_PROGRAM='${INSTALL}'
INSTALL_SCRIPT='${INSTALL}'
INSTALL_STRIP_PROGRAM='$(install_sh) -c -s'
LD='/usr/bin/ld -m elf_x86_64'
LDFLAGS=''
LIBOBJS=''
LIBS='-lpthread '
LIBTOOL='$(SHELL) $(top_builddir)/libtool'
LIPO=''
LN_S='ln -s'
LTLIBOBJS=''
LT_SYS_LIBRARY_PATH=''
MAKEINFO='${SHELL} /home/sadeghil/Encrypted_MPI/cryptMPI-mvapich2-2.3.3/src/openpa/confdb/missing makeinfo'
MANIFEST_TOOL=':'
MKDIR_P='/usr/bin/mkdir -p'
NM='/usr/bin/nm -B'
NMEDIT=''
OBJDUMP='objdump'
OBJEXT='o'
OPALIBNAME='opa'
OTOOL64=''
OTOOL=''
PACKAGE='openpa'
PACKAGE_BUGREPORT='https://trac.mcs.anl.gov/projects/openpa/newticket'
PACKAGE_NAME='OpenPA'
PACKAGE_STRING='OpenPA 1.0.3'
PACKAGE_TARNAME='openpa'
PACKAGE_URL=''
PACKAGE_VERSION='1.0.3'
PATH_SEPARATOR=':'
RANLIB='ranlib'
SED='/usr/bin/sed'
SET_MAKE=''
SHELL='/bin/sh'
STRIP='strip'
VERSION='1.0.3'
ac_ct_AR=''
ac_ct_CC='gcc'
ac_ct_DUMPBIN=''
am__EXEEXT_FALSE=''
am__EXEEXT_TRUE='#'
am__fastdepCC_FALSE='#'
am__fastdepCC_TRUE=''
am__include='include'
am__isrc=''
am__leading_dot='.'
am__nodep='_no'
am__quote=''
am__tar='$${TAR-tar} chof - "$$tardir"'
am__untar='$${TAR-tar} xf -'
bindir='${exec_prefix}/bin'
build='x86_64-pc-linux-gnu'
build_alias=''
build_cpu='x86_64'
build_os='linux-gnu'
build_vendor='pc'
datadir='${datarootdir}'
datarootdir='${prefix}/share'
docdir='${datarootdir}/doc/${PACKAGE_TARNAME}'
dvidir='${docdir}'
exec_prefix='${prefix}'
external_pkg_config_libs=''
host='x86_64-pc-linux-gnu'
host_alias=''
host_cpu='x86_64'
host_os='linux-gnu'
host_vendor='pc'
htmldir='${docdir}'
includedir='${prefix}/include'
infodir='${datarootdir}/info'
install_sh='${SHELL} /home/sadeghil/Encrypted_MPI/cryptMPI-mvapich2-2.3.3/src/openpa/confdb/install-sh'
internal_pkg_config_libs=''
libdir='${exec_prefix}/lib'
libexecdir='${exec_prefix}/libexec'
libopa_so_version='1:0:0'
libopa_so_versionflags='-avoid-version'
localedir='${datarootdir}/locale'
localstatedir='${prefix}/var'
mandir='${datarootdir}/man'
mkdir_p='$(MKDIR_P)'
oldincludedir='/usr/include'
pdfdir='${docdir}'
pkgconfigdir='${exec_prefix}/lib/pkgconfig'
prefix='/home/sadeghil/Installed_Tools/CryptMPI'
program_transform_name='s,x,x,'
psdir='${docdir}'
sbindir='${exec_prefix}/sbin'
sharedstatedir='${prefix}/com'
sysconfdir='${prefix}/etc'
target_alias=''

## ----------- ##
## confdefs.h. ##
## ----------- ##

/* confdefs.h */
#define PACKAGE_NAME "OpenPA"
#define PACKAGE_TARNAME "openpa"
#define PACKAGE_VERSION "1.0.3"
#define PACKAGE_STRING "OpenPA 1.0.3"
#define PACKAGE_BUGREPORT "https://trac.mcs.anl.gov/projects/openpa/newticket"
#define PACKAGE_URL ""
#define PACKAGE "openpa"
#define VERSION "1.0.3"
#define STDC_HEADERS 1
#define HAVE_SYS_TYPES_H 1
#define HAVE_SYS_STAT_H 1
#define HAVE_STDLIB_H 1
#define HAVE_STRING_H 1
#define HAVE_MEMORY_H 1
#define HAVE_STRINGS_H 1
#define HAVE_INTTYPES_H 1
#define HAVE_STDINT_H 1
#define HAVE_UNISTD_H 1
#define HAVE_DLFCN_H 1
#define LT_OBJDIR ".libs/"
#define HAVE_PTHREAD_H 1
#define HAVE_INTTYPES_H 1
#define HAVE_STDINT_H 1
#define HAVE_STDDEF_H 1
#define restrict __restrict
#define HAVE_LIBPTHREAD 1
#define HAVE_PTHREAD_YIELD 1
#define MAX_NTHREADS 100
#define SIZEOF_VOID_P 8
#define SIZEOF_INT 4
#define HAVE_GCC_ATTRIBUTE 1
#define HAVE_GCC_X86_32_64 1
#define HAVE_GCC_X86_32_64_P3 1
#define HAVE_GCC_INTRINSIC_ATOMICS 1

configure: exit 0
