This file contains any messages produced by compilers while
running configure, to aid debugging if configure makes a mistake.

It was created by MPL configure 0.1, which was
generated by GNU Autoconf 2.69.  Invocation command line was

  $ ./configure --disable-option-checking --prefix=/home/sadeghil/Installed_Tools/CryptMPI --disable-versioning --with-boringssl-include=/home/sadeghil/Installed_Tools/BoringSSL/boringssl-master/include/ CC=gcc CFLAGS=   -DNDEBUG -DNVALGRIND -O2  LDFLAGS= LIBS= CPPFLAGS=  -I/home/sadeghil/Encrypted_MPI/cryptMPI-mvapich2-2.3.3/src/mpl/include -I/home/sadeghil/Encrypted_MPI/cryptMPI-mvapich2-2.3.3/src/mpl/include -I/home/sadeghil/Encrypted_MPI/cryptMPI-mvapich2-2.3.3/src/openpa/src -I/home/sadeghil/Encrypted_MPI/cryptMPI-mvapich2-2.3.3/src/openpa/src -D_REENTRANT -I/home/sadeghil/Encrypted_MPI/cryptMPI-mvapich2-2.3.3/src/mpi/romio/include -I/include -I/include -I/include -I/include MPLLIBNAME=mpl --cache-file=/dev/null --srcdir=.

## --------- ##
## Platform. ##
## --------- ##

hostname = inv32
uname -m = x86_64
uname -r = 3.10.0-957.21.3.el7.x86_64
uname -s = Linux
uname -v = #1 SMP Tue Jun 18 16:35:19 UTC 2019

/usr/bin/uname -p = x86_64
/bin/uname -X     = unknown

/bin/arch              = x86_64
/usr/bin/arch -k       = unknown
/usr/convex/getsysinfo = unknown
/usr/bin/hostinfo      = unknown
/bin/machine           = unknown
/usr/bin/oslevel       = unknown
/bin/universe          = unknown

PATH: /home/sadeghil/Installed_Tools/CMAKE/cmake-3.16.3/bin/
PATH: /home/sadeghil/automake/bin
PATH: /usr/local/bin
PATH: /usr/bin
PATH: /usr/local/sbin
PATH: /usr/sbin
PATH: /usr/lib/jvm/java-openjdk/bin
PATH: /home/sadeghil/automake/bin/
PATH: /home/sadeghil/Installed_Tools/Tools/Ncurses/bin
PATH: /home/sadeghil/Installed_Tools/Emacs/bin


## ----------- ##
## Core tests. ##
## ----------- ##

configure:2281: checking for a BSD-compatible install
configure:2349: result: /usr/bin/install -c
configure:2360: checking whether build environment is sane
configure:2415: result: yes
configure:2566: checking for a thread-safe mkdir -p
configure:2605: result: mkdir -p
configure:2612: checking for gawk
configure:2628: found /usr/bin/gawk
configure:2639: result: gawk
configure:2650: checking whether make sets $(MAKE)
configure:2672: result: yes
configure:2701: checking whether make supports nested variables
configure:2718: result: yes
configure:2857: checking for style of include used by make
configure:2885: result: GNU
configure:3029: checking for C compiler version
configure:3038: gcc --version >&5
gcc (GCC) 4.8.5 20150623 (Red Hat 4.8.5-36)
Copyright (C) 2015 Free Software Foundation, Inc.
This is free software; see the source for copying conditions.  There is NO
warranty; not even for MERCHANTABILITY or FITNESS FOR A PARTICULAR PURPOSE.

configure:3049: $? = 0
configure:3038: gcc -v >&5
Using built-in specs.
COLLECT_GCC=gcc
COLLECT_LTO_WRAPPER=/usr/libexec/gcc/x86_64-redhat-linux/4.8.5/lto-wrapper
Target: x86_64-redhat-linux
Configured with: ../configure --prefix=/usr --mandir=/usr/share/man --infodir=/usr/share/info --with-bugurl=http://bugzilla.redhat.com/bugzilla --enable-bootstrap --enable-shared --enable-threads=posix --enable-checking=release --with-system-zlib --enable-__cxa_atexit --disable-libunwind-exceptions --enable-gnu-unique-object --enable-linker-build-id --with-linker-hash-style=gnu --enable-languages=c,c++,objc,obj-c++,java,fortran,ada,go,lto --enable-plugin --enable-initfini-array --disable-libgcj --with-isl=/builddir/build/BUILD/gcc-4.8.5-20150702/obj-x86_64-redhat-linux/isl-install --with-cloog=/builddir/build/BUILD/gcc-4.8.5-20150702/obj-x86_64-redhat-linux/cloog-install --enable-gnu-indirect-function --with-tune=generic --with-arch_32=x86-64 --build=x86_64-redhat-linux
Thread model: posix
gcc version 4.8.5 20150623 (Red Hat 4.8.5-36) (GCC) 
configure:3049: $? = 0
configure:3038: gcc -V >&5
gcc: error: unrecognized command line option '-V'
gcc: fatal error: no input files
compilation terminated.
configure:3049: $? = 4
configure:3038: gcc -qversion >&5
gcc: error: unrecognized command line option '-qversion'
gcc: fatal error: no input files
compilation terminated.
configure:3049: $? = 4
configure:3069: checking whether the C compiler works
configure:3091: gcc    -DNDEBUG -DNVALGRIND -O2    -I/home/sadeghil/Encrypted_MPI/cryptMPI-mvapich2-2.3.3/src/mpl/include -I/home/sadeghil/Encrypted_MPI/cryptMPI-mvapich2-2.3.3/src/mpl/include -I/home/sadeghil/Encrypted_MPI/cryptMPI-mvapich2-2.3.3/src/openpa/src -I/home/sadeghil/Encrypted_MPI/cryptMPI-mvapich2-2.3.3/src/openpa/src -D_REENTRANT -I/home/sadeghil/Encrypted_MPI/cryptMPI-mvapich2-2.3.3/src/mpi/romio/include -I/include -I/include -I/include -I/include  conftest.c  >&5
configure:3095: $? = 0
configure:3143: result: yes
configure:3146: checking for C compiler default output file name
configure:3148: result: a.out
configure:3154: checking for suffix of executables
configure:3161: gcc -o conftest    -DNDEBUG -DNVALGRIND -O2    -I/home/sadeghil/Encrypted_MPI/cryptMPI-mvapich2-2.3.3/src/mpl/include -I/home/sadeghil/Encrypted_MPI/cryptMPI-mvapich2-2.3.3/src/mpl/include -I/home/sadeghil/Encrypted_MPI/cryptMPI-mvapich2-2.3.3/src/openpa/src -I/home/sadeghil/Encrypted_MPI/cryptMPI-mvapich2-2.3.3/src/openpa/src -D_REENTRANT -I/home/sadeghil/Encrypted_MPI/cryptMPI-mvapich2-2.3.3/src/mpi/romio/include -I/include -I/include -I/include -I/include  conftest.c  >&5
configure:3165: $? = 0
configure:3187: result: 
configure:3209: checking whether we are cross compiling
configure:3217: gcc -o conftest    -DNDEBUG -DNVALGRIND -O2    -I/home/sadeghil/Encrypted_MPI/cryptMPI-mvapich2-2.3.3/src/mpl/include -I/home/sadeghil/Encrypted_MPI/cryptMPI-mvapich2-2.3.3/src/mpl/include -I/home/sadeghil/Encrypted_MPI/cryptMPI-mvapich2-2.3.3/src/openpa/src -I/home/sadeghil/Encrypted_MPI/cryptMPI-mvapich2-2.3.3/src/openpa/src -D_REENTRANT -I/home/sadeghil/Encrypted_MPI/cryptMPI-mvapich2-2.3.3/src/mpi/romio/include -I/include -I/include -I/include -I/include  conftest.c  >&5
configure:3221: $? = 0
configure:3228: ./conftest
configure:3232: $? = 0
configure:3247: result: no
configure:3252: checking for suffix of object files
configure:3274: gcc -c    -DNDEBUG -DNVALGRIND -O2    -I/home/sadeghil/Encrypted_MPI/cryptMPI-mvapich2-2.3.3/src/mpl/include -I/home/sadeghil/Encrypted_MPI/cryptMPI-mvapich2-2.3.3/src/mpl/include -I/home/sadeghil/Encrypted_MPI/cryptMPI-mvapich2-2.3.3/src/openpa/src -I/home/sadeghil/Encrypted_MPI/cryptMPI-mvapich2-2.3.3/src/openpa/src -D_REENTRANT -I/home/sadeghil/Encrypted_MPI/cryptMPI-mvapich2-2.3.3/src/mpi/romio/include -I/include -I/include -I/include -I/include conftest.c >&5
configure:3278: $? = 0
configure:3299: result: o
configure:3303: checking whether we are using the GNU C compiler
configure:3322: gcc -c    -DNDEBUG -DNVALGRIND -O2    -I/home/sadeghil/Encrypted_MPI/cryptMPI-mvapich2-2.3.3/src/mpl/include -I/home/sadeghil/Encrypted_MPI/cryptMPI-mvapich2-2.3.3/src/mpl/include -I/home/sadeghil/Encrypted_MPI/cryptMPI-mvapich2-2.3.3/src/openpa/src -I/home/sadeghil/Encrypted_MPI/cryptMPI-mvapich2-2.3.3/src/openpa/src -D_REENTRANT -I/home/sadeghil/Encrypted_MPI/cryptMPI-mvapich2-2.3.3/src/mpi/romio/include -I/include -I/include -I/include -I/include conftest.c >&5
configure:3322: $? = 0
configure:3331: result: yes
configure:3340: checking whether gcc accepts -g
configure:3360: gcc -c -g   -I/home/sadeghil/Encrypted_MPI/cryptMPI-mvapich2-2.3.3/src/mpl/include -I/home/sadeghil/Encrypted_MPI/cryptMPI-mvapich2-2.3.3/src/mpl/include -I/home/sadeghil/Encrypted_MPI/cryptMPI-mvapich2-2.3.3/src/openpa/src -I/home/sadeghil/Encrypted_MPI/cryptMPI-mvapich2-2.3.3/src/openpa/src -D_REENTRANT -I/home/sadeghil/Encrypted_MPI/cryptMPI-mvapich2-2.3.3/src/mpi/romio/include -I/include -I/include -I/include -I/include conftest.c >&5
configure:3360: $? = 0
configure:3401: result: yes
configure:3418: checking for gcc option to accept ISO C89
configure:3481: gcc  -c    -DNDEBUG -DNVALGRIND -O2    -I/home/sadeghil/Encrypted_MPI/cryptMPI-mvapich2-2.3.3/src/mpl/include -I/home/sadeghil/Encrypted_MPI/cryptMPI-mvapich2-2.3.3/src/mpl/include -I/home/sadeghil/Encrypted_MPI/cryptMPI-mvapich2-2.3.3/src/openpa/src -I/home/sadeghil/Encrypted_MPI/cryptMPI-mvapich2-2.3.3/src/openpa/src -D_REENTRANT -I/home/sadeghil/Encrypted_MPI/cryptMPI-mvapich2-2.3.3/src/mpi/romio/include -I/include -I/include -I/include -I/include conftest.c >&5
configure:3481: $? = 0
configure:3494: result: none needed
configure:3519: checking whether gcc understands -c and -o together
configure:3541: gcc -c conftest.c -o conftest2.o
configure:3544: $? = 0
configure:3541: gcc -c conftest.c -o conftest2.o
configure:3544: $? = 0
configure:3556: result: yes
configure:3575: checking dependency style of gcc
configure:3686: result: gcc3
configure:3812: checking the archiver (ar) interface
configure:3828: gcc -c    -DNDEBUG -DNVALGRIND -O2    -I/home/sadeghil/Encrypted_MPI/cryptMPI-mvapich2-2.3.3/src/mpl/include -I/home/sadeghil/Encrypted_MPI/cryptMPI-mvapich2-2.3.3/src/mpl/include -I/home/sadeghil/Encrypted_MPI/cryptMPI-mvapich2-2.3.3/src/openpa/src -I/home/sadeghil/Encrypted_MPI/cryptMPI-mvapich2-2.3.3/src/openpa/src -D_REENTRANT -I/home/sadeghil/Encrypted_MPI/cryptMPI-mvapich2-2.3.3/src/mpi/romio/include -I/include -I/include -I/include -I/include conftest.c >&5
configure:3828: $? = 0
configure:3830: ar cru libconftest.a conftest.o >&5
configure:3833: $? = 0
configure:3861: result: ar
configure:3921: checking build system type
configure:3935: result: x86_64-pc-linux-gnu
configure:3955: checking host system type
configure:3968: result: x86_64-pc-linux-gnu
configure:4009: checking how to print strings
configure:4036: result: printf
configure:4057: checking for a sed that does not truncate output
configure:4121: result: /usr/bin/sed
configure:4139: checking for grep that handles long lines and -e
configure:4197: result: /usr/bin/grep
configure:4202: checking for egrep
configure:4264: result: /usr/bin/grep -E
configure:4269: checking for fgrep
configure:4331: result: /usr/bin/grep -F
configure:4366: checking for ld used by gcc
configure:4433: result: /usr/bin/ld -m elf_x86_64 -m elf_x86_64
configure:4440: checking if the linker (/usr/bin/ld -m elf_x86_64 -m elf_x86_64) is GNU ld
configure:4455: result: yes
configure:4467: checking for BSD- or MS-compatible name lister (nm)
configure:4521: result: /usr/bin/nm -B
configure:4651: checking the name lister (/usr/bin/nm -B) interface
configure:4658: gcc -c    -DNDEBUG -DNVALGRIND -O2    -I/home/sadeghil/Encrypted_MPI/cryptMPI-mvapich2-2.3.3/src/mpl/include -I/home/sadeghil/Encrypted_MPI/cryptMPI-mvapich2-2.3.3/src/mpl/include -I/home/sadeghil/Encrypted_MPI/cryptMPI-mvapich2-2.3.3/src/openpa/src -I/home/sadeghil/Encrypted_MPI/cryptMPI-mvapich2-2.3.3/src/openpa/src -D_REENTRANT -I/home/sadeghil/Encrypted_MPI/cryptMPI-mvapich2-2.3.3/src/mpi/romio/include -I/include -I/include -I/include -I/include conftest.c >&5
configure:4661: /usr/bin/nm -B "conftest.o"
configure:4664: output
0000000000000000 B some_variable
configure:4671: result: BSD nm
configure:4674: checking whether ln -s works
configure:4678: result: yes
configure:4686: checking the maximum length of command line arguments
configure:4817: result: 1572864
configure:4865: checking how to convert x86_64-pc-linux-gnu file names to x86_64-pc-linux-gnu format
configure:4905: result: func_convert_file_noop
configure:4912: checking how to convert x86_64-pc-linux-gnu file names to toolchain format
configure:4932: result: func_convert_file_noop
configure:4939: checking for /usr/bin/ld -m elf_x86_64 -m elf_x86_64 option to reload object files
configure:4946: result: -r
configure:5020: checking for objdump
configure:5036: found /usr/bin/objdump
configure:5047: result: objdump
configure:5079: checking how to recognize dependent libraries
configure:5279: result: pass_all
configure:5364: checking for dlltool
configure:5394: result: no
configure:5424: checking how to associate runtime and link libraries
configure:5451: result: printf %s\n
configure:5575: checking for archiver @FILE support
configure:5592: gcc -c    -DNDEBUG -DNVALGRIND -O2    -I/home/sadeghil/Encrypted_MPI/cryptMPI-mvapich2-2.3.3/src/mpl/include -I/home/sadeghil/Encrypted_MPI/cryptMPI-mvapich2-2.3.3/src/mpl/include -I/home/sadeghil/Encrypted_MPI/cryptMPI-mvapich2-2.3.3/src/openpa/src -I/home/sadeghil/Encrypted_MPI/cryptMPI-mvapich2-2.3.3/src/openpa/src -D_REENTRANT -I/home/sadeghil/Encrypted_MPI/cryptMPI-mvapich2-2.3.3/src/mpi/romio/include -I/include -I/include -I/include -I/include conftest.c >&5
configure:5592: $? = 0
configure:5595: ar cr libconftest.a @conftest.lst >&5
configure:5598: $? = 0
configure:5603: ar cr libconftest.a @conftest.lst >&5
ar: conftest.o: No such file or directory
configure:5606: $? = 1
configure:5618: result: @
configure:5676: checking for strip
configure:5692: found /usr/bin/strip
configure:5703: result: strip
configure:5775: checking for ranlib
configure:5802: result: ranlib
configure:5904: checking command to parse /usr/bin/nm -B output from gcc object
configure:6057: gcc -c    -DNDEBUG -DNVALGRIND -O2    -I/home/sadeghil/Encrypted_MPI/cryptMPI-mvapich2-2.3.3/src/mpl/include -I/home/sadeghil/Encrypted_MPI/cryptMPI-mvapich2-2.3.3/src/mpl/include -I/home/sadeghil/Encrypted_MPI/cryptMPI-mvapich2-2.3.3/src/openpa/src -I/home/sadeghil/Encrypted_MPI/cryptMPI-mvapich2-2.3.3/src/openpa/src -D_REENTRANT -I/home/sadeghil/Encrypted_MPI/cryptMPI-mvapich2-2.3.3/src/mpi/romio/include -I/include -I/include -I/include -I/include conftest.c >&5
configure:6060: $? = 0
configure:6064: /usr/bin/nm -B conftest.o \| sed -n -e 's/^.*[ ]\([ABCDGIRSTW][ABCDGIRSTW]*\)[ ][ ]*\([_A-Za-z][_A-Za-z0-9]*\)$/\1 \2 \2/p' | sed '/ __gnu_lto/d' \> conftest.nm
configure:6067: $? = 0
configure:6133: gcc -o conftest    -DNDEBUG -DNVALGRIND -O2    -I/home/sadeghil/Encrypted_MPI/cryptMPI-mvapich2-2.3.3/src/mpl/include -I/home/sadeghil/Encrypted_MPI/cryptMPI-mvapich2-2.3.3/src/mpl/include -I/home/sadeghil/Encrypted_MPI/cryptMPI-mvapich2-2.3.3/src/openpa/src -I/home/sadeghil/Encrypted_MPI/cryptMPI-mvapich2-2.3.3/src/openpa/src -D_REENTRANT -I/home/sadeghil/Encrypted_MPI/cryptMPI-mvapich2-2.3.3/src/mpi/romio/include -I/include -I/include -I/include -I/include  conftest.c conftstm.o >&5
configure:6136: $? = 0
configure:6174: result: ok
configure:6221: checking for sysroot
configure:6251: result: no
configure:6258: checking for a working dd
configure:6296: result: /usr/bin/dd
configure:6300: checking how to truncate binary pipes
configure:6315: result: /usr/bin/dd bs=4096 count=1
configure:6451: gcc -c    -DNDEBUG -DNVALGRIND -O2    -I/home/sadeghil/Encrypted_MPI/cryptMPI-mvapich2-2.3.3/src/mpl/include -I/home/sadeghil/Encrypted_MPI/cryptMPI-mvapich2-2.3.3/src/mpl/include -I/home/sadeghil/Encrypted_MPI/cryptMPI-mvapich2-2.3.3/src/openpa/src -I/home/sadeghil/Encrypted_MPI/cryptMPI-mvapich2-2.3.3/src/openpa/src -D_REENTRANT -I/home/sadeghil/Encrypted_MPI/cryptMPI-mvapich2-2.3.3/src/mpi/romio/include -I/include -I/include -I/include -I/include conftest.c >&5
configure:6454: $? = 0
configure:6644: checking for mt
configure:6674: result: no
configure:6694: checking if : is a manifest tool
configure:6700: : '-?'
configure:6708: result: no
configure:7385: checking how to run the C preprocessor
configure:7416: gcc -E   -I/home/sadeghil/Encrypted_MPI/cryptMPI-mvapich2-2.3.3/src/mpl/include -I/home/sadeghil/Encrypted_MPI/cryptMPI-mvapich2-2.3.3/src/mpl/include -I/home/sadeghil/Encrypted_MPI/cryptMPI-mvapich2-2.3.3/src/openpa/src -I/home/sadeghil/Encrypted_MPI/cryptMPI-mvapich2-2.3.3/src/openpa/src -D_REENTRANT -I/home/sadeghil/Encrypted_MPI/cryptMPI-mvapich2-2.3.3/src/mpi/romio/include -I/include -I/include -I/include -I/include conftest.c
configure:7416: $? = 0
configure:7430: gcc -E   -I/home/sadeghil/Encrypted_MPI/cryptMPI-mvapich2-2.3.3/src/mpl/include -I/home/sadeghil/Encrypted_MPI/cryptMPI-mvapich2-2.3.3/src/mpl/include -I/home/sadeghil/Encrypted_MPI/cryptMPI-mvapich2-2.3.3/src/openpa/src -I/home/sadeghil/Encrypted_MPI/cryptMPI-mvapich2-2.3.3/src/openpa/src -D_REENTRANT -I/home/sadeghil/Encrypted_MPI/cryptMPI-mvapich2-2.3.3/src/mpi/romio/include -I/include -I/include -I/include -I/include conftest.c
conftest.c:11:28: fatal error: ac_nonexistent.h: No such file or directory
 #include <ac_nonexistent.h>
                            ^
compilation terminated.
configure:7430: $? = 1
configure: failed program was:
| /* confdefs.h */
| #define PACKAGE_NAME "MPL"
| #define PACKAGE_TARNAME "mpl"
| #define PACKAGE_VERSION "0.1"
| #define PACKAGE_STRING "MPL 0.1"
| #define PACKAGE_BUGREPORT ""
| #define PACKAGE_URL ""
| #define PACKAGE "mpl"
| #define VERSION "0.1"
| /* end confdefs.h.  */
| #include <ac_nonexistent.h>
configure:7455: result: gcc -E
configure:7475: gcc -E   -I/home/sadeghil/Encrypted_MPI/cryptMPI-mvapich2-2.3.3/src/mpl/include -I/home/sadeghil/Encrypted_MPI/cryptMPI-mvapich2-2.3.3/src/mpl/include -I/home/sadeghil/Encrypted_MPI/cryptMPI-mvapich2-2.3.3/src/openpa/src -I/home/sadeghil/Encrypted_MPI/cryptMPI-mvapich2-2.3.3/src/openpa/src -D_REENTRANT -I/home/sadeghil/Encrypted_MPI/cryptMPI-mvapich2-2.3.3/src/mpi/romio/include -I/include -I/include -I/include -I/include conftest.c
configure:7475: $? = 0
configure:7489: gcc -E   -I/home/sadeghil/Encrypted_MPI/cryptMPI-mvapich2-2.3.3/src/mpl/include -I/home/sadeghil/Encrypted_MPI/cryptMPI-mvapich2-2.3.3/src/mpl/include -I/home/sadeghil/Encrypted_MPI/cryptMPI-mvapich2-2.3.3/src/openpa/src -I/home/sadeghil/Encrypted_MPI/cryptMPI-mvapich2-2.3.3/src/openpa/src -D_REENTRANT -I/home/sadeghil/Encrypted_MPI/cryptMPI-mvapich2-2.3.3/src/mpi/romio/include -I/include -I/include -I/include -I/include conftest.c
conftest.c:11:28: fatal error: ac_nonexistent.h: No such file or directory
 #include <ac_nonexistent.h>
                            ^
compilation terminated.
configure:7489: $? = 1
configure: failed program was:
| /* confdefs.h */
| #define PACKAGE_NAME "MPL"
| #define PACKAGE_TARNAME "mpl"
| #define PACKAGE_VERSION "0.1"
| #define PACKAGE_STRING "MPL 0.1"
| #define PACKAGE_BUGREPORT ""
| #define PACKAGE_URL ""
| #define PACKAGE "mpl"
| #define VERSION "0.1"
| /* end confdefs.h.  */
| #include <ac_nonexistent.h>
configure:7518: checking for ANSI C header files
configure:7538: gcc -c    -DNDEBUG -DNVALGRIND -O2    -I/home/sadeghil/Encrypted_MPI/cryptMPI-mvapich2-2.3.3/src/mpl/include -I/home/sadeghil/Encrypted_MPI/cryptMPI-mvapich2-2.3.3/src/mpl/include -I/home/sadeghil/Encrypted_MPI/cryptMPI-mvapich2-2.3.3/src/openpa/src -I/home/sadeghil/Encrypted_MPI/cryptMPI-mvapich2-2.3.3/src/openpa/src -D_REENTRANT -I/home/sadeghil/Encrypted_MPI/cryptMPI-mvapich2-2.3.3/src/mpi/romio/include -I/include -I/include -I/include -I/include conftest.c >&5
configure:7538: $? = 0
configure:7611: gcc -o conftest    -DNDEBUG -DNVALGRIND -O2    -I/home/sadeghil/Encrypted_MPI/cryptMPI-mvapich2-2.3.3/src/mpl/include -I/home/sadeghil/Encrypted_MPI/cryptMPI-mvapich2-2.3.3/src/mpl/include -I/home/sadeghil/Encrypted_MPI/cryptMPI-mvapich2-2.3.3/src/openpa/src -I/home/sadeghil/Encrypted_MPI/cryptMPI-mvapich2-2.3.3/src/openpa/src -D_REENTRANT -I/home/sadeghil/Encrypted_MPI/cryptMPI-mvapich2-2.3.3/src/mpi/romio/include -I/include -I/include -I/include -I/include  conftest.c  >&5
configure:7611: $? = 0
configure:7611: ./conftest
configure:7611: $? = 0
configure:7622: result: yes
configure:7635: checking for sys/types.h
configure:7635: gcc -c    -DNDEBUG -DNVALGRIND -O2    -I/home/sadeghil/Encrypted_MPI/cryptMPI-mvapich2-2.3.3/src/mpl/include -I/home/sadeghil/Encrypted_MPI/cryptMPI-mvapich2-2.3.3/src/mpl/include -I/home/sadeghil/Encrypted_MPI/cryptMPI-mvapich2-2.3.3/src/openpa/src -I/home/sadeghil/Encrypted_MPI/cryptMPI-mvapich2-2.3.3/src/openpa/src -D_REENTRANT -I/home/sadeghil/Encrypted_MPI/cryptMPI-mvapich2-2.3.3/src/mpi/romio/include -I/include -I/include -I/include -I/include conftest.c >&5
configure:7635: $? = 0
configure:7635: result: yes
configure:7635: checking for sys/stat.h
configure:7635: gcc -c    -DNDEBUG -DNVALGRIND -O2    -I/home/sadeghil/Encrypted_MPI/cryptMPI-mvapich2-2.3.3/src/mpl/include -I/home/sadeghil/Encrypted_MPI/cryptMPI-mvapich2-2.3.3/src/mpl/include -I/home/sadeghil/Encrypted_MPI/cryptMPI-mvapich2-2.3.3/src/openpa/src -I/home/sadeghil/Encrypted_MPI/cryptMPI-mvapich2-2.3.3/src/openpa/src -D_REENTRANT -I/home/sadeghil/Encrypted_MPI/cryptMPI-mvapich2-2.3.3/src/mpi/romio/include -I/include -I/include -I/include -I/include conftest.c >&5
configure:7635: $? = 0
configure:7635: result: yes
configure:7635: checking for stdlib.h
configure:7635: gcc -c    -DNDEBUG -DNVALGRIND -O2    -I/home/sadeghil/Encrypted_MPI/cryptMPI-mvapich2-2.3.3/src/mpl/include -I/home/sadeghil/Encrypted_MPI/cryptMPI-mvapich2-2.3.3/src/mpl/include -I/home/sadeghil/Encrypted_MPI/cryptMPI-mvapich2-2.3.3/src/openpa/src -I/home/sadeghil/Encrypted_MPI/cryptMPI-mvapich2-2.3.3/src/openpa/src -D_REENTRANT -I/home/sadeghil/Encrypted_MPI/cryptMPI-mvapich2-2.3.3/src/mpi/romio/include -I/include -I/include -I/include -I/include conftest.c >&5
configure:7635: $? = 0
configure:7635: result: yes
configure:7635: checking for string.h
configure:7635: gcc -c    -DNDEBUG -DNVALGRIND -O2    -I/home/sadeghil/Encrypted_MPI/cryptMPI-mvapich2-2.3.3/src/mpl/include -I/home/sadeghil/Encrypted_MPI/cryptMPI-mvapich2-2.3.3/src/mpl/include -I/home/sadeghil/Encrypted_MPI/cryptMPI-mvapich2-2.3.3/src/openpa/src -I/home/sadeghil/Encrypted_MPI/cryptMPI-mvapich2-2.3.3/src/openpa/src -D_REENTRANT -I/home/sadeghil/Encrypted_MPI/cryptMPI-mvapich2-2.3.3/src/mpi/romio/include -I/include -I/include -I/include -I/include conftest.c >&5
configure:7635: $? = 0
configure:7635: result: yes
configure:7635: checking for memory.h
configure:7635: gcc -c    -DNDEBUG -DNVALGRIND -O2    -I/home/sadeghil/Encrypted_MPI/cryptMPI-mvapich2-2.3.3/src/mpl/include -I/home/sadeghil/Encrypted_MPI/cryptMPI-mvapich2-2.3.3/src/mpl/include -I/home/sadeghil/Encrypted_MPI/cryptMPI-mvapich2-2.3.3/src/openpa/src -I/home/sadeghil/Encrypted_MPI/cryptMPI-mvapich2-2.3.3/src/openpa/src -D_REENTRANT -I/home/sadeghil/Encrypted_MPI/cryptMPI-mvapich2-2.3.3/src/mpi/romio/include -I/include -I/include -I/include -I/include conftest.c >&5
configure:7635: $? = 0
configure:7635: result: yes
configure:7635: checking for strings.h
configure:7635: gcc -c    -DNDEBUG -DNVALGRIND -O2    -I/home/sadeghil/Encrypted_MPI/cryptMPI-mvapich2-2.3.3/src/mpl/include -I/home/sadeghil/Encrypted_MPI/cryptMPI-mvapich2-2.3.3/src/mpl/include -I/home/sadeghil/Encrypted_MPI/cryptMPI-mvapich2-2.3.3/src/openpa/src -I/home/sadeghil/Encrypted_MPI/cryptMPI-mvapich2-2.3.3/src/openpa/src -D_REENTRANT -I/home/sadeghil/Encrypted_MPI/cryptMPI-mvapich2-2.3.3/src/mpi/romio/include -I/include -I/include -I/include -I/include conftest.c >&5
configure:7635: $? = 0
configure:7635: result: yes
configure:7635: checking for inttypes.h
configure:7635: gcc -c    -DNDEBUG -DNVALGRIND -O2    -I/home/sadeghil/Encrypted_MPI/cryptMPI-mvapich2-2.3.3/src/mpl/include -I/home/sadeghil/Encrypted_MPI/cryptMPI-mvapich2-2.3.3/src/mpl/include -I/home/sadeghil/Encrypted_MPI/cryptMPI-mvapich2-2.3.3/src/openpa/src -I/home/sadeghil/Encrypted_MPI/cryptMPI-mvapich2-2.3.3/src/openpa/src -D_REENTRANT -I/home/sadeghil/Encrypted_MPI/cryptMPI-mvapich2-2.3.3/src/mpi/romio/include -I/include -I/include -I/include -I/include conftest.c >&5
configure:7635: $? = 0
configure:7635: result: yes
configure:7635: checking for stdint.h
configure:7635: gcc -c    -DNDEBUG -DNVALGRIND -O2    -I/home/sadeghil/Encrypted_MPI/cryptMPI-mvapich2-2.3.3/src/mpl/include -I/home/sadeghil/Encrypted_MPI/cryptMPI-mvapich2-2.3.3/src/mpl/include -I/home/sadeghil/Encrypted_MPI/cryptMPI-mvapich2-2.3.3/src/openpa/src -I/home/sadeghil/Encrypted_MPI/cryptMPI-mvapich2-2.3.3/src/openpa/src -D_REENTRANT -I/home/sadeghil/Encrypted_MPI/cryptMPI-mvapich2-2.3.3/src/mpi/romio/include -I/include -I/include -I/include -I/include conftest.c >&5
configure:7635: $? = 0
configure:7635: result: yes
configure:7635: checking for unistd.h
configure:7635: gcc -c    -DNDEBUG -DNVALGRIND -O2    -I/home/sadeghil/Encrypted_MPI/cryptMPI-mvapich2-2.3.3/src/mpl/include -I/home/sadeghil/Encrypted_MPI/cryptMPI-mvapich2-2.3.3/src/mpl/include -I/home/sadeghil/Encrypted_MPI/cryptMPI-mvapich2-2.3.3/src/openpa/src -I/home/sadeghil/Encrypted_MPI/cryptMPI-mvapich2-2.3.3/src/openpa/src -D_REENTRANT -I/home/sadeghil/Encrypted_MPI/cryptMPI-mvapich2-2.3.3/src/mpi/romio/include -I/include -I/include -I/include -I/include conftest.c >&5
configure:7635: $? = 0
configure:7635: result: yes
configure:7649: checking for dlfcn.h
configure:7649: gcc -c    -DNDEBUG -DNVALGRIND -O2    -I/home/sadeghil/Encrypted_MPI/cryptMPI-mvapich2-2.3.3/src/mpl/include -I/home/sadeghil/Encrypted_MPI/cryptMPI-mvapich2-2.3.3/src/mpl/include -I/home/sadeghil/Encrypted_MPI/cryptMPI-mvapich2-2.3.3/src/openpa/src -I/home/sadeghil/Encrypted_MPI/cryptMPI-mvapich2-2.3.3/src/openpa/src -D_REENTRANT -I/home/sadeghil/Encrypted_MPI/cryptMPI-mvapich2-2.3.3/src/mpi/romio/include -I/include -I/include -I/include -I/include conftest.c >&5
configure:7649: $? = 0
configure:7649: result: yes
configure:7905: checking for objdir
configure:7920: result: .libs
configure:8184: checking if gcc supports -fno-rtti -fno-exceptions
configure:8202: gcc -c    -DNDEBUG -DNVALGRIND -O2    -I/home/sadeghil/Encrypted_MPI/cryptMPI-mvapich2-2.3.3/src/mpl/include -I/home/sadeghil/Encrypted_MPI/cryptMPI-mvapich2-2.3.3/src/mpl/include -I/home/sadeghil/Encrypted_MPI/cryptMPI-mvapich2-2.3.3/src/openpa/src -I/home/sadeghil/Encrypted_MPI/cryptMPI-mvapich2-2.3.3/src/openpa/src -D_REENTRANT -I/home/sadeghil/Encrypted_MPI/cryptMPI-mvapich2-2.3.3/src/mpi/romio/include -I/include -I/include -I/include -I/include -fno-rtti -fno-exceptions conftest.c >&5
cc1: warning: command line option '-fno-rtti' is valid for C++/ObjC++ but not for C [enabled by default]
configure:8206: $? = 0
configure:8219: result: no
configure:8577: checking for gcc option to produce PIC
configure:8584: result: -fPIC -DPIC
configure:8592: checking if gcc PIC flag -fPIC -DPIC works
configure:8610: gcc -c    -DNDEBUG -DNVALGRIND -O2    -I/home/sadeghil/Encrypted_MPI/cryptMPI-mvapich2-2.3.3/src/mpl/include -I/home/sadeghil/Encrypted_MPI/cryptMPI-mvapich2-2.3.3/src/mpl/include -I/home/sadeghil/Encrypted_MPI/cryptMPI-mvapich2-2.3.3/src/openpa/src -I/home/sadeghil/Encrypted_MPI/cryptMPI-mvapich2-2.3.3/src/openpa/src -D_REENTRANT -I/home/sadeghil/Encrypted_MPI/cryptMPI-mvapich2-2.3.3/src/mpi/romio/include -I/include -I/include -I/include -I/include -fPIC -DPIC -DPIC conftest.c >&5
configure:8614: $? = 0
configure:8627: result: yes
configure:8656: checking if gcc static flag -static works
configure:8684: result: no
configure:8699: checking if gcc supports -c -o file.o
configure:8720: gcc -c    -DNDEBUG -DNVALGRIND -O2    -I/home/sadeghil/Encrypted_MPI/cryptMPI-mvapich2-2.3.3/src/mpl/include -I/home/sadeghil/Encrypted_MPI/cryptMPI-mvapich2-2.3.3/src/mpl/include -I/home/sadeghil/Encrypted_MPI/cryptMPI-mvapich2-2.3.3/src/openpa/src -I/home/sadeghil/Encrypted_MPI/cryptMPI-mvapich2-2.3.3/src/openpa/src -D_REENTRANT -I/home/sadeghil/Encrypted_MPI/cryptMPI-mvapich2-2.3.3/src/mpi/romio/include -I/include -I/include -I/include -I/include -o out/conftest2.o conftest.c >&5
configure:8724: $? = 0
configure:8746: result: yes
configure:8754: checking if gcc supports -c -o file.o
configure:8801: result: yes
configure:8834: checking whether the gcc linker (/usr/bin/ld -m elf_x86_64 -m elf_x86_64 -m elf_x86_64) supports shared libraries
configure:10093: result: yes
configure:10130: checking whether -lc should be explicitly linked in
configure:10138: gcc -c    -DNDEBUG -DNVALGRIND -O2    -I/home/sadeghil/Encrypted_MPI/cryptMPI-mvapich2-2.3.3/src/mpl/include -I/home/sadeghil/Encrypted_MPI/cryptMPI-mvapich2-2.3.3/src/mpl/include -I/home/sadeghil/Encrypted_MPI/cryptMPI-mvapich2-2.3.3/src/openpa/src -I/home/sadeghil/Encrypted_MPI/cryptMPI-mvapich2-2.3.3/src/openpa/src -D_REENTRANT -I/home/sadeghil/Encrypted_MPI/cryptMPI-mvapich2-2.3.3/src/mpi/romio/include -I/include -I/include -I/include -I/include conftest.c >&5
configure:10141: $? = 0
configure:10156: gcc -shared  -fPIC -DPIC conftest.o  -v -Wl,-soname -Wl,conftest -o conftest 2\>\&1 \| /usr/bin/grep  -lc  \>/dev/null 2\>\&1
configure:10159: $? = 0
configure:10173: result: no
configure:10333: checking dynamic linker characteristics
configure:10914: gcc -o conftest    -DNDEBUG -DNVALGRIND -O2    -I/home/sadeghil/Encrypted_MPI/cryptMPI-mvapich2-2.3.3/src/mpl/include -I/home/sadeghil/Encrypted_MPI/cryptMPI-mvapich2-2.3.3/src/mpl/include -I/home/sadeghil/Encrypted_MPI/cryptMPI-mvapich2-2.3.3/src/openpa/src -I/home/sadeghil/Encrypted_MPI/cryptMPI-mvapich2-2.3.3/src/openpa/src -D_REENTRANT -I/home/sadeghil/Encrypted_MPI/cryptMPI-mvapich2-2.3.3/src/mpi/romio/include -I/include -I/include -I/include -I/include  -Wl,-rpath -Wl,/foo conftest.c  >&5
configure:10914: $? = 0
configure:11151: result: GNU/Linux ld.so
configure:11273: checking how to hardcode library paths into programs
configure:11298: result: immediate
configure:11846: checking whether stripping libraries is possible
configure:11851: result: yes
configure:11886: checking if libtool supports shared libraries
configure:11888: result: yes
configure:11891: checking whether to build shared libraries
configure:11916: result: yes
configure:11919: checking whether to build static libraries
configure:11923: result: yes
configure:11997: checking whether make supports nested variables
configure:12014: result: yes
configure:12026: checking for an ANSI C-conforming const
configure:12092: gcc -c    -DNDEBUG -DNVALGRIND -O2    -I/home/sadeghil/Encrypted_MPI/cryptMPI-mvapich2-2.3.3/src/mpl/include -I/home/sadeghil/Encrypted_MPI/cryptMPI-mvapich2-2.3.3/src/mpl/include -I/home/sadeghil/Encrypted_MPI/cryptMPI-mvapich2-2.3.3/src/openpa/src -I/home/sadeghil/Encrypted_MPI/cryptMPI-mvapich2-2.3.3/src/openpa/src -D_REENTRANT -I/home/sadeghil/Encrypted_MPI/cryptMPI-mvapich2-2.3.3/src/mpi/romio/include -I/include -I/include -I/include -I/include conftest.c >&5
configure:12092: $? = 0
configure:12099: result: yes
configure:12107: checking for C/C++ restrict keyword
configure:12132: gcc -c    -DNDEBUG -DNVALGRIND -O2    -I/home/sadeghil/Encrypted_MPI/cryptMPI-mvapich2-2.3.3/src/mpl/include -I/home/sadeghil/Encrypted_MPI/cryptMPI-mvapich2-2.3.3/src/mpl/include -I/home/sadeghil/Encrypted_MPI/cryptMPI-mvapich2-2.3.3/src/openpa/src -I/home/sadeghil/Encrypted_MPI/cryptMPI-mvapich2-2.3.3/src/openpa/src -D_REENTRANT -I/home/sadeghil/Encrypted_MPI/cryptMPI-mvapich2-2.3.3/src/mpi/romio/include -I/include -I/include -I/include -I/include conftest.c >&5
configure:12132: $? = 0
configure:12140: result: __restrict
configure:12153: checking for inline
configure:12169: gcc -c    -DNDEBUG -DNVALGRIND -O2    -I/home/sadeghil/Encrypted_MPI/cryptMPI-mvapich2-2.3.3/src/mpl/include -I/home/sadeghil/Encrypted_MPI/cryptMPI-mvapich2-2.3.3/src/mpl/include -I/home/sadeghil/Encrypted_MPI/cryptMPI-mvapich2-2.3.3/src/openpa/src -I/home/sadeghil/Encrypted_MPI/cryptMPI-mvapich2-2.3.3/src/openpa/src -D_REENTRANT -I/home/sadeghil/Encrypted_MPI/cryptMPI-mvapich2-2.3.3/src/mpi/romio/include -I/include -I/include -I/include -I/include conftest.c >&5
configure:12169: $? = 0
configure:12177: result: inline
configure:12197: checking for variable argument list macro functionality
configure:12213: gcc -o conftest    -DNDEBUG -DNVALGRIND -O2    -I/home/sadeghil/Encrypted_MPI/cryptMPI-mvapich2-2.3.3/src/mpl/include -I/home/sadeghil/Encrypted_MPI/cryptMPI-mvapich2-2.3.3/src/mpl/include -I/home/sadeghil/Encrypted_MPI/cryptMPI-mvapich2-2.3.3/src/openpa/src -I/home/sadeghil/Encrypted_MPI/cryptMPI-mvapich2-2.3.3/src/openpa/src -D_REENTRANT -I/home/sadeghil/Encrypted_MPI/cryptMPI-mvapich2-2.3.3/src/mpi/romio/include -I/include -I/include -I/include -I/include  conftest.c  >&5
configure:12213: $? = 0
configure:12217: result: yes
configure:12246: checking for gcov
configure:12262: found /usr/bin/gcov
configure:12273: result: gcov
configure:12394: checking whether the compiler supports __typeof(variable)
configure:12410: gcc -c    -DNDEBUG -DNVALGRIND -O2    -I/home/sadeghil/Encrypted_MPI/cryptMPI-mvapich2-2.3.3/src/mpl/include -I/home/sadeghil/Encrypted_MPI/cryptMPI-mvapich2-2.3.3/src/mpl/include -I/home/sadeghil/Encrypted_MPI/cryptMPI-mvapich2-2.3.3/src/openpa/src -I/home/sadeghil/Encrypted_MPI/cryptMPI-mvapich2-2.3.3/src/openpa/src -D_REENTRANT -I/home/sadeghil/Encrypted_MPI/cryptMPI-mvapich2-2.3.3/src/mpi/romio/include -I/include -I/include -I/include -I/include conftest.c >&5
configure:12410: $? = 0
configure:12418: result: yes
configure:12429: checking stdio.h usability
configure:12429: gcc -c    -DNDEBUG -DNVALGRIND -O2    -I/home/sadeghil/Encrypted_MPI/cryptMPI-mvapich2-2.3.3/src/mpl/include -I/home/sadeghil/Encrypted_MPI/cryptMPI-mvapich2-2.3.3/src/mpl/include -I/home/sadeghil/Encrypted_MPI/cryptMPI-mvapich2-2.3.3/src/openpa/src -I/home/sadeghil/Encrypted_MPI/cryptMPI-mvapich2-2.3.3/src/openpa/src -D_REENTRANT -I/home/sadeghil/Encrypted_MPI/cryptMPI-mvapich2-2.3.3/src/mpi/romio/include -I/include -I/include -I/include -I/include conftest.c >&5
configure:12429: $? = 0
configure:12429: result: yes
configure:12429: checking stdio.h presence
configure:12429: gcc -E   -I/home/sadeghil/Encrypted_MPI/cryptMPI-mvapich2-2.3.3/src/mpl/include -I/home/sadeghil/Encrypted_MPI/cryptMPI-mvapich2-2.3.3/src/mpl/include -I/home/sadeghil/Encrypted_MPI/cryptMPI-mvapich2-2.3.3/src/openpa/src -I/home/sadeghil/Encrypted_MPI/cryptMPI-mvapich2-2.3.3/src/openpa/src -D_REENTRANT -I/home/sadeghil/Encrypted_MPI/cryptMPI-mvapich2-2.3.3/src/mpi/romio/include -I/include -I/include -I/include -I/include conftest.c
configure:12429: $? = 0
configure:12429: result: yes
configure:12429: checking for stdio.h
configure:12429: result: yes
configure:12429: checking for stdlib.h
configure:12429: result: yes
configure:12429: checking for string.h
configure:12429: result: yes
configure:12429: checking stdarg.h usability
configure:12429: gcc -c    -DNDEBUG -DNVALGRIND -O2    -I/home/sadeghil/Encrypted_MPI/cryptMPI-mvapich2-2.3.3/src/mpl/include -I/home/sadeghil/Encrypted_MPI/cryptMPI-mvapich2-2.3.3/src/mpl/include -I/home/sadeghil/Encrypted_MPI/cryptMPI-mvapich2-2.3.3/src/openpa/src -I/home/sadeghil/Encrypted_MPI/cryptMPI-mvapich2-2.3.3/src/openpa/src -D_REENTRANT -I/home/sadeghil/Encrypted_MPI/cryptMPI-mvapich2-2.3.3/src/mpi/romio/include -I/include -I/include -I/include -I/include conftest.c >&5
configure:12429: $? = 0
configure:12429: result: yes
configure:12429: checking stdarg.h presence
configure:12429: gcc -E   -I/home/sadeghil/Encrypted_MPI/cryptMPI-mvapich2-2.3.3/src/mpl/include -I/home/sadeghil/Encrypted_MPI/cryptMPI-mvapich2-2.3.3/src/mpl/include -I/home/sadeghil/Encrypted_MPI/cryptMPI-mvapich2-2.3.3/src/openpa/src -I/home/sadeghil/Encrypted_MPI/cryptMPI-mvapich2-2.3.3/src/openpa/src -D_REENTRANT -I/home/sadeghil/Encrypted_MPI/cryptMPI-mvapich2-2.3.3/src/mpi/romio/include -I/include -I/include -I/include -I/include conftest.c
configure:12429: $? = 0
configure:12429: result: yes
configure:12429: checking for stdarg.h
configure:12429: result: yes
configure:12429: checking ctype.h usability
configure:12429: gcc -c    -DNDEBUG -DNVALGRIND -O2    -I/home/sadeghil/Encrypted_MPI/cryptMPI-mvapich2-2.3.3/src/mpl/include -I/home/sadeghil/Encrypted_MPI/cryptMPI-mvapich2-2.3.3/src/mpl/include -I/home/sadeghil/Encrypted_MPI/cryptMPI-mvapich2-2.3.3/src/openpa/src -I/home/sadeghil/Encrypted_MPI/cryptMPI-mvapich2-2.3.3/src/openpa/src -D_REENTRANT -I/home/sadeghil/Encrypted_MPI/cryptMPI-mvapich2-2.3.3/src/mpi/romio/include -I/include -I/include -I/include -I/include conftest.c >&5
configure:12429: $? = 0
configure:12429: result: yes
configure:12429: checking ctype.h presence
configure:12429: gcc -E   -I/home/sadeghil/Encrypted_MPI/cryptMPI-mvapich2-2.3.3/src/mpl/include -I/home/sadeghil/Encrypted_MPI/cryptMPI-mvapich2-2.3.3/src/mpl/include -I/home/sadeghil/Encrypted_MPI/cryptMPI-mvapich2-2.3.3/src/openpa/src -I/home/sadeghil/Encrypted_MPI/cryptMPI-mvapich2-2.3.3/src/openpa/src -D_REENTRANT -I/home/sadeghil/Encrypted_MPI/cryptMPI-mvapich2-2.3.3/src/mpi/romio/include -I/include -I/include -I/include -I/include conftest.c
configure:12429: $? = 0
configure:12429: result: yes
configure:12429: checking for ctype.h
configure:12429: result: yes
configure:12429: checking search.h usability
configure:12429: gcc -c    -DNDEBUG -DNVALGRIND -O2    -I/home/sadeghil/Encrypted_MPI/cryptMPI-mvapich2-2.3.3/src/mpl/include -I/home/sadeghil/Encrypted_MPI/cryptMPI-mvapich2-2.3.3/src/mpl/include -I/home/sadeghil/Encrypted_MPI/cryptMPI-mvapich2-2.3.3/src/openpa/src -I/home/sadeghil/Encrypted_MPI/cryptMPI-mvapich2-2.3.3/src/openpa/src -D_REENTRANT -I/home/sadeghil/Encrypted_MPI/cryptMPI-mvapich2-2.3.3/src/mpi/romio/include -I/include -I/include -I/include -I/include conftest.c >&5
configure:12429: $? = 0
configure:12429: result: yes
configure:12429: checking search.h presence
configure:12429: gcc -E   -I/home/sadeghil/Encrypted_MPI/cryptMPI-mvapich2-2.3.3/src/mpl/include -I/home/sadeghil/Encrypted_MPI/cryptMPI-mvapich2-2.3.3/src/mpl/include -I/home/sadeghil/Encrypted_MPI/cryptMPI-mvapich2-2.3.3/src/openpa/src -I/home/sadeghil/Encrypted_MPI/cryptMPI-mvapich2-2.3.3/src/openpa/src -D_REENTRANT -I/home/sadeghil/Encrypted_MPI/cryptMPI-mvapich2-2.3.3/src/mpi/romio/include -I/include -I/include -I/include -I/include conftest.c
configure:12429: $? = 0
configure:12429: result: yes
configure:12429: checking for search.h
configure:12429: result: yes
configure:12429: checking for sys/types.h
configure:12429: result: yes
configure:12429: checking sys/uio.h usability
configure:12429: gcc -c    -DNDEBUG -DNVALGRIND -O2    -I/home/sadeghil/Encrypted_MPI/cryptMPI-mvapich2-2.3.3/src/mpl/include -I/home/sadeghil/Encrypted_MPI/cryptMPI-mvapich2-2.3.3/src/mpl/include -I/home/sadeghil/Encrypted_MPI/cryptMPI-mvapich2-2.3.3/src/openpa/src -I/home/sadeghil/Encrypted_MPI/cryptMPI-mvapich2-2.3.3/src/openpa/src -D_REENTRANT -I/home/sadeghil/Encrypted_MPI/cryptMPI-mvapich2-2.3.3/src/mpi/romio/include -I/include -I/include -I/include -I/include conftest.c >&5
configure:12429: $? = 0
configure:12429: result: yes
configure:12429: checking sys/uio.h presence
configure:12429: gcc -E   -I/home/sadeghil/Encrypted_MPI/cryptMPI-mvapich2-2.3.3/src/mpl/include -I/home/sadeghil/Encrypted_MPI/cryptMPI-mvapich2-2.3.3/src/mpl/include -I/home/sadeghil/Encrypted_MPI/cryptMPI-mvapich2-2.3.3/src/openpa/src -I/home/sadeghil/Encrypted_MPI/cryptMPI-mvapich2-2.3.3/src/openpa/src -D_REENTRANT -I/home/sadeghil/Encrypted_MPI/cryptMPI-mvapich2-2.3.3/src/mpi/romio/include -I/include -I/include -I/include -I/include conftest.c
configure:12429: $? = 0
configure:12429: result: yes
configure:12429: checking for sys/uio.h
configure:12429: result: yes
configure:12444: checking for inttypes.h
configure:12444: result: yes
configure:12444: checking for stdint.h
configure:12444: result: yes
configure:12486: checking valgrind.h usability
configure:12486: gcc -c    -DNDEBUG -DNVALGRIND -O2    -I/home/sadeghil/Encrypted_MPI/cryptMPI-mvapich2-2.3.3/src/mpl/include -I/home/sadeghil/Encrypted_MPI/cryptMPI-mvapich2-2.3.3/src/mpl/include -I/home/sadeghil/Encrypted_MPI/cryptMPI-mvapich2-2.3.3/src/openpa/src -I/home/sadeghil/Encrypted_MPI/cryptMPI-mvapich2-2.3.3/src/openpa/src -D_REENTRANT -I/home/sadeghil/Encrypted_MPI/cryptMPI-mvapich2-2.3.3/src/mpi/romio/include -I/include -I/include -I/include -I/include conftest.c >&5
conftest.c:69:22: fatal error: valgrind.h: No such file or directory
 #include <valgrind.h>
                      ^
compilation terminated.
configure:12486: $? = 1
configure: failed program was:
| /* confdefs.h */
| #define PACKAGE_NAME "MPL"
| #define PACKAGE_TARNAME "mpl"
| #define PACKAGE_VERSION "0.1"
| #define PACKAGE_STRING "MPL 0.1"
| #define PACKAGE_BUGREPORT ""
| #define PACKAGE_URL ""
| #define PACKAGE "mpl"
| #define VERSION "0.1"
| #define STDC_HEADERS 1
| #define HAVE_SYS_TYPES_H 1
| #define HAVE_SYS_STAT_H 1
| #define HAVE_STDLIB_H 1
| #define HAVE_STRING_H 1
| #define HAVE_MEMORY_H 1
| #define HAVE_STRINGS_H 1
| #define HAVE_INTTYPES_H 1
| #define HAVE_STDINT_H 1
| #define HAVE_UNISTD_H 1
| #define HAVE_DLFCN_H 1
| #define LT_OBJDIR ".libs/"
| #define restrict __restrict
| #define HAVE_MACRO_VA_ARGS 1
| #define HAVE___TYPEOF 1
| #define HAVE_STDIO_H 1
| #define HAVE_STDLIB_H 1
| #define HAVE_STRING_H 1
| #define HAVE_STDARG_H 1
| #define HAVE_CTYPE_H 1
| #define HAVE_SEARCH_H 1
| #define HAVE_SYS_TYPES_H 1
| #define HAVE_SYS_UIO_H 1
| #define HAVE_INTTYPES_H 1
| #define HAVE_STDINT_H 1
| /* end confdefs.h.  */
| #include <stdio.h>
| #ifdef HAVE_SYS_TYPES_H
| # include <sys/types.h>
| #endif
| #ifdef HAVE_SYS_STAT_H
| # include <sys/stat.h>
| #endif
| #ifdef STDC_HEADERS
| # include <stdlib.h>
| # include <stddef.h>
| #else
| # ifdef HAVE_STDLIB_H
| #  include <stdlib.h>
| # endif
| #endif
| #ifdef HAVE_STRING_H
| # if !defined STDC_HEADERS && defined HAVE_MEMORY_H
| #  include <memory.h>
| # endif
| # include <string.h>
| #endif
| #ifdef HAVE_STRINGS_H
| # include <strings.h>
| #endif
| #ifdef HAVE_INTTYPES_H
| # include <inttypes.h>
| #endif
| #ifdef HAVE_STDINT_H
| # include <stdint.h>
| #endif
| #ifdef HAVE_UNISTD_H
| # include <unistd.h>
| #endif
| #include <valgrind.h>
configure:12486: result: no
configure:12486: checking valgrind.h presence
configure:12486: gcc -E   -I/home/sadeghil/Encrypted_MPI/cryptMPI-mvapich2-2.3.3/src/mpl/include -I/home/sadeghil/Encrypted_MPI/cryptMPI-mvapich2-2.3.3/src/mpl/include -I/home/sadeghil/Encrypted_MPI/cryptMPI-mvapich2-2.3.3/src/openpa/src -I/home/sadeghil/Encrypted_MPI/cryptMPI-mvapich2-2.3.3/src/openpa/src -D_REENTRANT -I/home/sadeghil/Encrypted_MPI/cryptMPI-mvapich2-2.3.3/src/mpi/romio/include -I/include -I/include -I/include -I/include conftest.c
conftest.c:36:22: fatal error: valgrind.h: No such file or directory
 #include <valgrind.h>
                      ^
compilation terminated.
configure:12486: $? = 1
configure: failed program was:
| /* confdefs.h */
| #define PACKAGE_NAME "MPL"
| #define PACKAGE_TARNAME "mpl"
| #define PACKAGE_VERSION "0.1"
| #define PACKAGE_STRING "MPL 0.1"
| #define PACKAGE_BUGREPORT ""
| #define PACKAGE_URL ""
| #define PACKAGE "mpl"
| #define VERSION "0.1"
| #define STDC_HEADERS 1
| #define HAVE_SYS_TYPES_H 1
| #define HAVE_SYS_STAT_H 1
| #define HAVE_STDLIB_H 1
| #define HAVE_STRING_H 1
| #define HAVE_MEMORY_H 1
| #define HAVE_STRINGS_H 1
| #define HAVE_INTTYPES_H 1
| #define HAVE_STDINT_H 1
| #define HAVE_UNISTD_H 1
| #define HAVE_DLFCN_H 1
| #define LT_OBJDIR ".libs/"
| #define restrict __restrict
| #define HAVE_MACRO_VA_ARGS 1
| #define HAVE___TYPEOF 1
| #define HAVE_STDIO_H 1
| #define HAVE_STDLIB_H 1
| #define HAVE_STRING_H 1
| #define HAVE_STDARG_H 1
| #define HAVE_CTYPE_H 1
| #define HAVE_SEARCH_H 1
| #define HAVE_SYS_TYPES_H 1
| #define HAVE_SYS_UIO_H 1
| #define HAVE_INTTYPES_H 1
| #define HAVE_STDINT_H 1
| /* end confdefs.h.  */
| #include <valgrind.h>
configure:12486: result: no
configure:12486: checking for valgrind.h
configure:12486: result: no
configure:12486: checking memcheck.h usability
configure:12486: gcc -c    -DNDEBUG -DNVALGRIND -O2    -I/home/sadeghil/Encrypted_MPI/cryptMPI-mvapich2-2.3.3/src/mpl/include -I/home/sadeghil/Encrypted_MPI/cryptMPI-mvapich2-2.3.3/src/mpl/include -I/home/sadeghil/Encrypted_MPI/cryptMPI-mvapich2-2.3.3/src/openpa/src -I/home/sadeghil/Encrypted_MPI/cryptMPI-mvapich2-2.3.3/src/openpa/src -D_REENTRANT -I/home/sadeghil/Encrypted_MPI/cryptMPI-mvapich2-2.3.3/src/mpi/romio/include -I/include -I/include -I/include -I/include conftest.c >&5
conftest.c:69:22: fatal error: memcheck.h: No such file or directory
 #include <memcheck.h>
                      ^
compilation terminated.
configure:12486: $? = 1
configure: failed program was:
| /* confdefs.h */
| #define PACKAGE_NAME "MPL"
| #define PACKAGE_TARNAME "mpl"
| #define PACKAGE_VERSION "0.1"
| #define PACKAGE_STRING "MPL 0.1"
| #define PACKAGE_BUGREPORT ""
| #define PACKAGE_URL ""
| #define PACKAGE "mpl"
| #define VERSION "0.1"
| #define STDC_HEADERS 1
| #define HAVE_SYS_TYPES_H 1
| #define HAVE_SYS_STAT_H 1
| #define HAVE_STDLIB_H 1
| #define HAVE_STRING_H 1
| #define HAVE_MEMORY_H 1
| #define HAVE_STRINGS_H 1
| #define HAVE_INTTYPES_H 1
| #define HAVE_STDINT_H 1
| #define HAVE_UNISTD_H 1
| #define HAVE_DLFCN_H 1
| #define LT_OBJDIR ".libs/"
| #define restrict __restrict
| #define HAVE_MACRO_VA_ARGS 1
| #define HAVE___TYPEOF 1
| #define HAVE_STDIO_H 1
| #define HAVE_STDLIB_H 1
| #define HAVE_STRING_H 1
| #define HAVE_STDARG_H 1
| #define HAVE_CTYPE_H 1
| #define HAVE_SEARCH_H 1
| #define HAVE_SYS_TYPES_H 1
| #define HAVE_SYS_UIO_H 1
| #define HAVE_INTTYPES_H 1
| #define HAVE_STDINT_H 1
| /* end confdefs.h.  */
| #include <stdio.h>
| #ifdef HAVE_SYS_TYPES_H
| # include <sys/types.h>
| #endif
| #ifdef HAVE_SYS_STAT_H
| # include <sys/stat.h>
| #endif
| #ifdef STDC_HEADERS
| # include <stdlib.h>
| # include <stddef.h>
| #else
| # ifdef HAVE_STDLIB_H
| #  include <stdlib.h>
| # endif
| #endif
| #ifdef HAVE_STRING_H
| # if !defined STDC_HEADERS && defined HAVE_MEMORY_H
| #  include <memory.h>
| # endif
| # include <string.h>
| #endif
| #ifdef HAVE_STRINGS_H
| # include <strings.h>
| #endif
| #ifdef HAVE_INTTYPES_H
| # include <inttypes.h>
| #endif
| #ifdef HAVE_STDINT_H
| # include <stdint.h>
| #endif
| #ifdef HAVE_UNISTD_H
| # include <unistd.h>
| #endif
| #include <memcheck.h>
configure:12486: result: no
configure:12486: checking memcheck.h presence
configure:12486: gcc -E   -I/home/sadeghil/Encrypted_MPI/cryptMPI-mvapich2-2.3.3/src/mpl/include -I/home/sadeghil/Encrypted_MPI/cryptMPI-mvapich2-2.3.3/src/mpl/include -I/home/sadeghil/Encrypted_MPI/cryptMPI-mvapich2-2.3.3/src/openpa/src -I/home/sadeghil/Encrypted_MPI/cryptMPI-mvapich2-2.3.3/src/openpa/src -D_REENTRANT -I/home/sadeghil/Encrypted_MPI/cryptMPI-mvapich2-2.3.3/src/mpi/romio/include -I/include -I/include -I/include -I/include conftest.c
conftest.c:36:22: fatal error: memcheck.h: No such file or directory
 #include <memcheck.h>
                      ^
compilation terminated.
configure:12486: $? = 1
configure: failed program was:
| /* confdefs.h */
| #define PACKAGE_NAME "MPL"
| #define PACKAGE_TARNAME "mpl"
| #define PACKAGE_VERSION "0.1"
| #define PACKAGE_STRING "MPL 0.1"
| #define PACKAGE_BUGREPORT ""
| #define PACKAGE_URL ""
| #define PACKAGE "mpl"
| #define VERSION "0.1"
| #define STDC_HEADERS 1
| #define HAVE_SYS_TYPES_H 1
| #define HAVE_SYS_STAT_H 1
| #define HAVE_STDLIB_H 1
| #define HAVE_STRING_H 1
| #define HAVE_MEMORY_H 1
| #define HAVE_STRINGS_H 1
| #define HAVE_INTTYPES_H 1
| #define HAVE_STDINT_H 1
| #define HAVE_UNISTD_H 1
| #define HAVE_DLFCN_H 1
| #define LT_OBJDIR ".libs/"
| #define restrict __restrict
| #define HAVE_MACRO_VA_ARGS 1
| #define HAVE___TYPEOF 1
| #define HAVE_STDIO_H 1
| #define HAVE_STDLIB_H 1
| #define HAVE_STRING_H 1
| #define HAVE_STDARG_H 1
| #define HAVE_CTYPE_H 1
| #define HAVE_SEARCH_H 1
| #define HAVE_SYS_TYPES_H 1
| #define HAVE_SYS_UIO_H 1
| #define HAVE_INTTYPES_H 1
| #define HAVE_STDINT_H 1
| /* end confdefs.h.  */
| #include <memcheck.h>
configure:12486: result: no
configure:12486: checking for memcheck.h
configure:12486: result: no
configure:12486: checking valgrind/valgrind.h usability
configure:12486: gcc -c    -DNDEBUG -DNVALGRIND -O2    -I/home/sadeghil/Encrypted_MPI/cryptMPI-mvapich2-2.3.3/src/mpl/include -I/home/sadeghil/Encrypted_MPI/cryptMPI-mvapich2-2.3.3/src/mpl/include -I/home/sadeghil/Encrypted_MPI/cryptMPI-mvapich2-2.3.3/src/openpa/src -I/home/sadeghil/Encrypted_MPI/cryptMPI-mvapich2-2.3.3/src/openpa/src -D_REENTRANT -I/home/sadeghil/Encrypted_MPI/cryptMPI-mvapich2-2.3.3/src/mpi/romio/include -I/include -I/include -I/include -I/include conftest.c >&5
conftest.c:69:31: fatal error: valgrind/valgrind.h: No such file or directory
 #include <valgrind/valgrind.h>
                               ^
compilation terminated.
configure:12486: $? = 1
configure: failed program was:
| /* confdefs.h */
| #define PACKAGE_NAME "MPL"
| #define PACKAGE_TARNAME "mpl"
| #define PACKAGE_VERSION "0.1"
| #define PACKAGE_STRING "MPL 0.1"
| #define PACKAGE_BUGREPORT ""
| #define PACKAGE_URL ""
| #define PACKAGE "mpl"
| #define VERSION "0.1"
| #define STDC_HEADERS 1
| #define HAVE_SYS_TYPES_H 1
| #define HAVE_SYS_STAT_H 1
| #define HAVE_STDLIB_H 1
| #define HAVE_STRING_H 1
| #define HAVE_MEMORY_H 1
| #define HAVE_STRINGS_H 1
| #define HAVE_INTTYPES_H 1
| #define HAVE_STDINT_H 1
| #define HAVE_UNISTD_H 1
| #define HAVE_DLFCN_H 1
| #define LT_OBJDIR ".libs/"
| #define restrict __restrict
| #define HAVE_MACRO_VA_ARGS 1
| #define HAVE___TYPEOF 1
| #define HAVE_STDIO_H 1
| #define HAVE_STDLIB_H 1
| #define HAVE_STRING_H 1
| #define HAVE_STDARG_H 1
| #define HAVE_CTYPE_H 1
| #define HAVE_SEARCH_H 1
| #define HAVE_SYS_TYPES_H 1
| #define HAVE_SYS_UIO_H 1
| #define HAVE_INTTYPES_H 1
| #define HAVE_STDINT_H 1
| /* end confdefs.h.  */
| #include <stdio.h>
| #ifdef HAVE_SYS_TYPES_H
| # include <sys/types.h>
| #endif
| #ifdef HAVE_SYS_STAT_H
| # include <sys/stat.h>
| #endif
| #ifdef STDC_HEADERS
| # include <stdlib.h>
| # include <stddef.h>
| #else
| # ifdef HAVE_STDLIB_H
| #  include <stdlib.h>
| # endif
| #endif
| #ifdef HAVE_STRING_H
| # if !defined STDC_HEADERS && defined HAVE_MEMORY_H
| #  include <memory.h>
| # endif
| # include <string.h>
| #endif
| #ifdef HAVE_STRINGS_H
| # include <strings.h>
| #endif
| #ifdef HAVE_INTTYPES_H
| # include <inttypes.h>
| #endif
| #ifdef HAVE_STDINT_H
| # include <stdint.h>
| #endif
| #ifdef HAVE_UNISTD_H
| # include <unistd.h>
| #endif
| #include <valgrind/valgrind.h>
configure:12486: result: no
configure:12486: checking valgrind/valgrind.h presence
configure:12486: gcc -E   -I/home/sadeghil/Encrypted_MPI/cryptMPI-mvapich2-2.3.3/src/mpl/include -I/home/sadeghil/Encrypted_MPI/cryptMPI-mvapich2-2.3.3/src/mpl/include -I/home/sadeghil/Encrypted_MPI/cryptMPI-mvapich2-2.3.3/src/openpa/src -I/home/sadeghil/Encrypted_MPI/cryptMPI-mvapich2-2.3.3/src/openpa/src -D_REENTRANT -I/home/sadeghil/Encrypted_MPI/cryptMPI-mvapich2-2.3.3/src/mpi/romio/include -I/include -I/include -I/include -I/include conftest.c
conftest.c:36:31: fatal error: valgrind/valgrind.h: No such file or directory
 #include <valgrind/valgrind.h>
                               ^
compilation terminated.
configure:12486: $? = 1
configure: failed program was:
| /* confdefs.h */
| #define PACKAGE_NAME "MPL"
| #define PACKAGE_TARNAME "mpl"
| #define PACKAGE_VERSION "0.1"
| #define PACKAGE_STRING "MPL 0.1"
| #define PACKAGE_BUGREPORT ""
| #define PACKAGE_URL ""
| #define PACKAGE "mpl"
| #define VERSION "0.1"
| #define STDC_HEADERS 1
| #define HAVE_SYS_TYPES_H 1
| #define HAVE_SYS_STAT_H 1
| #define HAVE_STDLIB_H 1
| #define HAVE_STRING_H 1
| #define HAVE_MEMORY_H 1
| #define HAVE_STRINGS_H 1
| #define HAVE_INTTYPES_H 1
| #define HAVE_STDINT_H 1
| #define HAVE_UNISTD_H 1
| #define HAVE_DLFCN_H 1
| #define LT_OBJDIR ".libs/"
| #define restrict __restrict
| #define HAVE_MACRO_VA_ARGS 1
| #define HAVE___TYPEOF 1
| #define HAVE_STDIO_H 1
| #define HAVE_STDLIB_H 1
| #define HAVE_STRING_H 1
| #define HAVE_STDARG_H 1
| #define HAVE_CTYPE_H 1
| #define HAVE_SEARCH_H 1
| #define HAVE_SYS_TYPES_H 1
| #define HAVE_SYS_UIO_H 1
| #define HAVE_INTTYPES_H 1
| #define HAVE_STDINT_H 1
| /* end confdefs.h.  */
| #include <valgrind/valgrind.h>
configure:12486: result: no
configure:12486: checking for valgrind/valgrind.h
configure:12486: result: no
configure:12486: checking valgrind/memcheck.h usability
configure:12486: gcc -c    -DNDEBUG -DNVALGRIND -O2    -I/home/sadeghil/Encrypted_MPI/cryptMPI-mvapich2-2.3.3/src/mpl/include -I/home/sadeghil/Encrypted_MPI/cryptMPI-mvapich2-2.3.3/src/mpl/include -I/home/sadeghil/Encrypted_MPI/cryptMPI-mvapich2-2.3.3/src/openpa/src -I/home/sadeghil/Encrypted_MPI/cryptMPI-mvapich2-2.3.3/src/openpa/src -D_REENTRANT -I/home/sadeghil/Encrypted_MPI/cryptMPI-mvapich2-2.3.3/src/mpi/romio/include -I/include -I/include -I/include -I/include conftest.c >&5
conftest.c:69:31: fatal error: valgrind/memcheck.h: No such file or directory
 #include <valgrind/memcheck.h>
                               ^
compilation terminated.
configure:12486: $? = 1
configure: failed program was:
| /* confdefs.h */
| #define PACKAGE_NAME "MPL"
| #define PACKAGE_TARNAME "mpl"
| #define PACKAGE_VERSION "0.1"
| #define PACKAGE_STRING "MPL 0.1"
| #define PACKAGE_BUGREPORT ""
| #define PACKAGE_URL ""
| #define PACKAGE "mpl"
| #define VERSION "0.1"
| #define STDC_HEADERS 1
| #define HAVE_SYS_TYPES_H 1
| #define HAVE_SYS_STAT_H 1
| #define HAVE_STDLIB_H 1
| #define HAVE_STRING_H 1
| #define HAVE_MEMORY_H 1
| #define HAVE_STRINGS_H 1
| #define HAVE_INTTYPES_H 1
| #define HAVE_STDINT_H 1
| #define HAVE_UNISTD_H 1
| #define HAVE_DLFCN_H 1
| #define LT_OBJDIR ".libs/"
| #define restrict __restrict
| #define HAVE_MACRO_VA_ARGS 1
| #define HAVE___TYPEOF 1
| #define HAVE_STDIO_H 1
| #define HAVE_STDLIB_H 1
| #define HAVE_STRING_H 1
| #define HAVE_STDARG_H 1
| #define HAVE_CTYPE_H 1
| #define HAVE_SEARCH_H 1
| #define HAVE_SYS_TYPES_H 1
| #define HAVE_SYS_UIO_H 1
| #define HAVE_INTTYPES_H 1
| #define HAVE_STDINT_H 1
| /* end confdefs.h.  */
| #include <stdio.h>
| #ifdef HAVE_SYS_TYPES_H
| # include <sys/types.h>
| #endif
| #ifdef HAVE_SYS_STAT_H
| # include <sys/stat.h>
| #endif
| #ifdef STDC_HEADERS
| # include <stdlib.h>
| # include <stddef.h>
| #else
| # ifdef HAVE_STDLIB_H
| #  include <stdlib.h>
| # endif
| #endif
| #ifdef HAVE_STRING_H
| # if !defined STDC_HEADERS && defined HAVE_MEMORY_H
| #  include <memory.h>
| # endif
| # include <string.h>
| #endif
| #ifdef HAVE_STRINGS_H
| # include <strings.h>
| #endif
| #ifdef HAVE_INTTYPES_H
| # include <inttypes.h>
| #endif
| #ifdef HAVE_STDINT_H
| # include <stdint.h>
| #endif
| #ifdef HAVE_UNISTD_H
| # include <unistd.h>
| #endif
| #include <valgrind/memcheck.h>
configure:12486: result: no
configure:12486: checking valgrind/memcheck.h presence
configure:12486: gcc -E   -I/home/sadeghil/Encrypted_MPI/cryptMPI-mvapich2-2.3.3/src/mpl/include -I/home/sadeghil/Encrypted_MPI/cryptMPI-mvapich2-2.3.3/src/mpl/include -I/home/sadeghil/Encrypted_MPI/cryptMPI-mvapich2-2.3.3/src/openpa/src -I/home/sadeghil/Encrypted_MPI/cryptMPI-mvapich2-2.3.3/src/openpa/src -D_REENTRANT -I/home/sadeghil/Encrypted_MPI/cryptMPI-mvapich2-2.3.3/src/mpi/romio/include -I/include -I/include -I/include -I/include conftest.c
conftest.c:36:31: fatal error: valgrind/memcheck.h: No such file or directory
 #include <valgrind/memcheck.h>
                               ^
compilation terminated.
configure:12486: $? = 1
configure: failed program was:
| /* confdefs.h */
| #define PACKAGE_NAME "MPL"
| #define PACKAGE_TARNAME "mpl"
| #define PACKAGE_VERSION "0.1"
| #define PACKAGE_STRING "MPL 0.1"
| #define PACKAGE_BUGREPORT ""
| #define PACKAGE_URL ""
| #define PACKAGE "mpl"
| #define VERSION "0.1"
| #define STDC_HEADERS 1
| #define HAVE_SYS_TYPES_H 1
| #define HAVE_SYS_STAT_H 1
| #define HAVE_STDLIB_H 1
| #define HAVE_STRING_H 1
| #define HAVE_MEMORY_H 1
| #define HAVE_STRINGS_H 1
| #define HAVE_INTTYPES_H 1
| #define HAVE_STDINT_H 1
| #define HAVE_UNISTD_H 1
| #define HAVE_DLFCN_H 1
| #define LT_OBJDIR ".libs/"
| #define restrict __restrict
| #define HAVE_MACRO_VA_ARGS 1
| #define HAVE___TYPEOF 1
| #define HAVE_STDIO_H 1
| #define HAVE_STDLIB_H 1
| #define HAVE_STRING_H 1
| #define HAVE_STDARG_H 1
| #define HAVE_CTYPE_H 1
| #define HAVE_SEARCH_H 1
| #define HAVE_SYS_TYPES_H 1
| #define HAVE_SYS_UIO_H 1
| #define HAVE_INTTYPES_H 1
| #define HAVE_STDINT_H 1
| /* end confdefs.h.  */
| #include <valgrind/memcheck.h>
configure:12486: result: no
configure:12486: checking for valgrind/memcheck.h
configure:12486: result: no
configure:12502: checking helgrind.h usability
configure:12502: gcc -c    -DNDEBUG -DNVALGRIND -O2    -I/home/sadeghil/Encrypted_MPI/cryptMPI-mvapich2-2.3.3/src/mpl/include -I/home/sadeghil/Encrypted_MPI/cryptMPI-mvapich2-2.3.3/src/mpl/include -I/home/sadeghil/Encrypted_MPI/cryptMPI-mvapich2-2.3.3/src/openpa/src -I/home/sadeghil/Encrypted_MPI/cryptMPI-mvapich2-2.3.3/src/openpa/src -D_REENTRANT -I/home/sadeghil/Encrypted_MPI/cryptMPI-mvapich2-2.3.3/src/mpi/romio/include -I/include -I/include -I/include -I/include conftest.c >&5
conftest.c:69:22: fatal error: helgrind.h: No such file or directory
 #include <helgrind.h>
                      ^
compilation terminated.
configure:12502: $? = 1
configure: failed program was:
| /* confdefs.h */
| #define PACKAGE_NAME "MPL"
| #define PACKAGE_TARNAME "mpl"
| #define PACKAGE_VERSION "0.1"
| #define PACKAGE_STRING "MPL 0.1"
| #define PACKAGE_BUGREPORT ""
| #define PACKAGE_URL ""
| #define PACKAGE "mpl"
| #define VERSION "0.1"
| #define STDC_HEADERS 1
| #define HAVE_SYS_TYPES_H 1
| #define HAVE_SYS_STAT_H 1
| #define HAVE_STDLIB_H 1
| #define HAVE_STRING_H 1
| #define HAVE_MEMORY_H 1
| #define HAVE_STRINGS_H 1
| #define HAVE_INTTYPES_H 1
| #define HAVE_STDINT_H 1
| #define HAVE_UNISTD_H 1
| #define HAVE_DLFCN_H 1
| #define LT_OBJDIR ".libs/"
| #define restrict __restrict
| #define HAVE_MACRO_VA_ARGS 1
| #define HAVE___TYPEOF 1
| #define HAVE_STDIO_H 1
| #define HAVE_STDLIB_H 1
| #define HAVE_STRING_H 1
| #define HAVE_STDARG_H 1
| #define HAVE_CTYPE_H 1
| #define HAVE_SEARCH_H 1
| #define HAVE_SYS_TYPES_H 1
| #define HAVE_SYS_UIO_H 1
| #define HAVE_INTTYPES_H 1
| #define HAVE_STDINT_H 1
| /* end confdefs.h.  */
| #include <stdio.h>
| #ifdef HAVE_SYS_TYPES_H
| # include <sys/types.h>
| #endif
| #ifdef HAVE_SYS_STAT_H
| # include <sys/stat.h>
| #endif
| #ifdef STDC_HEADERS
| # include <stdlib.h>
| # include <stddef.h>
| #else
| # ifdef HAVE_STDLIB_H
| #  include <stdlib.h>
| # endif
| #endif
| #ifdef HAVE_STRING_H
| # if !defined STDC_HEADERS && defined HAVE_MEMORY_H
| #  include <memory.h>
| # endif
| # include <string.h>
| #endif
| #ifdef HAVE_STRINGS_H
| # include <strings.h>
| #endif
| #ifdef HAVE_INTTYPES_H
| # include <inttypes.h>
| #endif
| #ifdef HAVE_STDINT_H
| # include <stdint.h>
| #endif
| #ifdef HAVE_UNISTD_H
| # include <unistd.h>
| #endif
| #include <helgrind.h>
configure:12502: result: no
configure:12502: checking helgrind.h presence
configure:12502: gcc -E   -I/home/sadeghil/Encrypted_MPI/cryptMPI-mvapich2-2.3.3/src/mpl/include -I/home/sadeghil/Encrypted_MPI/cryptMPI-mvapich2-2.3.3/src/mpl/include -I/home/sadeghil/Encrypted_MPI/cryptMPI-mvapich2-2.3.3/src/openpa/src -I/home/sadeghil/Encrypted_MPI/cryptMPI-mvapich2-2.3.3/src/openpa/src -D_REENTRANT -I/home/sadeghil/Encrypted_MPI/cryptMPI-mvapich2-2.3.3/src/mpi/romio/include -I/include -I/include -I/include -I/include conftest.c
conftest.c:36:22: fatal error: helgrind.h: No such file or directory
 #include <helgrind.h>
                      ^
compilation terminated.
configure:12502: $? = 1
configure: failed program was:
| /* confdefs.h */
| #define PACKAGE_NAME "MPL"
| #define PACKAGE_TARNAME "mpl"
| #define PACKAGE_VERSION "0.1"
| #define PACKAGE_STRING "MPL 0.1"
| #define PACKAGE_BUGREPORT ""
| #define PACKAGE_URL ""
| #define PACKAGE "mpl"
| #define VERSION "0.1"
| #define STDC_HEADERS 1
| #define HAVE_SYS_TYPES_H 1
| #define HAVE_SYS_STAT_H 1
| #define HAVE_STDLIB_H 1
| #define HAVE_STRING_H 1
| #define HAVE_MEMORY_H 1
| #define HAVE_STRINGS_H 1
| #define HAVE_INTTYPES_H 1
| #define HAVE_STDINT_H 1
| #define HAVE_UNISTD_H 1
| #define HAVE_DLFCN_H 1
| #define LT_OBJDIR ".libs/"
| #define restrict __restrict
| #define HAVE_MACRO_VA_ARGS 1
| #define HAVE___TYPEOF 1
| #define HAVE_STDIO_H 1
| #define HAVE_STDLIB_H 1
| #define HAVE_STRING_H 1
| #define HAVE_STDARG_H 1
| #define HAVE_CTYPE_H 1
| #define HAVE_SEARCH_H 1
| #define HAVE_SYS_TYPES_H 1
| #define HAVE_SYS_UIO_H 1
| #define HAVE_INTTYPES_H 1
| #define HAVE_STDINT_H 1
| /* end confdefs.h.  */
| #include <helgrind.h>
configure:12502: result: no
configure:12502: checking for helgrind.h
configure:12502: result: no
configure:12502: checking valgrind/helgrind.h usability
configure:12502: gcc -c    -DNDEBUG -DNVALGRIND -O2    -I/home/sadeghil/Encrypted_MPI/cryptMPI-mvapich2-2.3.3/src/mpl/include -I/home/sadeghil/Encrypted_MPI/cryptMPI-mvapich2-2.3.3/src/mpl/include -I/home/sadeghil/Encrypted_MPI/cryptMPI-mvapich2-2.3.3/src/openpa/src -I/home/sadeghil/Encrypted_MPI/cryptMPI-mvapich2-2.3.3/src/openpa/src -D_REENTRANT -I/home/sadeghil/Encrypted_MPI/cryptMPI-mvapich2-2.3.3/src/mpi/romio/include -I/include -I/include -I/include -I/include conftest.c >&5
conftest.c:69:31: fatal error: valgrind/helgrind.h: No such file or directory
 #include <valgrind/helgrind.h>
                               ^
compilation terminated.
configure:12502: $? = 1
configure: failed program was:
| /* confdefs.h */
| #define PACKAGE_NAME "MPL"
| #define PACKAGE_TARNAME "mpl"
| #define PACKAGE_VERSION "0.1"
| #define PACKAGE_STRING "MPL 0.1"
| #define PACKAGE_BUGREPORT ""
| #define PACKAGE_URL ""
| #define PACKAGE "mpl"
| #define VERSION "0.1"
| #define STDC_HEADERS 1
| #define HAVE_SYS_TYPES_H 1
| #define HAVE_SYS_STAT_H 1
| #define HAVE_STDLIB_H 1
| #define HAVE_STRING_H 1
| #define HAVE_MEMORY_H 1
| #define HAVE_STRINGS_H 1
| #define HAVE_INTTYPES_H 1
| #define HAVE_STDINT_H 1
| #define HAVE_UNISTD_H 1
| #define HAVE_DLFCN_H 1
| #define LT_OBJDIR ".libs/"
| #define restrict __restrict
| #define HAVE_MACRO_VA_ARGS 1
| #define HAVE___TYPEOF 1
| #define HAVE_STDIO_H 1
| #define HAVE_STDLIB_H 1
| #define HAVE_STRING_H 1
| #define HAVE_STDARG_H 1
| #define HAVE_CTYPE_H 1
| #define HAVE_SEARCH_H 1
| #define HAVE_SYS_TYPES_H 1
| #define HAVE_SYS_UIO_H 1
| #define HAVE_INTTYPES_H 1
| #define HAVE_STDINT_H 1
| /* end confdefs.h.  */
| #include <stdio.h>
| #ifdef HAVE_SYS_TYPES_H
| # include <sys/types.h>
| #endif
| #ifdef HAVE_SYS_STAT_H
| # include <sys/stat.h>
| #endif
| #ifdef STDC_HEADERS
| # include <stdlib.h>
| # include <stddef.h>
| #else
| # ifdef HAVE_STDLIB_H
| #  include <stdlib.h>
| # endif
| #endif
| #ifdef HAVE_STRING_H
| # if !defined STDC_HEADERS && defined HAVE_MEMORY_H
| #  include <memory.h>
| # endif
| # include <string.h>
| #endif
| #ifdef HAVE_STRINGS_H
| # include <strings.h>
| #endif
| #ifdef HAVE_INTTYPES_H
| # include <inttypes.h>
| #endif
| #ifdef HAVE_STDINT_H
| # include <stdint.h>
| #endif
| #ifdef HAVE_UNISTD_H
| # include <unistd.h>
| #endif
| #include <valgrind/helgrind.h>
configure:12502: result: no
configure:12502: checking valgrind/helgrind.h presence
configure:12502: gcc -E   -I/home/sadeghil/Encrypted_MPI/cryptMPI-mvapich2-2.3.3/src/mpl/include -I/home/sadeghil/Encrypted_MPI/cryptMPI-mvapich2-2.3.3/src/mpl/include -I/home/sadeghil/Encrypted_MPI/cryptMPI-mvapich2-2.3.3/src/openpa/src -I/home/sadeghil/Encrypted_MPI/cryptMPI-mvapich2-2.3.3/src/openpa/src -D_REENTRANT -I/home/sadeghil/Encrypted_MPI/cryptMPI-mvapich2-2.3.3/src/mpi/romio/include -I/include -I/include -I/include -I/include conftest.c
conftest.c:36:31: fatal error: valgrind/helgrind.h: No such file or directory
 #include <valgrind/helgrind.h>
                               ^
compilation terminated.
configure:12502: $? = 1
configure: failed program was:
| /* confdefs.h */
| #define PACKAGE_NAME "MPL"
| #define PACKAGE_TARNAME "mpl"
| #define PACKAGE_VERSION "0.1"
| #define PACKAGE_STRING "MPL 0.1"
| #define PACKAGE_BUGREPORT ""
| #define PACKAGE_URL ""
| #define PACKAGE "mpl"
| #define VERSION "0.1"
| #define STDC_HEADERS 1
| #define HAVE_SYS_TYPES_H 1
| #define HAVE_SYS_STAT_H 1
| #define HAVE_STDLIB_H 1
| #define HAVE_STRING_H 1
| #define HAVE_MEMORY_H 1
| #define HAVE_STRINGS_H 1
| #define HAVE_INTTYPES_H 1
| #define HAVE_STDINT_H 1
| #define HAVE_UNISTD_H 1
| #define HAVE_DLFCN_H 1
| #define LT_OBJDIR ".libs/"
| #define restrict __restrict
| #define HAVE_MACRO_VA_ARGS 1
| #define HAVE___TYPEOF 1
| #define HAVE_STDIO_H 1
| #define HAVE_STDLIB_H 1
| #define HAVE_STRING_H 1
| #define HAVE_STDARG_H 1
| #define HAVE_CTYPE_H 1
| #define HAVE_SEARCH_H 1
| #define HAVE_SYS_TYPES_H 1
| #define HAVE_SYS_UIO_H 1
| #define HAVE_INTTYPES_H 1
| #define HAVE_STDINT_H 1
| /* end confdefs.h.  */
| #include <valgrind/helgrind.h>
configure:12502: result: no
configure:12502: checking for valgrind/helgrind.h
configure:12502: result: no
configure:12515: checking drd.h usability
configure:12515: gcc -c    -DNDEBUG -DNVALGRIND -O2    -I/home/sadeghil/Encrypted_MPI/cryptMPI-mvapich2-2.3.3/src/mpl/include -I/home/sadeghil/Encrypted_MPI/cryptMPI-mvapich2-2.3.3/src/mpl/include -I/home/sadeghil/Encrypted_MPI/cryptMPI-mvapich2-2.3.3/src/openpa/src -I/home/sadeghil/Encrypted_MPI/cryptMPI-mvapich2-2.3.3/src/openpa/src -D_REENTRANT -I/home/sadeghil/Encrypted_MPI/cryptMPI-mvapich2-2.3.3/src/mpi/romio/include -I/include -I/include -I/include -I/include conftest.c >&5
conftest.c:69:17: fatal error: drd.h: No such file or directory
 #include <drd.h>
                 ^
compilation terminated.
configure:12515: $? = 1
configure: failed program was:
| /* confdefs.h */
| #define PACKAGE_NAME "MPL"
| #define PACKAGE_TARNAME "mpl"
| #define PACKAGE_VERSION "0.1"
| #define PACKAGE_STRING "MPL 0.1"
| #define PACKAGE_BUGREPORT ""
| #define PACKAGE_URL ""
| #define PACKAGE "mpl"
| #define VERSION "0.1"
| #define STDC_HEADERS 1
| #define HAVE_SYS_TYPES_H 1
| #define HAVE_SYS_STAT_H 1
| #define HAVE_STDLIB_H 1
| #define HAVE_STRING_H 1
| #define HAVE_MEMORY_H 1
| #define HAVE_STRINGS_H 1
| #define HAVE_INTTYPES_H 1
| #define HAVE_STDINT_H 1
| #define HAVE_UNISTD_H 1
| #define HAVE_DLFCN_H 1
| #define LT_OBJDIR ".libs/"
| #define restrict __restrict
| #define HAVE_MACRO_VA_ARGS 1
| #define HAVE___TYPEOF 1
| #define HAVE_STDIO_H 1
| #define HAVE_STDLIB_H 1
| #define HAVE_STRING_H 1
| #define HAVE_STDARG_H 1
| #define HAVE_CTYPE_H 1
| #define HAVE_SEARCH_H 1
| #define HAVE_SYS_TYPES_H 1
| #define HAVE_SYS_UIO_H 1
| #define HAVE_INTTYPES_H 1
| #define HAVE_STDINT_H 1
| /* end confdefs.h.  */
| #include <stdio.h>
| #ifdef HAVE_SYS_TYPES_H
| # include <sys/types.h>
| #endif
| #ifdef HAVE_SYS_STAT_H
| # include <sys/stat.h>
| #endif
| #ifdef STDC_HEADERS
| # include <stdlib.h>
| # include <stddef.h>
| #else
| # ifdef HAVE_STDLIB_H
| #  include <stdlib.h>
| # endif
| #endif
| #ifdef HAVE_STRING_H
| # if !defined STDC_HEADERS && defined HAVE_MEMORY_H
| #  include <memory.h>
| # endif
| # include <string.h>
| #endif
| #ifdef HAVE_STRINGS_H
| # include <strings.h>
| #endif
| #ifdef HAVE_INTTYPES_H
| # include <inttypes.h>
| #endif
| #ifdef HAVE_STDINT_H
| # include <stdint.h>
| #endif
| #ifdef HAVE_UNISTD_H
| # include <unistd.h>
| #endif
| #include <drd.h>
configure:12515: result: no
configure:12515: checking drd.h presence
configure:12515: gcc -E   -I/home/sadeghil/Encrypted_MPI/cryptMPI-mvapich2-2.3.3/src/mpl/include -I/home/sadeghil/Encrypted_MPI/cryptMPI-mvapich2-2.3.3/src/mpl/include -I/home/sadeghil/Encrypted_MPI/cryptMPI-mvapich2-2.3.3/src/openpa/src -I/home/sadeghil/Encrypted_MPI/cryptMPI-mvapich2-2.3.3/src/openpa/src -D_REENTRANT -I/home/sadeghil/Encrypted_MPI/cryptMPI-mvapich2-2.3.3/src/mpi/romio/include -I/include -I/include -I/include -I/include conftest.c
conftest.c:36:17: fatal error: drd.h: No such file or directory
 #include <drd.h>
                 ^
compilation terminated.
configure:12515: $? = 1
configure: failed program was:
| /* confdefs.h */
| #define PACKAGE_NAME "MPL"
| #define PACKAGE_TARNAME "mpl"
| #define PACKAGE_VERSION "0.1"
| #define PACKAGE_STRING "MPL 0.1"
| #define PACKAGE_BUGREPORT ""
| #define PACKAGE_URL ""
| #define PACKAGE "mpl"
| #define VERSION "0.1"
| #define STDC_HEADERS 1
| #define HAVE_SYS_TYPES_H 1
| #define HAVE_SYS_STAT_H 1
| #define HAVE_STDLIB_H 1
| #define HAVE_STRING_H 1
| #define HAVE_MEMORY_H 1
| #define HAVE_STRINGS_H 1
| #define HAVE_INTTYPES_H 1
| #define HAVE_STDINT_H 1
| #define HAVE_UNISTD_H 1
| #define HAVE_DLFCN_H 1
| #define LT_OBJDIR ".libs/"
| #define restrict __restrict
| #define HAVE_MACRO_VA_ARGS 1
| #define HAVE___TYPEOF 1
| #define HAVE_STDIO_H 1
| #define HAVE_STDLIB_H 1
| #define HAVE_STRING_H 1
| #define HAVE_STDARG_H 1
| #define HAVE_CTYPE_H 1
| #define HAVE_SEARCH_H 1
| #define HAVE_SYS_TYPES_H 1
| #define HAVE_SYS_UIO_H 1
| #define HAVE_INTTYPES_H 1
| #define HAVE_STDINT_H 1
| /* end confdefs.h.  */
| #include <drd.h>
configure:12515: result: no
configure:12515: checking for drd.h
configure:12515: result: no
configure:12515: checking valgrind/drd.h usability
configure:12515: gcc -c    -DNDEBUG -DNVALGRIND -O2    -I/home/sadeghil/Encrypted_MPI/cryptMPI-mvapich2-2.3.3/src/mpl/include -I/home/sadeghil/Encrypted_MPI/cryptMPI-mvapich2-2.3.3/src/mpl/include -I/home/sadeghil/Encrypted_MPI/cryptMPI-mvapich2-2.3.3/src/openpa/src -I/home/sadeghil/Encrypted_MPI/cryptMPI-mvapich2-2.3.3/src/openpa/src -D_REENTRANT -I/home/sadeghil/Encrypted_MPI/cryptMPI-mvapich2-2.3.3/src/mpi/romio/include -I/include -I/include -I/include -I/include conftest.c >&5
conftest.c:69:26: fatal error: valgrind/drd.h: No such file or directory
 #include <valgrind/drd.h>
                          ^
compilation terminated.
configure:12515: $? = 1
configure: failed program was:
| /* confdefs.h */
| #define PACKAGE_NAME "MPL"
| #define PACKAGE_TARNAME "mpl"
| #define PACKAGE_VERSION "0.1"
| #define PACKAGE_STRING "MPL 0.1"
| #define PACKAGE_BUGREPORT ""
| #define PACKAGE_URL ""
| #define PACKAGE "mpl"
| #define VERSION "0.1"
| #define STDC_HEADERS 1
| #define HAVE_SYS_TYPES_H 1
| #define HAVE_SYS_STAT_H 1
| #define HAVE_STDLIB_H 1
| #define HAVE_STRING_H 1
| #define HAVE_MEMORY_H 1
| #define HAVE_STRINGS_H 1
| #define HAVE_INTTYPES_H 1
| #define HAVE_STDINT_H 1
| #define HAVE_UNISTD_H 1
| #define HAVE_DLFCN_H 1
| #define LT_OBJDIR ".libs/"
| #define restrict __restrict
| #define HAVE_MACRO_VA_ARGS 1
| #define HAVE___TYPEOF 1
| #define HAVE_STDIO_H 1
| #define HAVE_STDLIB_H 1
| #define HAVE_STRING_H 1
| #define HAVE_STDARG_H 1
| #define HAVE_CTYPE_H 1
| #define HAVE_SEARCH_H 1
| #define HAVE_SYS_TYPES_H 1
| #define HAVE_SYS_UIO_H 1
| #define HAVE_INTTYPES_H 1
| #define HAVE_STDINT_H 1
| /* end confdefs.h.  */
| #include <stdio.h>
| #ifdef HAVE_SYS_TYPES_H
| # include <sys/types.h>
| #endif
| #ifdef HAVE_SYS_STAT_H
| # include <sys/stat.h>
| #endif
| #ifdef STDC_HEADERS
| # include <stdlib.h>
| # include <stddef.h>
| #else
| # ifdef HAVE_STDLIB_H
| #  include <stdlib.h>
| # endif
| #endif
| #ifdef HAVE_STRING_H
| # if !defined STDC_HEADERS && defined HAVE_MEMORY_H
| #  include <memory.h>
| # endif
| # include <string.h>
| #endif
| #ifdef HAVE_STRINGS_H
| # include <strings.h>
| #endif
| #ifdef HAVE_INTTYPES_H
| # include <inttypes.h>
| #endif
| #ifdef HAVE_STDINT_H
| # include <stdint.h>
| #endif
| #ifdef HAVE_UNISTD_H
| # include <unistd.h>
| #endif
| #include <valgrind/drd.h>
configure:12515: result: no
configure:12515: checking valgrind/drd.h presence
configure:12515: gcc -E   -I/home/sadeghil/Encrypted_MPI/cryptMPI-mvapich2-2.3.3/src/mpl/include -I/home/sadeghil/Encrypted_MPI/cryptMPI-mvapich2-2.3.3/src/mpl/include -I/home/sadeghil/Encrypted_MPI/cryptMPI-mvapich2-2.3.3/src/openpa/src -I/home/sadeghil/Encrypted_MPI/cryptMPI-mvapich2-2.3.3/src/openpa/src -D_REENTRANT -I/home/sadeghil/Encrypted_MPI/cryptMPI-mvapich2-2.3.3/src/mpi/romio/include -I/include -I/include -I/include -I/include conftest.c
conftest.c:36:26: fatal error: valgrind/drd.h: No such file or directory
 #include <valgrind/drd.h>
                          ^
compilation terminated.
configure:12515: $? = 1
configure: failed program was:
| /* confdefs.h */
| #define PACKAGE_NAME "MPL"
| #define PACKAGE_TARNAME "mpl"
| #define PACKAGE_VERSION "0.1"
| #define PACKAGE_STRING "MPL 0.1"
| #define PACKAGE_BUGREPORT ""
| #define PACKAGE_URL ""
| #define PACKAGE "mpl"
| #define VERSION "0.1"
| #define STDC_HEADERS 1
| #define HAVE_SYS_TYPES_H 1
| #define HAVE_SYS_STAT_H 1
| #define HAVE_STDLIB_H 1
| #define HAVE_STRING_H 1
| #define HAVE_MEMORY_H 1
| #define HAVE_STRINGS_H 1
| #define HAVE_INTTYPES_H 1
| #define HAVE_STDINT_H 1
| #define HAVE_UNISTD_H 1
| #define HAVE_DLFCN_H 1
| #define LT_OBJDIR ".libs/"
| #define restrict __restrict
| #define HAVE_MACRO_VA_ARGS 1
| #define HAVE___TYPEOF 1
| #define HAVE_STDIO_H 1
| #define HAVE_STDLIB_H 1
| #define HAVE_STRING_H 1
| #define HAVE_STDARG_H 1
| #define HAVE_CTYPE_H 1
| #define HAVE_SEARCH_H 1
| #define HAVE_SYS_TYPES_H 1
| #define HAVE_SYS_UIO_H 1
| #define HAVE_INTTYPES_H 1
| #define HAVE_STDINT_H 1
| /* end confdefs.h.  */
| #include <valgrind/drd.h>
configure:12515: result: no
configure:12515: checking for valgrind/drd.h
configure:12515: result: no
configure:12530: checking whether the valgrind headers are broken or too old
configure:12582: gcc -o conftest    -DNDEBUG -DNVALGRIND -O2    -I/home/sadeghil/Encrypted_MPI/cryptMPI-mvapich2-2.3.3/src/mpl/include -I/home/sadeghil/Encrypted_MPI/cryptMPI-mvapich2-2.3.3/src/mpl/include -I/home/sadeghil/Encrypted_MPI/cryptMPI-mvapich2-2.3.3/src/openpa/src -I/home/sadeghil/Encrypted_MPI/cryptMPI-mvapich2-2.3.3/src/openpa/src -D_REENTRANT -I/home/sadeghil/Encrypted_MPI/cryptMPI-mvapich2-2.3.3/src/mpi/romio/include -I/include -I/include -I/include -I/include  conftest.c  >&5
conftest.c:44:4: error: #error unexpected valgrind header error
 #  error unexpected valgrind header error
    ^
conftest.c: In function 'main':
conftest.c:67:2: error: #error missing essential valgrind client macros
 #error missing essential valgrind client macros
  ^
conftest.c:70:9: error: 'RUNNING_ON_VALGRIND' undeclared (first use in this function)
     if (RUNNING_ON_VALGRIND) ++foo;
         ^
conftest.c:70:9: note: each undeclared identifier is reported only once for each function it appears in
configure:12582: $? = 1
configure: failed program was:
| /* confdefs.h */
| #define PACKAGE_NAME "MPL"
| #define PACKAGE_TARNAME "mpl"
| #define PACKAGE_VERSION "0.1"
| #define PACKAGE_STRING "MPL 0.1"
| #define PACKAGE_BUGREPORT ""
| #define PACKAGE_URL ""
| #define PACKAGE "mpl"
| #define VERSION "0.1"
| #define STDC_HEADERS 1
| #define HAVE_SYS_TYPES_H 1
| #define HAVE_SYS_STAT_H 1
| #define HAVE_STDLIB_H 1
| #define HAVE_STRING_H 1
| #define HAVE_MEMORY_H 1
| #define HAVE_STRINGS_H 1
| #define HAVE_INTTYPES_H 1
| #define HAVE_STDINT_H 1
| #define HAVE_UNISTD_H 1
| #define HAVE_DLFCN_H 1
| #define LT_OBJDIR ".libs/"
| #define restrict __restrict
| #define HAVE_MACRO_VA_ARGS 1
| #define HAVE___TYPEOF 1
| #define HAVE_STDIO_H 1
| #define HAVE_STDLIB_H 1
| #define HAVE_STRING_H 1
| #define HAVE_STDARG_H 1
| #define HAVE_CTYPE_H 1
| #define HAVE_SEARCH_H 1
| #define HAVE_SYS_TYPES_H 1
| #define HAVE_SYS_UIO_H 1
| #define HAVE_INTTYPES_H 1
| #define HAVE_STDINT_H 1
| /* end confdefs.h.  */
| 
| #if defined(HAVE_VALGRIND_H) && defined(HAVE_MEMCHECK_H)
| #  include <valgrind.h>
| #  include <memcheck.h>
| #elif defined(HAVE_VALGRIND_VALGRIND_H) && defined(HAVE_VALGRIND_MEMCHECK_H)
| #  include <valgrind/valgrind.h>
| #  include <valgrind/memcheck.h>
| #else
| #  error unexpected valgrind header error
| #endif
| int foo = 10;
| char mempool_obj;
| 
| int
| main ()
| {
| 
| #if defined(VALGRIND_MAKE_MEM_DEFINED)
|     VALGRIND_MAKE_MEM_NOACCESS(&foo,sizeof(foo));
|     VALGRIND_MAKE_MEM_UNDEFINED(&foo,sizeof(foo));
|     VALGRIND_MAKE_MEM_DEFINED(&foo,sizeof(foo));
|     VALGRIND_CHECK_MEM_IS_DEFINED(&foo,sizeof(foo));
|     VALGRIND_CHECK_MEM_IS_ADDRESSABLE(&foo,sizeof(foo));
| #elif defined(VALGRIND_MAKE_READABLE)
| /* older (pre-3.2.0), but still supported style */
|     VALGRIND_MAKE_READABLE(&foo,sizeof(foo));
|     VALGRIND_MAKE_NOACCESS(&foo,sizeof(foo));
|     VALGRIND_MAKE_UNDEFINED(&foo,sizeof(foo));
|     VALGRIND_CHECK_READABLE(&foo,sizeof(foo));
|     VALGRIND_CHECK_WRITEABLE(&foo,sizeof(foo));
| #else
| #error missing essential valgrind client macros
| #endif
|     VALGRIND_CREATE_BLOCK(&foo,sizeof(foo),"description");
|     if (RUNNING_ON_VALGRIND) ++foo;
|     VALGRIND_PRINTF_BACKTRACE("testing: %s","valgrind support");
|     VALGRIND_CREATE_MEMPOOL(&mempool_obj,0,0);
|     VALGRIND_MEMPOOL_ALLOC(&mempool_obj,&foo,sizeof(foo));
|     VALGRIND_MEMPOOL_FREE(&mempool_obj,&foo);
|     VALGRIND_DESTROY_MEMPOOL(&mempool_obj);
| 
|   ;
|   return 0;
| }
configure:12590: result: yes
configure:12623: checking for strdup
configure:12623: gcc -o conftest    -DNDEBUG -DNVALGRIND -O2    -I/home/sadeghil/Encrypted_MPI/cryptMPI-mvapich2-2.3.3/src/mpl/include -I/home/sadeghil/Encrypted_MPI/cryptMPI-mvapich2-2.3.3/src/mpl/include -I/home/sadeghil/Encrypted_MPI/cryptMPI-mvapich2-2.3.3/src/openpa/src -I/home/sadeghil/Encrypted_MPI/cryptMPI-mvapich2-2.3.3/src/openpa/src -D_REENTRANT -I/home/sadeghil/Encrypted_MPI/cryptMPI-mvapich2-2.3.3/src/mpi/romio/include -I/include -I/include -I/include -I/include  conftest.c  >&5
conftest.c:60:6: warning: conflicting types for built-in function 'strdup' [enabled by default]
 char strdup ();
      ^
configure:12623: $? = 0
configure:12623: result: yes
configure:12634: checking whether strdup needs a declaration
configure:12652: gcc -c    -DNDEBUG -DNVALGRIND -O2    -I/home/sadeghil/Encrypted_MPI/cryptMPI-mvapich2-2.3.3/src/mpl/include -I/home/sadeghil/Encrypted_MPI/cryptMPI-mvapich2-2.3.3/src/mpl/include -I/home/sadeghil/Encrypted_MPI/cryptMPI-mvapich2-2.3.3/src/openpa/src -I/home/sadeghil/Encrypted_MPI/cryptMPI-mvapich2-2.3.3/src/openpa/src -D_REENTRANT -I/home/sadeghil/Encrypted_MPI/cryptMPI-mvapich2-2.3.3/src/mpi/romio/include -I/include -I/include -I/include -I/include conftest.c >&5
configure:12652: $? = 0
configure:12659: result: no
configure:12675: checking for snprintf
configure:12675: gcc -o conftest    -DNDEBUG -DNVALGRIND -O2    -I/home/sadeghil/Encrypted_MPI/cryptMPI-mvapich2-2.3.3/src/mpl/include -I/home/sadeghil/Encrypted_MPI/cryptMPI-mvapich2-2.3.3/src/mpl/include -I/home/sadeghil/Encrypted_MPI/cryptMPI-mvapich2-2.3.3/src/openpa/src -I/home/sadeghil/Encrypted_MPI/cryptMPI-mvapich2-2.3.3/src/openpa/src -D_REENTRANT -I/home/sadeghil/Encrypted_MPI/cryptMPI-mvapich2-2.3.3/src/mpi/romio/include -I/include -I/include -I/include -I/include  conftest.c  >&5
conftest.c:61:6: warning: conflicting types for built-in function 'snprintf' [enabled by default]
 char snprintf ();
      ^
configure:12675: $? = 0
configure:12675: result: yes
configure:12686: checking whether snprintf needs a declaration
configure:12704: gcc -c    -DNDEBUG -DNVALGRIND -O2    -I/home/sadeghil/Encrypted_MPI/cryptMPI-mvapich2-2.3.3/src/mpl/include -I/home/sadeghil/Encrypted_MPI/cryptMPI-mvapich2-2.3.3/src/mpl/include -I/home/sadeghil/Encrypted_MPI/cryptMPI-mvapich2-2.3.3/src/openpa/src -I/home/sadeghil/Encrypted_MPI/cryptMPI-mvapich2-2.3.3/src/openpa/src -D_REENTRANT -I/home/sadeghil/Encrypted_MPI/cryptMPI-mvapich2-2.3.3/src/mpi/romio/include -I/include -I/include -I/include -I/include conftest.c >&5
configure:12704: $? = 0
configure:12711: result: no
configure:12727: checking for strncmp
configure:12727: gcc -o conftest    -DNDEBUG -DNVALGRIND -O2    -I/home/sadeghil/Encrypted_MPI/cryptMPI-mvapich2-2.3.3/src/mpl/include -I/home/sadeghil/Encrypted_MPI/cryptMPI-mvapich2-2.3.3/src/mpl/include -I/home/sadeghil/Encrypted_MPI/cryptMPI-mvapich2-2.3.3/src/openpa/src -I/home/sadeghil/Encrypted_MPI/cryptMPI-mvapich2-2.3.3/src/openpa/src -D_REENTRANT -I/home/sadeghil/Encrypted_MPI/cryptMPI-mvapich2-2.3.3/src/mpi/romio/include -I/include -I/include -I/include -I/include  conftest.c  >&5
conftest.c:62:6: warning: conflicting types for built-in function 'strncmp' [enabled by default]
 char strncmp ();
      ^
configure:12727: $? = 0
configure:12727: result: yes
configure:12738: checking whether strncmp needs a declaration
configure:12756: gcc -c    -DNDEBUG -DNVALGRIND -O2    -I/home/sadeghil/Encrypted_MPI/cryptMPI-mvapich2-2.3.3/src/mpl/include -I/home/sadeghil/Encrypted_MPI/cryptMPI-mvapich2-2.3.3/src/mpl/include -I/home/sadeghil/Encrypted_MPI/cryptMPI-mvapich2-2.3.3/src/openpa/src -I/home/sadeghil/Encrypted_MPI/cryptMPI-mvapich2-2.3.3/src/openpa/src -D_REENTRANT -I/home/sadeghil/Encrypted_MPI/cryptMPI-mvapich2-2.3.3/src/mpi/romio/include -I/include -I/include -I/include -I/include conftest.c >&5
configure:12756: $? = 0
configure:12763: result: no
configure:12779: checking for putenv
configure:12779: gcc -o conftest    -DNDEBUG -DNVALGRIND -O2    -I/home/sadeghil/Encrypted_MPI/cryptMPI-mvapich2-2.3.3/src/mpl/include -I/home/sadeghil/Encrypted_MPI/cryptMPI-mvapich2-2.3.3/src/mpl/include -I/home/sadeghil/Encrypted_MPI/cryptMPI-mvapich2-2.3.3/src/openpa/src -I/home/sadeghil/Encrypted_MPI/cryptMPI-mvapich2-2.3.3/src/openpa/src -D_REENTRANT -I/home/sadeghil/Encrypted_MPI/cryptMPI-mvapich2-2.3.3/src/mpi/romio/include -I/include -I/include -I/include -I/include  conftest.c  >&5
configure:12779: $? = 0
configure:12779: result: yes
configure:12790: checking whether putenv needs a declaration
configure:12808: gcc -c    -DNDEBUG -DNVALGRIND -O2    -I/home/sadeghil/Encrypted_MPI/cryptMPI-mvapich2-2.3.3/src/mpl/include -I/home/sadeghil/Encrypted_MPI/cryptMPI-mvapich2-2.3.3/src/mpl/include -I/home/sadeghil/Encrypted_MPI/cryptMPI-mvapich2-2.3.3/src/openpa/src -I/home/sadeghil/Encrypted_MPI/cryptMPI-mvapich2-2.3.3/src/openpa/src -D_REENTRANT -I/home/sadeghil/Encrypted_MPI/cryptMPI-mvapich2-2.3.3/src/mpi/romio/include -I/include -I/include -I/include -I/include conftest.c >&5
configure:12808: $? = 0
configure:12815: result: no
configure:12831: checking for strerror
configure:12831: gcc -o conftest    -DNDEBUG -DNVALGRIND -O2    -I/home/sadeghil/Encrypted_MPI/cryptMPI-mvapich2-2.3.3/src/mpl/include -I/home/sadeghil/Encrypted_MPI/cryptMPI-mvapich2-2.3.3/src/mpl/include -I/home/sadeghil/Encrypted_MPI/cryptMPI-mvapich2-2.3.3/src/openpa/src -I/home/sadeghil/Encrypted_MPI/cryptMPI-mvapich2-2.3.3/src/openpa/src -D_REENTRANT -I/home/sadeghil/Encrypted_MPI/cryptMPI-mvapich2-2.3.3/src/mpi/romio/include -I/include -I/include -I/include -I/include  conftest.c  >&5
configure:12831: $? = 0
configure:12831: result: yes
configure:12842: checking whether strerror needs a declaration
configure:12860: gcc -c    -DNDEBUG -DNVALGRIND -O2    -I/home/sadeghil/Encrypted_MPI/cryptMPI-mvapich2-2.3.3/src/mpl/include -I/home/sadeghil/Encrypted_MPI/cryptMPI-mvapich2-2.3.3/src/mpl/include -I/home/sadeghil/Encrypted_MPI/cryptMPI-mvapich2-2.3.3/src/openpa/src -I/home/sadeghil/Encrypted_MPI/cryptMPI-mvapich2-2.3.3/src/openpa/src -D_REENTRANT -I/home/sadeghil/Encrypted_MPI/cryptMPI-mvapich2-2.3.3/src/mpi/romio/include -I/include -I/include -I/include -I/include conftest.c >&5
configure:12860: $? = 0
configure:12867: result: no
configure:12884: checking whether __attribute__ allowed
configure:12901: gcc -c    -DNDEBUG -DNVALGRIND -O2    -I/home/sadeghil/Encrypted_MPI/cryptMPI-mvapich2-2.3.3/src/mpl/include -I/home/sadeghil/Encrypted_MPI/cryptMPI-mvapich2-2.3.3/src/mpl/include -I/home/sadeghil/Encrypted_MPI/cryptMPI-mvapich2-2.3.3/src/openpa/src -I/home/sadeghil/Encrypted_MPI/cryptMPI-mvapich2-2.3.3/src/openpa/src -D_REENTRANT -I/home/sadeghil/Encrypted_MPI/cryptMPI-mvapich2-2.3.3/src/mpi/romio/include -I/include -I/include -I/include -I/include conftest.c >&5
configure:12901: $? = 0
configure:12908: result: yes
configure:12910: checking whether __attribute__((format)) allowed
configure:12927: gcc -c    -DNDEBUG -DNVALGRIND -O2    -I/home/sadeghil/Encrypted_MPI/cryptMPI-mvapich2-2.3.3/src/mpl/include -I/home/sadeghil/Encrypted_MPI/cryptMPI-mvapich2-2.3.3/src/mpl/include -I/home/sadeghil/Encrypted_MPI/cryptMPI-mvapich2-2.3.3/src/openpa/src -I/home/sadeghil/Encrypted_MPI/cryptMPI-mvapich2-2.3.3/src/openpa/src -D_REENTRANT -I/home/sadeghil/Encrypted_MPI/cryptMPI-mvapich2-2.3.3/src/mpi/romio/include -I/include -I/include -I/include -I/include conftest.c >&5
configure:12927: $? = 0
configure:12934: result: yes
configure:13055: checking that generated files are newer than configure
configure:13061: result: done
configure:13092: creating ./config.status

## ---------------------- ##
## Running config.status. ##
## ---------------------- ##

This file was extended by MPL config.status 0.1, which was
generated by GNU Autoconf 2.69.  Invocation command line was

  CONFIG_FILES    = 
  CONFIG_HEADERS  = 
  CONFIG_LINKS    = 
  CONFIG_COMMANDS = 
  $ ./config.status 

on inv32

config.status:1117: creating Makefile
config.status:1117: creating localdefs
config.status:1117: creating include/config.h
config.status:1298: include/config.h is unchanged
config.status:1346: executing depfiles commands
config.status:1346: executing libtool commands
config.status:1346: executing include/mplconfig.h commands
config.status:2020: creating include/mplconfig.h - prefix MPL for include/config.h defines
config.status:2042: include/mplconfig.h is unchanged

## ---------------- ##
## Cache variables. ##
## ---------------- ##

ac_cv_build=x86_64-pc-linux-gnu
ac_cv_c_compiler_gnu=yes
ac_cv_c_const=yes
ac_cv_c_inline=inline
ac_cv_c_restrict=__restrict
ac_cv_env_CC_set=set
ac_cv_env_CC_value=gcc
ac_cv_env_CFLAGS_set=set
ac_cv_env_CFLAGS_value='   -DNDEBUG -DNVALGRIND -O2 '
ac_cv_env_CPPFLAGS_set=set
ac_cv_env_CPPFLAGS_value='  -I/home/sadeghil/Encrypted_MPI/cryptMPI-mvapich2-2.3.3/src/mpl/include -I/home/sadeghil/Encrypted_MPI/cryptMPI-mvapich2-2.3.3/src/mpl/include -I/home/sadeghil/Encrypted_MPI/cryptMPI-mvapich2-2.3.3/src/openpa/src -I/home/sadeghil/Encrypted_MPI/cryptMPI-mvapich2-2.3.3/src/openpa/src -D_REENTRANT -I/home/sadeghil/Encrypted_MPI/cryptMPI-mvapich2-2.3.3/src/mpi/romio/include -I/include -I/include -I/include -I/include'
ac_cv_env_CPP_set=
ac_cv_env_CPP_value=
ac_cv_env_FROM_MPICH_set=set
ac_cv_env_FROM_MPICH_value=yes
ac_cv_env_GCOV_set=
ac_cv_env_GCOV_value=
ac_cv_env_LDFLAGS_set=set
ac_cv_env_LDFLAGS_value=
ac_cv_env_LIBS_set=set
ac_cv_env_LIBS_value=
ac_cv_env_LT_SYS_LIBRARY_PATH_set=
ac_cv_env_LT_SYS_LIBRARY_PATH_value=
ac_cv_env_MPLLIBNAME_set=set
ac_cv_env_MPLLIBNAME_value=mpl
ac_cv_env_build_alias_set=
ac_cv_env_build_alias_value=
ac_cv_env_host_alias_set=
ac_cv_env_host_alias_value=
ac_cv_env_target_alias_set=
ac_cv_env_target_alias_value=
ac_cv_func_putenv=yes
ac_cv_func_snprintf=yes
ac_cv_func_strdup=yes
ac_cv_func_strerror=yes
ac_cv_func_strncmp=yes
ac_cv_header_ctype_h=yes
ac_cv_header_dlfcn_h=yes
ac_cv_header_drd_h=no
ac_cv_header_helgrind_h=no
ac_cv_header_inttypes_h=yes
ac_cv_header_memcheck_h=no
ac_cv_header_memory_h=yes
ac_cv_header_search_h=yes
ac_cv_header_stdarg_h=yes
ac_cv_header_stdc=yes
ac_cv_header_stdint_h=yes
ac_cv_header_stdio_h=yes
ac_cv_header_stdlib_h=yes
ac_cv_header_string_h=yes
ac_cv_header_strings_h=yes
ac_cv_header_sys_stat_h=yes
ac_cv_header_sys_types_h=yes
ac_cv_header_sys_uio_h=yes
ac_cv_header_unistd_h=yes
ac_cv_header_valgrind_drd_h=no
ac_cv_header_valgrind_h=no
ac_cv_header_valgrind_helgrind_h=no
ac_cv_header_valgrind_memcheck_h=no
ac_cv_header_valgrind_valgrind_h=no
ac_cv_host=x86_64-pc-linux-gnu
ac_cv_objext=o
ac_cv_path_EGREP='/usr/bin/grep -E'
ac_cv_path_FGREP='/usr/bin/grep -F'
ac_cv_path_GREP=/usr/bin/grep
ac_cv_path_SED=/usr/bin/sed
ac_cv_path_install='/usr/bin/install -c'
ac_cv_path_lt_DD=/usr/bin/dd
ac_cv_prog_AWK=gawk
ac_cv_prog_CPP='gcc -E'
ac_cv_prog_GCOV=gcov
ac_cv_prog_ac_ct_OBJDUMP=objdump
ac_cv_prog_ac_ct_RANLIB=ranlib
ac_cv_prog_ac_ct_STRIP=strip
ac_cv_prog_cc_c89=
ac_cv_prog_cc_g=yes
ac_cv_prog_make_make_set=yes
am_cv_CC_dependencies_compiler_type=gcc3
am_cv_ar_interface=ar
am_cv_make_support_nested_variables=yes
am_cv_prog_cc_c_o=yes
lt_cv_ar_at_file=@
lt_cv_archive_cmds_need_lc=no
lt_cv_deplibs_check_method=pass_all
lt_cv_file_magic_cmd='$MAGIC_CMD'
lt_cv_file_magic_test_file=
lt_cv_ld_reload_flag=-r
lt_cv_nm_interface='BSD nm'
lt_cv_objdir=.libs
lt_cv_path_LD='/usr/bin/ld -m elf_x86_64 -m elf_x86_64'
lt_cv_path_NM='/usr/bin/nm -B'
lt_cv_path_mainfest_tool=no
lt_cv_prog_compiler_c_o=yes
lt_cv_prog_compiler_pic='-fPIC -DPIC'
lt_cv_prog_compiler_pic_works=yes
lt_cv_prog_compiler_rtti_exceptions=no
lt_cv_prog_compiler_static_works=no
lt_cv_prog_gnu_ld=yes
lt_cv_sharedlib_from_linklib_cmd='printf %s\n'
lt_cv_shlibpath_overrides_runpath=no
lt_cv_sys_global_symbol_pipe='sed -n -e '\''s/^.*[	 ]\([ABCDGIRSTW][ABCDGIRSTW]*\)[	 ][	 ]*\([_A-Za-z][_A-Za-z0-9]*\)$/\1 \2 \2/p'\'' | sed '\''/ __gnu_lto/d'\'''
lt_cv_sys_global_symbol_to_c_name_address='sed -n -e '\''s/^: \(.*\) .*$/  {"\1", (void *) 0},/p'\'' -e '\''s/^[ABCDGIRSTW][ABCDGIRSTW]* .* \(.*\)$/  {"\1", (void *) \&\1},/p'\'''
lt_cv_sys_global_symbol_to_c_name_address_lib_prefix='sed -n -e '\''s/^: \(.*\) .*$/  {"\1", (void *) 0},/p'\'' -e '\''s/^[ABCDGIRSTW][ABCDGIRSTW]* .* \(lib.*\)$/  {"\1", (void *) \&\1},/p'\'' -e '\''s/^[ABCDGIRSTW][ABCDGIRSTW]* .* \(.*\)$/  {"lib\1", (void *) \&\1},/p'\'''
lt_cv_sys_global_symbol_to_cdecl='sed -n -e '\''s/^T .* \(.*\)$/extern int \1();/p'\'' -e '\''s/^[ABCDGIRSTW][ABCDGIRSTW]* .* \(.*\)$/extern char \1;/p'\'''
lt_cv_sys_global_symbol_to_import=
lt_cv_sys_max_cmd_len=1572864
lt_cv_to_host_file_cmd=func_convert_file_noop
lt_cv_to_tool_file_cmd=func_convert_file_noop
lt_cv_truncate_bin='/usr/bin/dd bs=4096 count=1'
pac_cv_func_decl_putenv=no
pac_cv_func_decl_snprintf=no
pac_cv_func_decl_strdup=no
pac_cv_func_decl_strerror=no
pac_cv_func_decl_strncmp=no
pac_cv_gnu_attr_format=yes
pac_cv_gnu_attr_pure=yes
pac_cv_have___typeof=yes
pac_cv_have_broken_valgrind=yes

## ----------------- ##
## Output variables. ##
## ----------------- ##

ACLOCAL='${SHELL} /home/sadeghil/Encrypted_MPI/cryptMPI-mvapich2-2.3.3/src/pm/hydra/mpl/confdb/missing aclocal-1.15'
AMDEPBACKSLASH='\'
AMDEP_FALSE='#'
AMDEP_TRUE=''
AMTAR='$${TAR-tar}'
AM_BACKSLASH='\'
AM_DEFAULT_V='$(AM_DEFAULT_VERBOSITY)'
AM_DEFAULT_VERBOSITY='0'
AM_V='$(V)'
AR='ar'
AUTOCONF='${SHELL} /home/sadeghil/Encrypted_MPI/cryptMPI-mvapich2-2.3.3/src/pm/hydra/mpl/confdb/missing autoconf'
AUTOHEADER='${SHELL} /home/sadeghil/Encrypted_MPI/cryptMPI-mvapich2-2.3.3/src/pm/hydra/mpl/confdb/missing autoheader'
AUTOMAKE='${SHELL} /home/sadeghil/Encrypted_MPI/cryptMPI-mvapich2-2.3.3/src/pm/hydra/mpl/confdb/missing automake-1.15'
AWK='gawk'
BUILD_COVERAGE_FALSE=''
BUILD_COVERAGE_TRUE='#'
CC='gcc'
CCDEPMODE='depmode=gcc3'
CFLAGS='   -DNDEBUG -DNVALGRIND -O2 '
CPP='gcc -E'
CPPFLAGS='  -I/home/sadeghil/Encrypted_MPI/cryptMPI-mvapich2-2.3.3/src/mpl/include -I/home/sadeghil/Encrypted_MPI/cryptMPI-mvapich2-2.3.3/src/mpl/include -I/home/sadeghil/Encrypted_MPI/cryptMPI-mvapich2-2.3.3/src/openpa/src -I/home/sadeghil/Encrypted_MPI/cryptMPI-mvapich2-2.3.3/src/openpa/src -D_REENTRANT -I/home/sadeghil/Encrypted_MPI/cryptMPI-mvapich2-2.3.3/src/mpi/romio/include -I/include -I/include -I/include -I/include'
CYGPATH_W='echo'
DEFS='-DHAVE_CONFIG_H'
DEPDIR='.deps'
DLLTOOL='false'
DSYMUTIL=''
DUMPBIN=''
ECHO_C=''
ECHO_N='-n'
ECHO_T=''
EGREP='/usr/bin/grep -E'
EXEEXT=''
FGREP='/usr/bin/grep -F'
FROM_MPICH='yes'
GCOV='gcov'
GREP='/usr/bin/grep'
INSTALL_DATA='${INSTALL} -m 644'
INSTALL_PROGRAM='${INSTALL}'
INSTALL_SCRIPT='${INSTALL}'
INSTALL_STRIP_PROGRAM='$(install_sh) -c -s'
LD='/usr/bin/ld -m elf_x86_64 -m elf_x86_64 -m elf_x86_64'
LDFLAGS=''
LIBOBJS=''
LIBS=''
LIBTOOL='$(SHELL) $(top_builddir)/libtool'
LIPO=''
LN_S='ln -s'
LTLIBOBJS=''
LT_SYS_LIBRARY_PATH=''
MAKEINFO='${SHELL} /home/sadeghil/Encrypted_MPI/cryptMPI-mvapich2-2.3.3/src/pm/hydra/mpl/confdb/missing makeinfo'
MANIFEST_TOOL=':'
MKDIR_P='mkdir -p'
MPLLIBNAME='mpl'
MPL_EMBEDDED_MODE_FALSE='#'
MPL_EMBEDDED_MODE_TRUE=''
NM='/usr/bin/nm -B'
NMEDIT=''
OBJDUMP='objdump'
OBJEXT='o'
OTOOL64=''
OTOOL=''
PACKAGE='mpl'
PACKAGE_BUGREPORT=''
PACKAGE_NAME='MPL'
PACKAGE_STRING='MPL 0.1'
PACKAGE_TARNAME='mpl'
PACKAGE_URL=''
PACKAGE_VERSION='0.1'
PATH_SEPARATOR=':'
RANLIB='ranlib'
SED='/usr/bin/sed'
SET_MAKE=''
SHELL='/bin/sh'
STRIP='strip'
VERSION='0.1'
ac_ct_AR=''
ac_ct_CC=''
ac_ct_DUMPBIN=''
am__EXEEXT_FALSE=''
am__EXEEXT_TRUE='#'
am__fastdepCC_FALSE='#'
am__fastdepCC_TRUE=''
am__include='include'
am__isrc=''
am__leading_dot='.'
am__nodep='_no'
am__quote=''
am__tar='$${TAR-tar} chof - "$$tardir"'
am__untar='$${TAR-tar} xf -'
bindir='${exec_prefix}/bin'
build='x86_64-pc-linux-gnu'
build_alias=''
build_cpu='x86_64'
build_os='linux-gnu'
build_vendor='pc'
datadir='${datarootdir}'
datarootdir='${prefix}/share'
docdir='${datarootdir}/doc/${PACKAGE_TARNAME}'
dvidir='${docdir}'
exec_prefix='${prefix}'
host='x86_64-pc-linux-gnu'
host_alias=''
host_cpu='x86_64'
host_os='linux-gnu'
host_vendor='pc'
htmldir='${docdir}'
includedir='${prefix}/include'
infodir='${datarootdir}/info'
install_sh='${SHELL} /home/sadeghil/Encrypted_MPI/cryptMPI-mvapich2-2.3.3/src/pm/hydra/mpl/confdb/install-sh'
libdir='${exec_prefix}/lib'
libexecdir='${exec_prefix}/libexec'
libmpl_so_version='1:0'
libmpl_so_versionflags='-avoid-version'
localedir='${datarootdir}/locale'
localstatedir='${prefix}/var'
mandir='${datarootdir}/man'
mkdir_p='$(MKDIR_P)'
oldincludedir='/usr/include'
pdfdir='${docdir}'
prefix='/home/sadeghil/Installed_Tools/CryptMPI'
program_transform_name='s,x,x,'
psdir='${docdir}'
sbindir='${exec_prefix}/sbin'
sharedstatedir='${prefix}/com'
sysconfdir='${prefix}/etc'
target_alias=''

## ----------- ##
## confdefs.h. ##
## ----------- ##

/* confdefs.h */
#define PACKAGE_NAME "MPL"
#define PACKAGE_TARNAME "mpl"
#define PACKAGE_VERSION "0.1"
#define PACKAGE_STRING "MPL 0.1"
#define PACKAGE_BUGREPORT ""
#define PACKAGE_URL ""
#define PACKAGE "mpl"
#define VERSION "0.1"
#define STDC_HEADERS 1
#define HAVE_SYS_TYPES_H 1
#define HAVE_SYS_STAT_H 1
#define HAVE_STDLIB_H 1
#define HAVE_STRING_H 1
#define HAVE_MEMORY_H 1
#define HAVE_STRINGS_H 1
#define HAVE_INTTYPES_H 1
#define HAVE_STDINT_H 1
#define HAVE_UNISTD_H 1
#define HAVE_DLFCN_H 1
#define LT_OBJDIR ".libs/"
#define restrict __restrict
#define HAVE_MACRO_VA_ARGS 1
#define HAVE___TYPEOF 1
#define HAVE_STDIO_H 1
#define HAVE_STDLIB_H 1
#define HAVE_STRING_H 1
#define HAVE_STDARG_H 1
#define HAVE_CTYPE_H 1
#define HAVE_SEARCH_H 1
#define HAVE_SYS_TYPES_H 1
#define HAVE_SYS_UIO_H 1
#define HAVE_INTTYPES_H 1
#define HAVE_STDINT_H 1
#define HAVE_BROKEN_VALGRIND 1
#define HAVE_STRDUP 1
#define HAVE_SNPRINTF 1
#define HAVE_STRNCMP 1
#define HAVE_PUTENV 1
#define HAVE_STRERROR 1
#define HAVE_GCC_ATTRIBUTE 1

configure: exit 0
