This file contains any messages produced by compilers while
running configure, to aid debugging if configure makes a mistake.

It was created by configure, which was
generated by GNU Autoconf 2.69.  Invocation command line was

  $ ./configure 

## --------- ##
## Platform. ##
## --------- ##

hostname = inv32
uname -m = x86_64
uname -r = 3.10.0-957.21.3.el7.x86_64
uname -s = Linux
uname -v = #1 SMP Tue Jun 18 16:35:19 UTC 2019

/usr/bin/uname -p = x86_64
/bin/uname -X     = unknown

/bin/arch              = x86_64
/usr/bin/arch -k       = unknown
/usr/convex/getsysinfo = unknown
/usr/bin/hostinfo      = unknown
/bin/machine           = unknown
/usr/bin/oslevel       = unknown
/bin/universe          = unknown

PATH: /home/sadeghil/Installed_Tools/CMAKE/cmake-3.16.3/bin/
PATH: /home/sadeghil/automake/bin
PATH: /usr/local/bin
PATH: /usr/bin
PATH: /usr/local/sbin
PATH: /usr/sbin
PATH: /usr/lib/jvm/java-openjdk/bin
PATH: /home/sadeghil/automake/bin/
PATH: /home/sadeghil/Installed_Tools/Tools/Ncurses/bin
PATH: /home/sadeghil/Installed_Tools/Emacs/bin


## ----------- ##
## Core tests. ##
## ----------- ##

configure:1676: checking for perl
configure:1694: found /usr/bin/perl
configure:1706: result: /usr/bin/perl
configure:1895: creating ./config.status

## ---------------------- ##
## Running config.status. ##
## ---------------------- ##

This file was extended by config.status, which was
generated by GNU Autoconf 2.69.  Invocation command line was

  CONFIG_FILES    = 
  CONFIG_HEADERS  = 
  CONFIG_LINKS    = 
  CONFIG_COMMANDS = 
  $ ./config.status 

on inv32

config.status:748: creating checkbuilds
config.status:748: creating getcoverage
config.status:748: creating genstates
config.status:748: creating clmake
config.status:748: creating f77tof90
config.status:748: creating extractstrings
config.status:748: creating extractcvars
config.status:748: creating extractstates
config.status:748: creating extractfixme
config.status:748: creating createcoverage
config.status:748: creating gcovmerge
config.status:748: creating createhtmlindex
config.status:748: creating cvardirs
config.status:909: executing default-1 commands

## ---------------- ##
## Cache variables. ##
## ---------------- ##

ac_cv_env_build_alias_set=
ac_cv_env_build_alias_value=
ac_cv_env_host_alias_set=
ac_cv_env_host_alias_value=
ac_cv_env_target_alias_set=
ac_cv_env_target_alias_value=
ac_cv_path_PERL=/usr/bin/perl

## ----------------- ##
## Output variables. ##
## ----------------- ##



# a byproduct of running ./maint/updatefiles using maint/Version.base.m4 as
# all times w.r.t. the version.m4 file.
# input.  The real version info is contained in maint/version.m4 instead.  It is
# intentionally not managed by the makefile system and may not be up to date at
DEFS='-DPACKAGE_NAME=\"\" -DPACKAGE_TARNAME=\"\" -DPACKAGE_VERSION=\"\" -DPACKAGE_STRING=\"\" -DPACKAGE_BUGREPORT=\"\" -DPACKAGE_URL=\"\"'
ECHO_C=''
ECHO_N='-n'
ECHO_T=''
LIBOBJS=''
LIBS=''
LTLIBOBJS=''
MPICH_VERSION=3.2.1
MVAPICH2_VERSION=2.3.3
PACKAGE_BUGREPORT=''
PACKAGE_NAME=''
PACKAGE_STRING=''
PACKAGE_TARNAME=''
PACKAGE_URL=''
PACKAGE_VERSION=''
PATH_SEPARATOR=':'
PERL='/usr/bin/perl'
SHELL='/bin/sh'
VERSION='# This shell script is no longer the canonical version number script, but rather
XARGS_NODATA_OPT='-r'
abs_mpichsrcdir='/home/sadeghil/Encrypted_MPI/cryptMPI-mvapich2-2.3.3'
bindir='${exec_prefix}/bin'
build_alias=''
datadir='${datarootdir}'
datarootdir='${prefix}/share'
docdir='${datarootdir}/doc/${PACKAGE}'
dvidir='${docdir}'
exec_prefix='${prefix}'
export MPICH_VERSION
export MVAPICH2_VERSION'
host_alias=''
htmldir='${docdir}'
includedir='${prefix}/include'
infodir='${datarootdir}/info'
libdir='${exec_prefix}/lib'
libexecdir='${exec_prefix}/libexec'
localedir='${datarootdir}/locale'
localstatedir='${prefix}/var'
mandir='${datarootdir}/man'
oldincludedir='/usr/include'
pdfdir='${docdir}'
prefix='/usr/local'
program_transform_name='s,x,x,'
psdir='${docdir}'
sbindir='${exec_prefix}/sbin'
sharedstatedir='${prefix}/com'
sysconfdir='${prefix}/etc'
target_alias=''

## ----------- ##
## confdefs.h. ##
## ----------- ##

/* confdefs.h */
#define PACKAGE_NAME ""
#define PACKAGE_TARNAME ""
#define PACKAGE_VERSION ""
#define PACKAGE_STRING ""
#define PACKAGE_BUGREPORT ""
#define PACKAGE_URL ""

configure: exit 0
