This file contains any messages produced by compilers while
running configure, to aid debugging if configure makes a mistake.

It was created by OpenPA configure 1.0.3, which was
generated by GNU Autoconf 2.69.  Invocation command line was

  $ ./configure --disable-option-checking --prefix=/home/gavahi/ics-2020/cryptMPI_2022/MPICH/cryptMPI-mpich-3.3/mpich_install --disable-versioning --enable-embedded --with-atomic-primitives=auto_allow_emulation --cache-file=/dev/null --srcdir=.

## --------- ##
## Platform. ##
## --------- ##

hostname = inv35
uname -m = x86_64
uname -r = 3.10.0-957.21.3.el7.x86_64
uname -s = Linux
uname -v = #1 SMP Tue Jun 18 16:35:19 UTC 2019

/usr/bin/uname -p = x86_64
/bin/uname -X     = unknown

/bin/arch              = x86_64
/usr/bin/arch -k       = unknown
/usr/convex/getsysinfo = unknown
/usr/bin/hostinfo      = unknown
/bin/machine           = unknown
/usr/bin/oslevel       = unknown
/bin/universe          = unknown

PATH: /home/gavahi/.cargo/bin
PATH: /home/gavahi/go/go/bin
PATH: /home/gavahi/automake/bin
PATH: /usr/local/bin
PATH: /usr/bin
PATH: /usr/local/sbin
PATH: /usr/sbin
PATH: /usr/lib/jvm/java-openjdk/bin
PATH: /home/gavahi/go/go/bin


## ----------- ##
## Core tests. ##
## ----------- ##

configure:2481: checking for a BSD-compatible install
configure:2549: result: /usr/bin/install -c
configure:2560: checking whether build environment is sane
configure:2615: result: yes
configure:2766: checking for a thread-safe mkdir -p
configure:2805: result: /usr/bin/mkdir -p
configure:2812: checking for gawk
configure:2828: found /usr/bin/gawk
configure:2839: result: gawk
configure:2850: checking whether make sets $(MAKE)
configure:2872: result: yes
configure:2901: checking whether make supports nested variables
configure:2918: result: yes
configure:3059: checking for style of include used by make
configure:3087: result: GNU
configure:3158: checking for gcc
configure:3185: result: gcc
configure:3414: checking for C compiler version
configure:3423: gcc --version >&5
gcc (GCC) 4.8.5 20150623 (Red Hat 4.8.5-36)
Copyright (C) 2015 Free Software Foundation, Inc.
This is free software; see the source for copying conditions.  There is NO
warranty; not even for MERCHANTABILITY or FITNESS FOR A PARTICULAR PURPOSE.

configure:3434: $? = 0
configure:3423: gcc -v >&5
Using built-in specs.
COLLECT_GCC=gcc
COLLECT_LTO_WRAPPER=/usr/libexec/gcc/x86_64-redhat-linux/4.8.5/lto-wrapper
Target: x86_64-redhat-linux
Configured with: ../configure --prefix=/usr --mandir=/usr/share/man --infodir=/usr/share/info --with-bugurl=http://bugzilla.redhat.com/bugzilla --enable-bootstrap --enable-shared --enable-threads=posix --enable-checking=release --with-system-zlib --enable-__cxa_atexit --disable-libunwind-exceptions --enable-gnu-unique-object --enable-linker-build-id --with-linker-hash-style=gnu --enable-languages=c,c++,objc,obj-c++,java,fortran,ada,go,lto --enable-plugin --enable-initfini-array --disable-libgcj --with-isl=/builddir/build/BUILD/gcc-4.8.5-20150702/obj-x86_64-redhat-linux/isl-install --with-cloog=/builddir/build/BUILD/gcc-4.8.5-20150702/obj-x86_64-redhat-linux/cloog-install --enable-gnu-indirect-function --with-tune=generic --with-arch_32=x86-64 --build=x86_64-redhat-linux
Thread model: posix
gcc version 4.8.5 20150623 (Red Hat 4.8.5-36) (GCC) 
configure:3434: $? = 0
configure:3423: gcc -V >&5
gcc: error: unrecognized command line option '-V'
gcc: fatal error: no input files
compilation terminated.
configure:3434: $? = 4
configure:3423: gcc -qversion >&5
gcc: error: unrecognized command line option '-qversion'
gcc: fatal error: no input files
compilation terminated.
configure:3434: $? = 4
configure:3454: checking whether the C compiler works
configure:3476: gcc      -I/home/gavahi/ics-2020/cryptMPI_2022/MPICH/cryptMPI-mpich-3.3/src/mpl/include -I/home/gavahi/ics-2020/cryptMPI_2022/MPICH/cryptMPI-mpich-3.3/src/mpl/include -I/home/gavahi/ics-2020/cryptMPI_2022/MPICH/cryptMPI-mpich-3.3/src/openpa/src -I/home/gavahi/ics-2020/cryptMPI_2022/MPICH/cryptMPI-mpich-3.3/src/openpa/src  conftest.c  >&5
configure:3480: $? = 0
configure:3528: result: yes
configure:3531: checking for C compiler default output file name
configure:3533: result: a.out
configure:3539: checking for suffix of executables
configure:3546: gcc -o conftest      -I/home/gavahi/ics-2020/cryptMPI_2022/MPICH/cryptMPI-mpich-3.3/src/mpl/include -I/home/gavahi/ics-2020/cryptMPI_2022/MPICH/cryptMPI-mpich-3.3/src/mpl/include -I/home/gavahi/ics-2020/cryptMPI_2022/MPICH/cryptMPI-mpich-3.3/src/openpa/src -I/home/gavahi/ics-2020/cryptMPI_2022/MPICH/cryptMPI-mpich-3.3/src/openpa/src  conftest.c  >&5
configure:3550: $? = 0
configure:3572: result: 
configure:3594: checking whether we are cross compiling
configure:3602: gcc -o conftest      -I/home/gavahi/ics-2020/cryptMPI_2022/MPICH/cryptMPI-mpich-3.3/src/mpl/include -I/home/gavahi/ics-2020/cryptMPI_2022/MPICH/cryptMPI-mpich-3.3/src/mpl/include -I/home/gavahi/ics-2020/cryptMPI_2022/MPICH/cryptMPI-mpich-3.3/src/openpa/src -I/home/gavahi/ics-2020/cryptMPI_2022/MPICH/cryptMPI-mpich-3.3/src/openpa/src  conftest.c  >&5
configure:3606: $? = 0
configure:3613: ./conftest
configure:3617: $? = 0
configure:3632: result: no
configure:3637: checking for suffix of object files
configure:3659: gcc -c      -I/home/gavahi/ics-2020/cryptMPI_2022/MPICH/cryptMPI-mpich-3.3/src/mpl/include -I/home/gavahi/ics-2020/cryptMPI_2022/MPICH/cryptMPI-mpich-3.3/src/mpl/include -I/home/gavahi/ics-2020/cryptMPI_2022/MPICH/cryptMPI-mpich-3.3/src/openpa/src -I/home/gavahi/ics-2020/cryptMPI_2022/MPICH/cryptMPI-mpich-3.3/src/openpa/src conftest.c >&5
configure:3663: $? = 0
configure:3684: result: o
configure:3688: checking whether we are using the GNU C compiler
configure:3707: gcc -c      -I/home/gavahi/ics-2020/cryptMPI_2022/MPICH/cryptMPI-mpich-3.3/src/mpl/include -I/home/gavahi/ics-2020/cryptMPI_2022/MPICH/cryptMPI-mpich-3.3/src/mpl/include -I/home/gavahi/ics-2020/cryptMPI_2022/MPICH/cryptMPI-mpich-3.3/src/openpa/src -I/home/gavahi/ics-2020/cryptMPI_2022/MPICH/cryptMPI-mpich-3.3/src/openpa/src conftest.c >&5
configure:3707: $? = 0
configure:3716: result: yes
configure:3725: checking whether gcc accepts -g
configure:3745: gcc -c -g   -I/home/gavahi/ics-2020/cryptMPI_2022/MPICH/cryptMPI-mpich-3.3/src/mpl/include -I/home/gavahi/ics-2020/cryptMPI_2022/MPICH/cryptMPI-mpich-3.3/src/mpl/include -I/home/gavahi/ics-2020/cryptMPI_2022/MPICH/cryptMPI-mpich-3.3/src/openpa/src -I/home/gavahi/ics-2020/cryptMPI_2022/MPICH/cryptMPI-mpich-3.3/src/openpa/src conftest.c >&5
configure:3745: $? = 0
configure:3786: result: yes
configure:3803: checking for gcc option to accept ISO C89
configure:3866: gcc  -c      -I/home/gavahi/ics-2020/cryptMPI_2022/MPICH/cryptMPI-mpich-3.3/src/mpl/include -I/home/gavahi/ics-2020/cryptMPI_2022/MPICH/cryptMPI-mpich-3.3/src/mpl/include -I/home/gavahi/ics-2020/cryptMPI_2022/MPICH/cryptMPI-mpich-3.3/src/openpa/src -I/home/gavahi/ics-2020/cryptMPI_2022/MPICH/cryptMPI-mpich-3.3/src/openpa/src conftest.c >&5
configure:3866: $? = 0
configure:3879: result: none needed
configure:3904: checking whether gcc understands -c and -o together
configure:3926: gcc -c conftest.c -o conftest2.o
configure:3929: $? = 0
configure:3926: gcc -c conftest.c -o conftest2.o
configure:3929: $? = 0
configure:3941: result: yes
configure:3960: checking dependency style of gcc
configure:4071: result: gcc3
configure:4189: checking the archiver (ar) interface
configure:4205: gcc -c      -I/home/gavahi/ics-2020/cryptMPI_2022/MPICH/cryptMPI-mpich-3.3/src/mpl/include -I/home/gavahi/ics-2020/cryptMPI_2022/MPICH/cryptMPI-mpich-3.3/src/mpl/include -I/home/gavahi/ics-2020/cryptMPI_2022/MPICH/cryptMPI-mpich-3.3/src/openpa/src -I/home/gavahi/ics-2020/cryptMPI_2022/MPICH/cryptMPI-mpich-3.3/src/openpa/src conftest.c >&5
configure:4205: $? = 0
configure:4207: ar cru libconftest.a conftest.o >&5
configure:4210: $? = 0
configure:4238: result: ar
configure:4292: checking build system type
configure:4306: result: x86_64-pc-linux-gnu
configure:4326: checking host system type
configure:4339: result: x86_64-pc-linux-gnu
configure:4380: checking how to print strings
configure:4407: result: printf
configure:4428: checking for a sed that does not truncate output
configure:4492: result: /usr/bin/sed
configure:4510: checking for grep that handles long lines and -e
configure:4568: result: /usr/bin/grep
configure:4573: checking for egrep
configure:4635: result: /usr/bin/grep -E
configure:4640: checking for fgrep
configure:4702: result: /usr/bin/grep -F
configure:4737: checking for ld used by gcc
configure:4804: result: /usr/bin/ld
configure:4811: checking if the linker (/usr/bin/ld) is GNU ld
configure:4826: result: yes
configure:4838: checking for BSD- or MS-compatible name lister (nm)
configure:4892: result: /usr/bin/nm -B
configure:5022: checking the name lister (/usr/bin/nm -B) interface
configure:5029: gcc -c      -I/home/gavahi/ics-2020/cryptMPI_2022/MPICH/cryptMPI-mpich-3.3/src/mpl/include -I/home/gavahi/ics-2020/cryptMPI_2022/MPICH/cryptMPI-mpich-3.3/src/mpl/include -I/home/gavahi/ics-2020/cryptMPI_2022/MPICH/cryptMPI-mpich-3.3/src/openpa/src -I/home/gavahi/ics-2020/cryptMPI_2022/MPICH/cryptMPI-mpich-3.3/src/openpa/src conftest.c >&5
configure:5032: /usr/bin/nm -B "conftest.o"
configure:5035: output
0000000000000000 B some_variable
configure:5042: result: BSD nm
configure:5045: checking whether ln -s works
configure:5049: result: yes
configure:5057: checking the maximum length of command line arguments
configure:5188: result: 1572864
configure:5236: checking how to convert x86_64-pc-linux-gnu file names to x86_64-pc-linux-gnu format
configure:5276: result: func_convert_file_noop
configure:5283: checking how to convert x86_64-pc-linux-gnu file names to toolchain format
configure:5303: result: func_convert_file_noop
configure:5310: checking for /usr/bin/ld option to reload object files
configure:5317: result: -r
configure:5391: checking for objdump
configure:5407: found /usr/bin/objdump
configure:5418: result: objdump
configure:5450: checking how to recognize dependent libraries
configure:5650: result: pass_all
configure:5735: checking for dlltool
configure:5765: result: no
configure:5795: checking how to associate runtime and link libraries
configure:5822: result: printf %s\n
configure:5946: checking for archiver @FILE support
configure:5963: gcc -c      -I/home/gavahi/ics-2020/cryptMPI_2022/MPICH/cryptMPI-mpich-3.3/src/mpl/include -I/home/gavahi/ics-2020/cryptMPI_2022/MPICH/cryptMPI-mpich-3.3/src/mpl/include -I/home/gavahi/ics-2020/cryptMPI_2022/MPICH/cryptMPI-mpich-3.3/src/openpa/src -I/home/gavahi/ics-2020/cryptMPI_2022/MPICH/cryptMPI-mpich-3.3/src/openpa/src conftest.c >&5
configure:5963: $? = 0
configure:5966: ar cru libconftest.a @conftest.lst >&5
configure:5969: $? = 0
configure:5974: ar cru libconftest.a @conftest.lst >&5
ar: conftest.o: No such file or directory
configure:5977: $? = 1
configure:5989: result: @
configure:6047: checking for strip
configure:6063: found /usr/bin/strip
configure:6074: result: strip
configure:6146: checking for ranlib
configure:6173: result: ranlib
configure:6275: checking command to parse /usr/bin/nm -B output from gcc object
configure:6428: gcc -c      -I/home/gavahi/ics-2020/cryptMPI_2022/MPICH/cryptMPI-mpich-3.3/src/mpl/include -I/home/gavahi/ics-2020/cryptMPI_2022/MPICH/cryptMPI-mpich-3.3/src/mpl/include -I/home/gavahi/ics-2020/cryptMPI_2022/MPICH/cryptMPI-mpich-3.3/src/openpa/src -I/home/gavahi/ics-2020/cryptMPI_2022/MPICH/cryptMPI-mpich-3.3/src/openpa/src conftest.c >&5
configure:6431: $? = 0
configure:6435: /usr/bin/nm -B conftest.o \| sed -n -e 's/^.*[ ]\([ABCDGIRSTW][ABCDGIRSTW]*\)[ ][ ]*\([_A-Za-z][_A-Za-z0-9]*\)$/\1 \2 \2/p' | sed '/ __gnu_lto/d' \> conftest.nm
configure:6438: $? = 0
configure:6504: gcc -o conftest      -I/home/gavahi/ics-2020/cryptMPI_2022/MPICH/cryptMPI-mpich-3.3/src/mpl/include -I/home/gavahi/ics-2020/cryptMPI_2022/MPICH/cryptMPI-mpich-3.3/src/mpl/include -I/home/gavahi/ics-2020/cryptMPI_2022/MPICH/cryptMPI-mpich-3.3/src/openpa/src -I/home/gavahi/ics-2020/cryptMPI_2022/MPICH/cryptMPI-mpich-3.3/src/openpa/src  conftest.c conftstm.o >&5
configure:6507: $? = 0
configure:6545: result: ok
configure:6592: checking for sysroot
configure:6622: result: no
configure:6629: checking for a working dd
configure:6667: result: /usr/bin/dd
configure:6671: checking how to truncate binary pipes
configure:6686: result: /usr/bin/dd bs=4096 count=1
configure:6822: gcc -c      -I/home/gavahi/ics-2020/cryptMPI_2022/MPICH/cryptMPI-mpich-3.3/src/mpl/include -I/home/gavahi/ics-2020/cryptMPI_2022/MPICH/cryptMPI-mpich-3.3/src/mpl/include -I/home/gavahi/ics-2020/cryptMPI_2022/MPICH/cryptMPI-mpich-3.3/src/openpa/src -I/home/gavahi/ics-2020/cryptMPI_2022/MPICH/cryptMPI-mpich-3.3/src/openpa/src conftest.c >&5
configure:6825: $? = 0
configure:7015: checking for mt
configure:7045: result: no
configure:7065: checking if : is a manifest tool
configure:7071: : '-?'
configure:7079: result: no
configure:7756: checking how to run the C preprocessor
configure:7787: gcc -E   -I/home/gavahi/ics-2020/cryptMPI_2022/MPICH/cryptMPI-mpich-3.3/src/mpl/include -I/home/gavahi/ics-2020/cryptMPI_2022/MPICH/cryptMPI-mpich-3.3/src/mpl/include -I/home/gavahi/ics-2020/cryptMPI_2022/MPICH/cryptMPI-mpich-3.3/src/openpa/src -I/home/gavahi/ics-2020/cryptMPI_2022/MPICH/cryptMPI-mpich-3.3/src/openpa/src conftest.c
configure:7787: $? = 0
configure:7801: gcc -E   -I/home/gavahi/ics-2020/cryptMPI_2022/MPICH/cryptMPI-mpich-3.3/src/mpl/include -I/home/gavahi/ics-2020/cryptMPI_2022/MPICH/cryptMPI-mpich-3.3/src/mpl/include -I/home/gavahi/ics-2020/cryptMPI_2022/MPICH/cryptMPI-mpich-3.3/src/openpa/src -I/home/gavahi/ics-2020/cryptMPI_2022/MPICH/cryptMPI-mpich-3.3/src/openpa/src conftest.c
conftest.c:11:28: fatal error: ac_nonexistent.h: No such file or directory
 #include <ac_nonexistent.h>
                            ^
compilation terminated.
configure:7801: $? = 1
configure: failed program was:
| /* confdefs.h */
| #define PACKAGE_NAME "OpenPA"
| #define PACKAGE_TARNAME "openpa"
| #define PACKAGE_VERSION "1.0.3"
| #define PACKAGE_STRING "OpenPA 1.0.3"
| #define PACKAGE_BUGREPORT "https://trac.mcs.anl.gov/projects/openpa/newticket"
| #define PACKAGE_URL ""
| #define PACKAGE "openpa"
| #define VERSION "1.0.3"
| /* end confdefs.h.  */
| #include <ac_nonexistent.h>
configure:7826: result: gcc -E
configure:7846: gcc -E   -I/home/gavahi/ics-2020/cryptMPI_2022/MPICH/cryptMPI-mpich-3.3/src/mpl/include -I/home/gavahi/ics-2020/cryptMPI_2022/MPICH/cryptMPI-mpich-3.3/src/mpl/include -I/home/gavahi/ics-2020/cryptMPI_2022/MPICH/cryptMPI-mpich-3.3/src/openpa/src -I/home/gavahi/ics-2020/cryptMPI_2022/MPICH/cryptMPI-mpich-3.3/src/openpa/src conftest.c
configure:7846: $? = 0
configure:7860: gcc -E   -I/home/gavahi/ics-2020/cryptMPI_2022/MPICH/cryptMPI-mpich-3.3/src/mpl/include -I/home/gavahi/ics-2020/cryptMPI_2022/MPICH/cryptMPI-mpich-3.3/src/mpl/include -I/home/gavahi/ics-2020/cryptMPI_2022/MPICH/cryptMPI-mpich-3.3/src/openpa/src -I/home/gavahi/ics-2020/cryptMPI_2022/MPICH/cryptMPI-mpich-3.3/src/openpa/src conftest.c
conftest.c:11:28: fatal error: ac_nonexistent.h: No such file or directory
 #include <ac_nonexistent.h>
                            ^
compilation terminated.
configure:7860: $? = 1
configure: failed program was:
| /* confdefs.h */
| #define PACKAGE_NAME "OpenPA"
| #define PACKAGE_TARNAME "openpa"
| #define PACKAGE_VERSION "1.0.3"
| #define PACKAGE_STRING "OpenPA 1.0.3"
| #define PACKAGE_BUGREPORT "https://trac.mcs.anl.gov/projects/openpa/newticket"
| #define PACKAGE_URL ""
| #define PACKAGE "openpa"
| #define VERSION "1.0.3"
| /* end confdefs.h.  */
| #include <ac_nonexistent.h>
configure:7889: checking for ANSI C header files
configure:7909: gcc -c      -I/home/gavahi/ics-2020/cryptMPI_2022/MPICH/cryptMPI-mpich-3.3/src/mpl/include -I/home/gavahi/ics-2020/cryptMPI_2022/MPICH/cryptMPI-mpich-3.3/src/mpl/include -I/home/gavahi/ics-2020/cryptMPI_2022/MPICH/cryptMPI-mpich-3.3/src/openpa/src -I/home/gavahi/ics-2020/cryptMPI_2022/MPICH/cryptMPI-mpich-3.3/src/openpa/src conftest.c >&5
configure:7909: $? = 0
configure:7982: gcc -o conftest      -I/home/gavahi/ics-2020/cryptMPI_2022/MPICH/cryptMPI-mpich-3.3/src/mpl/include -I/home/gavahi/ics-2020/cryptMPI_2022/MPICH/cryptMPI-mpich-3.3/src/mpl/include -I/home/gavahi/ics-2020/cryptMPI_2022/MPICH/cryptMPI-mpich-3.3/src/openpa/src -I/home/gavahi/ics-2020/cryptMPI_2022/MPICH/cryptMPI-mpich-3.3/src/openpa/src  conftest.c  >&5
configure:7982: $? = 0
configure:7982: ./conftest
configure:7982: $? = 0
configure:7993: result: yes
configure:8006: checking for sys/types.h
configure:8006: gcc -c      -I/home/gavahi/ics-2020/cryptMPI_2022/MPICH/cryptMPI-mpich-3.3/src/mpl/include -I/home/gavahi/ics-2020/cryptMPI_2022/MPICH/cryptMPI-mpich-3.3/src/mpl/include -I/home/gavahi/ics-2020/cryptMPI_2022/MPICH/cryptMPI-mpich-3.3/src/openpa/src -I/home/gavahi/ics-2020/cryptMPI_2022/MPICH/cryptMPI-mpich-3.3/src/openpa/src conftest.c >&5
configure:8006: $? = 0
configure:8006: result: yes
configure:8006: checking for sys/stat.h
configure:8006: gcc -c      -I/home/gavahi/ics-2020/cryptMPI_2022/MPICH/cryptMPI-mpich-3.3/src/mpl/include -I/home/gavahi/ics-2020/cryptMPI_2022/MPICH/cryptMPI-mpich-3.3/src/mpl/include -I/home/gavahi/ics-2020/cryptMPI_2022/MPICH/cryptMPI-mpich-3.3/src/openpa/src -I/home/gavahi/ics-2020/cryptMPI_2022/MPICH/cryptMPI-mpich-3.3/src/openpa/src conftest.c >&5
configure:8006: $? = 0
configure:8006: result: yes
configure:8006: checking for stdlib.h
configure:8006: gcc -c      -I/home/gavahi/ics-2020/cryptMPI_2022/MPICH/cryptMPI-mpich-3.3/src/mpl/include -I/home/gavahi/ics-2020/cryptMPI_2022/MPICH/cryptMPI-mpich-3.3/src/mpl/include -I/home/gavahi/ics-2020/cryptMPI_2022/MPICH/cryptMPI-mpich-3.3/src/openpa/src -I/home/gavahi/ics-2020/cryptMPI_2022/MPICH/cryptMPI-mpich-3.3/src/openpa/src conftest.c >&5
configure:8006: $? = 0
configure:8006: result: yes
configure:8006: checking for string.h
configure:8006: gcc -c      -I/home/gavahi/ics-2020/cryptMPI_2022/MPICH/cryptMPI-mpich-3.3/src/mpl/include -I/home/gavahi/ics-2020/cryptMPI_2022/MPICH/cryptMPI-mpich-3.3/src/mpl/include -I/home/gavahi/ics-2020/cryptMPI_2022/MPICH/cryptMPI-mpich-3.3/src/openpa/src -I/home/gavahi/ics-2020/cryptMPI_2022/MPICH/cryptMPI-mpich-3.3/src/openpa/src conftest.c >&5
configure:8006: $? = 0
configure:8006: result: yes
configure:8006: checking for memory.h
configure:8006: gcc -c      -I/home/gavahi/ics-2020/cryptMPI_2022/MPICH/cryptMPI-mpich-3.3/src/mpl/include -I/home/gavahi/ics-2020/cryptMPI_2022/MPICH/cryptMPI-mpich-3.3/src/mpl/include -I/home/gavahi/ics-2020/cryptMPI_2022/MPICH/cryptMPI-mpich-3.3/src/openpa/src -I/home/gavahi/ics-2020/cryptMPI_2022/MPICH/cryptMPI-mpich-3.3/src/openpa/src conftest.c >&5
configure:8006: $? = 0
configure:8006: result: yes
configure:8006: checking for strings.h
configure:8006: gcc -c      -I/home/gavahi/ics-2020/cryptMPI_2022/MPICH/cryptMPI-mpich-3.3/src/mpl/include -I/home/gavahi/ics-2020/cryptMPI_2022/MPICH/cryptMPI-mpich-3.3/src/mpl/include -I/home/gavahi/ics-2020/cryptMPI_2022/MPICH/cryptMPI-mpich-3.3/src/openpa/src -I/home/gavahi/ics-2020/cryptMPI_2022/MPICH/cryptMPI-mpich-3.3/src/openpa/src conftest.c >&5
configure:8006: $? = 0
configure:8006: result: yes
configure:8006: checking for inttypes.h
configure:8006: gcc -c      -I/home/gavahi/ics-2020/cryptMPI_2022/MPICH/cryptMPI-mpich-3.3/src/mpl/include -I/home/gavahi/ics-2020/cryptMPI_2022/MPICH/cryptMPI-mpich-3.3/src/mpl/include -I/home/gavahi/ics-2020/cryptMPI_2022/MPICH/cryptMPI-mpich-3.3/src/openpa/src -I/home/gavahi/ics-2020/cryptMPI_2022/MPICH/cryptMPI-mpich-3.3/src/openpa/src conftest.c >&5
configure:8006: $? = 0
configure:8006: result: yes
configure:8006: checking for stdint.h
configure:8006: gcc -c      -I/home/gavahi/ics-2020/cryptMPI_2022/MPICH/cryptMPI-mpich-3.3/src/mpl/include -I/home/gavahi/ics-2020/cryptMPI_2022/MPICH/cryptMPI-mpich-3.3/src/mpl/include -I/home/gavahi/ics-2020/cryptMPI_2022/MPICH/cryptMPI-mpich-3.3/src/openpa/src -I/home/gavahi/ics-2020/cryptMPI_2022/MPICH/cryptMPI-mpich-3.3/src/openpa/src conftest.c >&5
configure:8006: $? = 0
configure:8006: result: yes
configure:8006: checking for unistd.h
configure:8006: gcc -c      -I/home/gavahi/ics-2020/cryptMPI_2022/MPICH/cryptMPI-mpich-3.3/src/mpl/include -I/home/gavahi/ics-2020/cryptMPI_2022/MPICH/cryptMPI-mpich-3.3/src/mpl/include -I/home/gavahi/ics-2020/cryptMPI_2022/MPICH/cryptMPI-mpich-3.3/src/openpa/src -I/home/gavahi/ics-2020/cryptMPI_2022/MPICH/cryptMPI-mpich-3.3/src/openpa/src conftest.c >&5
configure:8006: $? = 0
configure:8006: result: yes
configure:8020: checking for dlfcn.h
configure:8020: gcc -c      -I/home/gavahi/ics-2020/cryptMPI_2022/MPICH/cryptMPI-mpich-3.3/src/mpl/include -I/home/gavahi/ics-2020/cryptMPI_2022/MPICH/cryptMPI-mpich-3.3/src/mpl/include -I/home/gavahi/ics-2020/cryptMPI_2022/MPICH/cryptMPI-mpich-3.3/src/openpa/src -I/home/gavahi/ics-2020/cryptMPI_2022/MPICH/cryptMPI-mpich-3.3/src/openpa/src conftest.c >&5
configure:8020: $? = 0
configure:8020: result: yes
configure:8276: checking for objdir
configure:8291: result: .libs
configure:8555: checking if gcc supports -fno-rtti -fno-exceptions
configure:8573: gcc -c      -I/home/gavahi/ics-2020/cryptMPI_2022/MPICH/cryptMPI-mpich-3.3/src/mpl/include -I/home/gavahi/ics-2020/cryptMPI_2022/MPICH/cryptMPI-mpich-3.3/src/mpl/include -I/home/gavahi/ics-2020/cryptMPI_2022/MPICH/cryptMPI-mpich-3.3/src/openpa/src -I/home/gavahi/ics-2020/cryptMPI_2022/MPICH/cryptMPI-mpich-3.3/src/openpa/src -fno-rtti -fno-exceptions conftest.c >&5
cc1: warning: command line option '-fno-rtti' is valid for C++/ObjC++ but not for C [enabled by default]
configure:8577: $? = 0
configure:8590: result: no
configure:8948: checking for gcc option to produce PIC
configure:8955: result: -fPIC -DPIC
configure:8963: checking if gcc PIC flag -fPIC -DPIC works
configure:8981: gcc -c      -I/home/gavahi/ics-2020/cryptMPI_2022/MPICH/cryptMPI-mpich-3.3/src/mpl/include -I/home/gavahi/ics-2020/cryptMPI_2022/MPICH/cryptMPI-mpich-3.3/src/mpl/include -I/home/gavahi/ics-2020/cryptMPI_2022/MPICH/cryptMPI-mpich-3.3/src/openpa/src -I/home/gavahi/ics-2020/cryptMPI_2022/MPICH/cryptMPI-mpich-3.3/src/openpa/src -fPIC -DPIC -DPIC conftest.c >&5
configure:8985: $? = 0
configure:8998: result: yes
configure:9027: checking if gcc static flag -static works
configure:9055: result: no
configure:9070: checking if gcc supports -c -o file.o
configure:9091: gcc -c      -I/home/gavahi/ics-2020/cryptMPI_2022/MPICH/cryptMPI-mpich-3.3/src/mpl/include -I/home/gavahi/ics-2020/cryptMPI_2022/MPICH/cryptMPI-mpich-3.3/src/mpl/include -I/home/gavahi/ics-2020/cryptMPI_2022/MPICH/cryptMPI-mpich-3.3/src/openpa/src -I/home/gavahi/ics-2020/cryptMPI_2022/MPICH/cryptMPI-mpich-3.3/src/openpa/src -o out/conftest2.o conftest.c >&5
configure:9095: $? = 0
configure:9117: result: yes
configure:9125: checking if gcc supports -c -o file.o
configure:9172: result: yes
configure:9205: checking whether the gcc linker (/usr/bin/ld -m elf_x86_64) supports shared libraries
configure:10464: result: yes
configure:10501: checking whether -lc should be explicitly linked in
configure:10509: gcc -c      -I/home/gavahi/ics-2020/cryptMPI_2022/MPICH/cryptMPI-mpich-3.3/src/mpl/include -I/home/gavahi/ics-2020/cryptMPI_2022/MPICH/cryptMPI-mpich-3.3/src/mpl/include -I/home/gavahi/ics-2020/cryptMPI_2022/MPICH/cryptMPI-mpich-3.3/src/openpa/src -I/home/gavahi/ics-2020/cryptMPI_2022/MPICH/cryptMPI-mpich-3.3/src/openpa/src conftest.c >&5
configure:10512: $? = 0
configure:10527: gcc -shared  -fPIC -DPIC conftest.o  -v -Wl,-soname -Wl,conftest -o conftest 2\>\&1 \| /usr/bin/grep  -lc  \>/dev/null 2\>\&1
configure:10530: $? = 0
configure:10544: result: no
configure:10704: checking dynamic linker characteristics
configure:11285: gcc -o conftest      -I/home/gavahi/ics-2020/cryptMPI_2022/MPICH/cryptMPI-mpich-3.3/src/mpl/include -I/home/gavahi/ics-2020/cryptMPI_2022/MPICH/cryptMPI-mpich-3.3/src/mpl/include -I/home/gavahi/ics-2020/cryptMPI_2022/MPICH/cryptMPI-mpich-3.3/src/openpa/src -I/home/gavahi/ics-2020/cryptMPI_2022/MPICH/cryptMPI-mpich-3.3/src/openpa/src  -Wl,-rpath -Wl,/foo conftest.c  >&5
configure:11285: $? = 0
configure:11522: result: GNU/Linux ld.so
configure:11644: checking how to hardcode library paths into programs
configure:11669: result: immediate
configure:12217: checking whether stripping libraries is possible
configure:12222: result: yes
configure:12257: checking if libtool supports shared libraries
configure:12259: result: yes
configure:12262: checking whether to build shared libraries
configure:12287: result: yes
configure:12290: checking whether to build static libraries
configure:12294: result: yes
configure:12373: checking whether make supports nested variables
configure:12390: result: yes
configure:12459: checking for gcc
configure:12486: result: gcc
configure:12715: checking for C compiler version
configure:12724: gcc --version >&5
gcc (GCC) 4.8.5 20150623 (Red Hat 4.8.5-36)
Copyright (C) 2015 Free Software Foundation, Inc.
This is free software; see the source for copying conditions.  There is NO
warranty; not even for MERCHANTABILITY or FITNESS FOR A PARTICULAR PURPOSE.

configure:12735: $? = 0
configure:12724: gcc -v >&5
Using built-in specs.
COLLECT_GCC=gcc
COLLECT_LTO_WRAPPER=/usr/libexec/gcc/x86_64-redhat-linux/4.8.5/lto-wrapper
Target: x86_64-redhat-linux
Configured with: ../configure --prefix=/usr --mandir=/usr/share/man --infodir=/usr/share/info --with-bugurl=http://bugzilla.redhat.com/bugzilla --enable-bootstrap --enable-shared --enable-threads=posix --enable-checking=release --with-system-zlib --enable-__cxa_atexit --disable-libunwind-exceptions --enable-gnu-unique-object --enable-linker-build-id --with-linker-hash-style=gnu --enable-languages=c,c++,objc,obj-c++,java,fortran,ada,go,lto --enable-plugin --enable-initfini-array --disable-libgcj --with-isl=/builddir/build/BUILD/gcc-4.8.5-20150702/obj-x86_64-redhat-linux/isl-install --with-cloog=/builddir/build/BUILD/gcc-4.8.5-20150702/obj-x86_64-redhat-linux/cloog-install --enable-gnu-indirect-function --with-tune=generic --with-arch_32=x86-64 --build=x86_64-redhat-linux
Thread model: posix
gcc version 4.8.5 20150623 (Red Hat 4.8.5-36) (GCC) 
configure:12735: $? = 0
configure:12724: gcc -V >&5
gcc: error: unrecognized command line option '-V'
gcc: fatal error: no input files
compilation terminated.
configure:12735: $? = 4
configure:12724: gcc -qversion >&5
gcc: error: unrecognized command line option '-qversion'
gcc: fatal error: no input files
compilation terminated.
configure:12735: $? = 4
configure:12739: checking whether we are using the GNU C compiler
configure:12767: result: yes
configure:12776: checking whether gcc accepts -g
configure:12837: result: yes
configure:12854: checking for gcc option to accept ISO C89
configure:12930: result: none needed
configure:12955: checking whether gcc understands -c and -o together
configure:12992: result: yes
configure:13011: checking dependency style of gcc
configure:13122: result: gcc3
configure:13140: checking whether to enable assertions
configure:13158: result: yes
configure:13165: checking pthread.h usability
configure:13165: gcc -c      -I/home/gavahi/ics-2020/cryptMPI_2022/MPICH/cryptMPI-mpich-3.3/src/mpl/include -I/home/gavahi/ics-2020/cryptMPI_2022/MPICH/cryptMPI-mpich-3.3/src/mpl/include -I/home/gavahi/ics-2020/cryptMPI_2022/MPICH/cryptMPI-mpich-3.3/src/openpa/src -I/home/gavahi/ics-2020/cryptMPI_2022/MPICH/cryptMPI-mpich-3.3/src/openpa/src conftest.c >&5
configure:13165: $? = 0
configure:13165: result: yes
configure:13165: checking pthread.h presence
configure:13165: gcc -E   -I/home/gavahi/ics-2020/cryptMPI_2022/MPICH/cryptMPI-mpich-3.3/src/mpl/include -I/home/gavahi/ics-2020/cryptMPI_2022/MPICH/cryptMPI-mpich-3.3/src/mpl/include -I/home/gavahi/ics-2020/cryptMPI_2022/MPICH/cryptMPI-mpich-3.3/src/openpa/src -I/home/gavahi/ics-2020/cryptMPI_2022/MPICH/cryptMPI-mpich-3.3/src/openpa/src conftest.c
configure:13165: $? = 0
configure:13165: result: yes
configure:13165: checking for pthread.h
configure:13165: result: yes
configure:13165: checking atomic.h usability
configure:13165: gcc -c      -I/home/gavahi/ics-2020/cryptMPI_2022/MPICH/cryptMPI-mpich-3.3/src/mpl/include -I/home/gavahi/ics-2020/cryptMPI_2022/MPICH/cryptMPI-mpich-3.3/src/mpl/include -I/home/gavahi/ics-2020/cryptMPI_2022/MPICH/cryptMPI-mpich-3.3/src/openpa/src -I/home/gavahi/ics-2020/cryptMPI_2022/MPICH/cryptMPI-mpich-3.3/src/openpa/src conftest.c >&5
conftest.c:57:20: fatal error: atomic.h: No such file or directory
 #include <atomic.h>
                    ^
compilation terminated.
configure:13165: $? = 1
configure: failed program was:
| /* confdefs.h */
| #define PACKAGE_NAME "OpenPA"
| #define PACKAGE_TARNAME "openpa"
| #define PACKAGE_VERSION "1.0.3"
| #define PACKAGE_STRING "OpenPA 1.0.3"
| #define PACKAGE_BUGREPORT "https://trac.mcs.anl.gov/projects/openpa/newticket"
| #define PACKAGE_URL ""
| #define PACKAGE "openpa"
| #define VERSION "1.0.3"
| #define STDC_HEADERS 1
| #define HAVE_SYS_TYPES_H 1
| #define HAVE_SYS_STAT_H 1
| #define HAVE_STDLIB_H 1
| #define HAVE_STRING_H 1
| #define HAVE_MEMORY_H 1
| #define HAVE_STRINGS_H 1
| #define HAVE_INTTYPES_H 1
| #define HAVE_STDINT_H 1
| #define HAVE_UNISTD_H 1
| #define HAVE_DLFCN_H 1
| #define LT_OBJDIR ".libs/"
| #define HAVE_PTHREAD_H 1
| /* end confdefs.h.  */
| #include <stdio.h>
| #ifdef HAVE_SYS_TYPES_H
| # include <sys/types.h>
| #endif
| #ifdef HAVE_SYS_STAT_H
| # include <sys/stat.h>
| #endif
| #ifdef STDC_HEADERS
| # include <stdlib.h>
| # include <stddef.h>
| #else
| # ifdef HAVE_STDLIB_H
| #  include <stdlib.h>
| # endif
| #endif
| #ifdef HAVE_STRING_H
| # if !defined STDC_HEADERS && defined HAVE_MEMORY_H
| #  include <memory.h>
| # endif
| # include <string.h>
| #endif
| #ifdef HAVE_STRINGS_H
| # include <strings.h>
| #endif
| #ifdef HAVE_INTTYPES_H
| # include <inttypes.h>
| #endif
| #ifdef HAVE_STDINT_H
| # include <stdint.h>
| #endif
| #ifdef HAVE_UNISTD_H
| # include <unistd.h>
| #endif
| #include <atomic.h>
configure:13165: result: no
configure:13165: checking atomic.h presence
configure:13165: gcc -E   -I/home/gavahi/ics-2020/cryptMPI_2022/MPICH/cryptMPI-mpich-3.3/src/mpl/include -I/home/gavahi/ics-2020/cryptMPI_2022/MPICH/cryptMPI-mpich-3.3/src/mpl/include -I/home/gavahi/ics-2020/cryptMPI_2022/MPICH/cryptMPI-mpich-3.3/src/openpa/src -I/home/gavahi/ics-2020/cryptMPI_2022/MPICH/cryptMPI-mpich-3.3/src/openpa/src conftest.c
conftest.c:24:20: fatal error: atomic.h: No such file or directory
 #include <atomic.h>
                    ^
compilation terminated.
configure:13165: $? = 1
configure: failed program was:
| /* confdefs.h */
| #define PACKAGE_NAME "OpenPA"
| #define PACKAGE_TARNAME "openpa"
| #define PACKAGE_VERSION "1.0.3"
| #define PACKAGE_STRING "OpenPA 1.0.3"
| #define PACKAGE_BUGREPORT "https://trac.mcs.anl.gov/projects/openpa/newticket"
| #define PACKAGE_URL ""
| #define PACKAGE "openpa"
| #define VERSION "1.0.3"
| #define STDC_HEADERS 1
| #define HAVE_SYS_TYPES_H 1
| #define HAVE_SYS_STAT_H 1
| #define HAVE_STDLIB_H 1
| #define HAVE_STRING_H 1
| #define HAVE_MEMORY_H 1
| #define HAVE_STRINGS_H 1
| #define HAVE_INTTYPES_H 1
| #define HAVE_STDINT_H 1
| #define HAVE_UNISTD_H 1
| #define HAVE_DLFCN_H 1
| #define LT_OBJDIR ".libs/"
| #define HAVE_PTHREAD_H 1
| /* end confdefs.h.  */
| #include <atomic.h>
configure:13165: result: no
configure:13165: checking for atomic.h
configure:13165: result: no
configure:13165: checking intrin.h usability
configure:13165: gcc -c      -I/home/gavahi/ics-2020/cryptMPI_2022/MPICH/cryptMPI-mpich-3.3/src/mpl/include -I/home/gavahi/ics-2020/cryptMPI_2022/MPICH/cryptMPI-mpich-3.3/src/mpl/include -I/home/gavahi/ics-2020/cryptMPI_2022/MPICH/cryptMPI-mpich-3.3/src/openpa/src -I/home/gavahi/ics-2020/cryptMPI_2022/MPICH/cryptMPI-mpich-3.3/src/openpa/src conftest.c >&5
conftest.c:57:20: fatal error: intrin.h: No such file or directory
 #include <intrin.h>
                    ^
compilation terminated.
configure:13165: $? = 1
configure: failed program was:
| /* confdefs.h */
| #define PACKAGE_NAME "OpenPA"
| #define PACKAGE_TARNAME "openpa"
| #define PACKAGE_VERSION "1.0.3"
| #define PACKAGE_STRING "OpenPA 1.0.3"
| #define PACKAGE_BUGREPORT "https://trac.mcs.anl.gov/projects/openpa/newticket"
| #define PACKAGE_URL ""
| #define PACKAGE "openpa"
| #define VERSION "1.0.3"
| #define STDC_HEADERS 1
| #define HAVE_SYS_TYPES_H 1
| #define HAVE_SYS_STAT_H 1
| #define HAVE_STDLIB_H 1
| #define HAVE_STRING_H 1
| #define HAVE_MEMORY_H 1
| #define HAVE_STRINGS_H 1
| #define HAVE_INTTYPES_H 1
| #define HAVE_STDINT_H 1
| #define HAVE_UNISTD_H 1
| #define HAVE_DLFCN_H 1
| #define LT_OBJDIR ".libs/"
| #define HAVE_PTHREAD_H 1
| /* end confdefs.h.  */
| #include <stdio.h>
| #ifdef HAVE_SYS_TYPES_H
| # include <sys/types.h>
| #endif
| #ifdef HAVE_SYS_STAT_H
| # include <sys/stat.h>
| #endif
| #ifdef STDC_HEADERS
| # include <stdlib.h>
| # include <stddef.h>
| #else
| # ifdef HAVE_STDLIB_H
| #  include <stdlib.h>
| # endif
| #endif
| #ifdef HAVE_STRING_H
| # if !defined STDC_HEADERS && defined HAVE_MEMORY_H
| #  include <memory.h>
| # endif
| # include <string.h>
| #endif
| #ifdef HAVE_STRINGS_H
| # include <strings.h>
| #endif
| #ifdef HAVE_INTTYPES_H
| # include <inttypes.h>
| #endif
| #ifdef HAVE_STDINT_H
| # include <stdint.h>
| #endif
| #ifdef HAVE_UNISTD_H
| # include <unistd.h>
| #endif
| #include <intrin.h>
configure:13165: result: no
configure:13165: checking intrin.h presence
configure:13165: gcc -E   -I/home/gavahi/ics-2020/cryptMPI_2022/MPICH/cryptMPI-mpich-3.3/src/mpl/include -I/home/gavahi/ics-2020/cryptMPI_2022/MPICH/cryptMPI-mpich-3.3/src/mpl/include -I/home/gavahi/ics-2020/cryptMPI_2022/MPICH/cryptMPI-mpich-3.3/src/openpa/src -I/home/gavahi/ics-2020/cryptMPI_2022/MPICH/cryptMPI-mpich-3.3/src/openpa/src conftest.c
conftest.c:24:20: fatal error: intrin.h: No such file or directory
 #include <intrin.h>
                    ^
compilation terminated.
configure:13165: $? = 1
configure: failed program was:
| /* confdefs.h */
| #define PACKAGE_NAME "OpenPA"
| #define PACKAGE_TARNAME "openpa"
| #define PACKAGE_VERSION "1.0.3"
| #define PACKAGE_STRING "OpenPA 1.0.3"
| #define PACKAGE_BUGREPORT "https://trac.mcs.anl.gov/projects/openpa/newticket"
| #define PACKAGE_URL ""
| #define PACKAGE "openpa"
| #define VERSION "1.0.3"
| #define STDC_HEADERS 1
| #define HAVE_SYS_TYPES_H 1
| #define HAVE_SYS_STAT_H 1
| #define HAVE_STDLIB_H 1
| #define HAVE_STRING_H 1
| #define HAVE_MEMORY_H 1
| #define HAVE_STRINGS_H 1
| #define HAVE_INTTYPES_H 1
| #define HAVE_STDINT_H 1
| #define HAVE_UNISTD_H 1
| #define HAVE_DLFCN_H 1
| #define LT_OBJDIR ".libs/"
| #define HAVE_PTHREAD_H 1
| /* end confdefs.h.  */
| #include <intrin.h>
configure:13165: result: no
configure:13165: checking for intrin.h
configure:13165: result: no
configure:13165: checking for inttypes.h
configure:13165: result: yes
configure:13165: checking for stdint.h
configure:13165: result: yes
configure:13165: checking stddef.h usability
configure:13165: gcc -c      -I/home/gavahi/ics-2020/cryptMPI_2022/MPICH/cryptMPI-mpich-3.3/src/mpl/include -I/home/gavahi/ics-2020/cryptMPI_2022/MPICH/cryptMPI-mpich-3.3/src/mpl/include -I/home/gavahi/ics-2020/cryptMPI_2022/MPICH/cryptMPI-mpich-3.3/src/openpa/src -I/home/gavahi/ics-2020/cryptMPI_2022/MPICH/cryptMPI-mpich-3.3/src/openpa/src conftest.c >&5
configure:13165: $? = 0
configure:13165: result: yes
configure:13165: checking stddef.h presence
configure:13165: gcc -E   -I/home/gavahi/ics-2020/cryptMPI_2022/MPICH/cryptMPI-mpich-3.3/src/mpl/include -I/home/gavahi/ics-2020/cryptMPI_2022/MPICH/cryptMPI-mpich-3.3/src/mpl/include -I/home/gavahi/ics-2020/cryptMPI_2022/MPICH/cryptMPI-mpich-3.3/src/openpa/src -I/home/gavahi/ics-2020/cryptMPI_2022/MPICH/cryptMPI-mpich-3.3/src/openpa/src conftest.c
configure:13165: $? = 0
configure:13165: result: yes
configure:13165: checking for stddef.h
configure:13165: result: yes
configure:13176: checking for C/C++ restrict keyword
configure:13201: gcc -c      -I/home/gavahi/ics-2020/cryptMPI_2022/MPICH/cryptMPI-mpich-3.3/src/mpl/include -I/home/gavahi/ics-2020/cryptMPI_2022/MPICH/cryptMPI-mpich-3.3/src/mpl/include -I/home/gavahi/ics-2020/cryptMPI_2022/MPICH/cryptMPI-mpich-3.3/src/openpa/src -I/home/gavahi/ics-2020/cryptMPI_2022/MPICH/cryptMPI-mpich-3.3/src/openpa/src conftest.c >&5
configure:13201: $? = 0
configure:13209: result: __restrict
configure:13222: checking for inline
configure:13238: gcc -c      -I/home/gavahi/ics-2020/cryptMPI_2022/MPICH/cryptMPI-mpich-3.3/src/mpl/include -I/home/gavahi/ics-2020/cryptMPI_2022/MPICH/cryptMPI-mpich-3.3/src/mpl/include -I/home/gavahi/ics-2020/cryptMPI_2022/MPICH/cryptMPI-mpich-3.3/src/openpa/src -I/home/gavahi/ics-2020/cryptMPI_2022/MPICH/cryptMPI-mpich-3.3/src/openpa/src conftest.c >&5
configure:13238: $? = 0
configure:13246: result: inline
configure:13267: checking for an ANSI C-conforming const
configure:13333: gcc -c      -I/home/gavahi/ics-2020/cryptMPI_2022/MPICH/cryptMPI-mpich-3.3/src/mpl/include -I/home/gavahi/ics-2020/cryptMPI_2022/MPICH/cryptMPI-mpich-3.3/src/mpl/include -I/home/gavahi/ics-2020/cryptMPI_2022/MPICH/cryptMPI-mpich-3.3/src/openpa/src -I/home/gavahi/ics-2020/cryptMPI_2022/MPICH/cryptMPI-mpich-3.3/src/openpa/src conftest.c >&5
configure:13333: $? = 0
configure:13340: result: yes
configure:13349: checking for pthread_create in -lpthread
configure:13374: gcc -o conftest      -I/home/gavahi/ics-2020/cryptMPI_2022/MPICH/cryptMPI-mpich-3.3/src/mpl/include -I/home/gavahi/ics-2020/cryptMPI_2022/MPICH/cryptMPI-mpich-3.3/src/mpl/include -I/home/gavahi/ics-2020/cryptMPI_2022/MPICH/cryptMPI-mpich-3.3/src/openpa/src -I/home/gavahi/ics-2020/cryptMPI_2022/MPICH/cryptMPI-mpich-3.3/src/openpa/src  conftest.c -lpthread   >&5
configure:13374: $? = 0
configure:13383: result: yes
configure:13397: checking for pthread_yield
configure:13397: gcc -o conftest      -I/home/gavahi/ics-2020/cryptMPI_2022/MPICH/cryptMPI-mpich-3.3/src/mpl/include -I/home/gavahi/ics-2020/cryptMPI_2022/MPICH/cryptMPI-mpich-3.3/src/mpl/include -I/home/gavahi/ics-2020/cryptMPI_2022/MPICH/cryptMPI-mpich-3.3/src/openpa/src -I/home/gavahi/ics-2020/cryptMPI_2022/MPICH/cryptMPI-mpich-3.3/src/openpa/src  conftest.c -lpthread  >&5
configure:13397: $? = 0
configure:13397: result: yes
configure:13427: checking if 100 threads can be run at once
configure:13465: gcc -o conftest      -I/home/gavahi/ics-2020/cryptMPI_2022/MPICH/cryptMPI-mpich-3.3/src/mpl/include -I/home/gavahi/ics-2020/cryptMPI_2022/MPICH/cryptMPI-mpich-3.3/src/mpl/include -I/home/gavahi/ics-2020/cryptMPI_2022/MPICH/cryptMPI-mpich-3.3/src/openpa/src -I/home/gavahi/ics-2020/cryptMPI_2022/MPICH/cryptMPI-mpich-3.3/src/openpa/src  conftest.c -lpthread  >&5
configure:13465: $? = 0
configure:13465: ./conftest
configure:13465: $? = 0
configure:13466: result: yes
configure:13540: checking size of void *
configure:13545: gcc -o conftest      -I/home/gavahi/ics-2020/cryptMPI_2022/MPICH/cryptMPI-mpich-3.3/src/mpl/include -I/home/gavahi/ics-2020/cryptMPI_2022/MPICH/cryptMPI-mpich-3.3/src/mpl/include -I/home/gavahi/ics-2020/cryptMPI_2022/MPICH/cryptMPI-mpich-3.3/src/openpa/src -I/home/gavahi/ics-2020/cryptMPI_2022/MPICH/cryptMPI-mpich-3.3/src/openpa/src  conftest.c -lpthread  >&5
configure:13545: $? = 0
configure:13545: ./conftest
configure:13545: $? = 0
configure:13559: result: 8
configure:13573: checking size of int
configure:13578: gcc -o conftest      -I/home/gavahi/ics-2020/cryptMPI_2022/MPICH/cryptMPI-mpich-3.3/src/mpl/include -I/home/gavahi/ics-2020/cryptMPI_2022/MPICH/cryptMPI-mpich-3.3/src/mpl/include -I/home/gavahi/ics-2020/cryptMPI_2022/MPICH/cryptMPI-mpich-3.3/src/openpa/src -I/home/gavahi/ics-2020/cryptMPI_2022/MPICH/cryptMPI-mpich-3.3/src/openpa/src  conftest.c -lpthread  >&5
configure:13578: $? = 0
configure:13578: ./conftest
configure:13578: $? = 0
configure:13592: result: 4
configure:13604: checking whether __attribute__ allowed
configure:13621: gcc -c      -I/home/gavahi/ics-2020/cryptMPI_2022/MPICH/cryptMPI-mpich-3.3/src/mpl/include -I/home/gavahi/ics-2020/cryptMPI_2022/MPICH/cryptMPI-mpich-3.3/src/mpl/include -I/home/gavahi/ics-2020/cryptMPI_2022/MPICH/cryptMPI-mpich-3.3/src/openpa/src -I/home/gavahi/ics-2020/cryptMPI_2022/MPICH/cryptMPI-mpich-3.3/src/openpa/src conftest.c >&5
configure:13621: $? = 0
configure:13628: result: yes
configure:13630: checking whether __attribute__((format)) allowed
configure:13647: gcc -c      -I/home/gavahi/ics-2020/cryptMPI_2022/MPICH/cryptMPI-mpich-3.3/src/mpl/include -I/home/gavahi/ics-2020/cryptMPI_2022/MPICH/cryptMPI-mpich-3.3/src/mpl/include -I/home/gavahi/ics-2020/cryptMPI_2022/MPICH/cryptMPI-mpich-3.3/src/openpa/src -I/home/gavahi/ics-2020/cryptMPI_2022/MPICH/cryptMPI-mpich-3.3/src/openpa/src conftest.c >&5
configure:13647: $? = 0
configure:13654: result: yes
configure:13663: checking if compiler rejects bogus asm statements
configure:13678: gcc -o conftest      -I/home/gavahi/ics-2020/cryptMPI_2022/MPICH/cryptMPI-mpich-3.3/src/mpl/include -I/home/gavahi/ics-2020/cryptMPI_2022/MPICH/cryptMPI-mpich-3.3/src/mpl/include -I/home/gavahi/ics-2020/cryptMPI_2022/MPICH/cryptMPI-mpich-3.3/src/openpa/src -I/home/gavahi/ics-2020/cryptMPI_2022/MPICH/cryptMPI-mpich-3.3/src/openpa/src  conftest.c -lpthread  >&5
conftest.c: Assembler messages:
conftest.c:39: Error: no such instruction: `illegal_asm_stmt'
configure:13678: $? = 1
configure: failed program was:
| /* confdefs.h */
| #define PACKAGE_NAME "OpenPA"
| #define PACKAGE_TARNAME "openpa"
| #define PACKAGE_VERSION "1.0.3"
| #define PACKAGE_STRING "OpenPA 1.0.3"
| #define PACKAGE_BUGREPORT "https://trac.mcs.anl.gov/projects/openpa/newticket"
| #define PACKAGE_URL ""
| #define PACKAGE "openpa"
| #define VERSION "1.0.3"
| #define STDC_HEADERS 1
| #define HAVE_SYS_TYPES_H 1
| #define HAVE_SYS_STAT_H 1
| #define HAVE_STDLIB_H 1
| #define HAVE_STRING_H 1
| #define HAVE_MEMORY_H 1
| #define HAVE_STRINGS_H 1
| #define HAVE_INTTYPES_H 1
| #define HAVE_STDINT_H 1
| #define HAVE_UNISTD_H 1
| #define HAVE_DLFCN_H 1
| #define LT_OBJDIR ".libs/"
| #define HAVE_PTHREAD_H 1
| #define HAVE_INTTYPES_H 1
| #define HAVE_STDINT_H 1
| #define HAVE_STDDEF_H 1
| #define restrict __restrict
| #define HAVE_LIBPTHREAD 1
| #define HAVE_PTHREAD_YIELD 1
| #define MAX_NTHREADS 100
| #define SIZEOF_VOID_P 8
| #define SIZEOF_INT 4
| #define HAVE_GCC_ATTRIBUTE 1
| /* end confdefs.h.  */
| 
| int
| main ()
| {
| 
|     __asm__ __volatile__ ("ILLEGAL_ASM_STMT");
| 
|   ;
|   return 0;
| }
configure:13685: result: yes
configure:13753: checking for support for gcc x86/x86_64 primitives
configure:13880: gcc -o conftest    -I./src   -I/home/gavahi/ics-2020/cryptMPI_2022/MPICH/cryptMPI-mpich-3.3/src/mpl/include -I/home/gavahi/ics-2020/cryptMPI_2022/MPICH/cryptMPI-mpich-3.3/src/mpl/include -I/home/gavahi/ics-2020/cryptMPI_2022/MPICH/cryptMPI-mpich-3.3/src/openpa/src -I/home/gavahi/ics-2020/cryptMPI_2022/MPICH/cryptMPI-mpich-3.3/src/openpa/src  conftest.c -lpthread  >&5
configure:13880: $? = 0
configure:13880: ./conftest
configure:13880: $? = 0
configure:13886: result: yes
configure:13908: checking for support for gcc x86 primitives for pre-Pentium 4
configure:14035: gcc -o conftest    -I./src   -I/home/gavahi/ics-2020/cryptMPI_2022/MPICH/cryptMPI-mpich-3.3/src/mpl/include -I/home/gavahi/ics-2020/cryptMPI_2022/MPICH/cryptMPI-mpich-3.3/src/mpl/include -I/home/gavahi/ics-2020/cryptMPI_2022/MPICH/cryptMPI-mpich-3.3/src/openpa/src -I/home/gavahi/ics-2020/cryptMPI_2022/MPICH/cryptMPI-mpich-3.3/src/openpa/src  conftest.c -lpthread  >&5
configure:14035: $? = 0
configure:14035: ./conftest
configure:14035: $? = 0
configure:14041: result: yes
configure:14062: checking for support for gcc ia64 primitives
configure:14118: gcc -o conftest    -I./src   -I/home/gavahi/ics-2020/cryptMPI_2022/MPICH/cryptMPI-mpich-3.3/src/mpl/include -I/home/gavahi/ics-2020/cryptMPI_2022/MPICH/cryptMPI-mpich-3.3/src/mpl/include -I/home/gavahi/ics-2020/cryptMPI_2022/MPICH/cryptMPI-mpich-3.3/src/openpa/src -I/home/gavahi/ics-2020/cryptMPI_2022/MPICH/cryptMPI-mpich-3.3/src/openpa/src  conftest.c -lpthread  >&5
./src/primitives/opa_gcc_ia64.h: Assembler messages:
./src/primitives/opa_gcc_ia64.h:111: Error: no such instruction: `fetchadd4.rel %eax=[%rax],$-1'
./src/primitives/opa_gcc_ia64.h:126: Error: no such instruction: `zxt4 (%rsi)=(%rsi)'
./src/primitives/opa_gcc_ia64.h:126: Error: invalid character '=' in operand 1
./src/primitives/opa_gcc_ia64.h:126: Error: no such instruction: `cmpxchg4.rel %eax=[%rdx],%ecx,ar.ccv'
./src/primitives/opa_gcc_ia64.h:153: Error: no such instruction: `fetchadd4.rel %eax=[%rax],$-16'
./src/primitives/opa_gcc_ia64.h:154: Error: no such instruction: `fetchadd4.rel %eax=[%rax],$-8'
./src/primitives/opa_gcc_ia64.h:155: Error: no such instruction: `fetchadd4.rel %eax=[%rax],$-4'
./src/primitives/opa_gcc_ia64.h:156: Error: no such instruction: `fetchadd4.rel %eax=[%rax],$-1'
./src/primitives/opa_gcc_ia64.h:157: Error: no such instruction: `fetchadd4.rel %eax=[%rax],$1'
./src/primitives/opa_gcc_ia64.h:158: Error: no such instruction: `fetchadd4.rel %eax=[%rax],$4'
./src/primitives/opa_gcc_ia64.h:159: Error: no such instruction: `fetchadd4.rel %eax=[%rax],$8'
./src/primitives/opa_gcc_ia64.h:160: Error: no such instruction: `fetchadd4.rel %eax=[%rax],$16'
./src/primitives/opa_gcc_ia64.h:197: Error: no such instruction: `xchg8 %eax=[%rdx],%eax'
conftest.c:77: Error: no such instruction: `mf'
conftest.c:78: Error: no such instruction: `mf'
conftest.c:79: Error: no such instruction: `mf'
configure:14118: $? = 1
configure: failed program was:
| /* confdefs.h */
| #define PACKAGE_NAME "OpenPA"
| #define PACKAGE_TARNAME "openpa"
| #define PACKAGE_VERSION "1.0.3"
| #define PACKAGE_STRING "OpenPA 1.0.3"
| #define PACKAGE_BUGREPORT "https://trac.mcs.anl.gov/projects/openpa/newticket"
| #define PACKAGE_URL ""
| #define PACKAGE "openpa"
| #define VERSION "1.0.3"
| #define STDC_HEADERS 1
| #define HAVE_SYS_TYPES_H 1
| #define HAVE_SYS_STAT_H 1
| #define HAVE_STDLIB_H 1
| #define HAVE_STRING_H 1
| #define HAVE_MEMORY_H 1
| #define HAVE_STRINGS_H 1
| #define HAVE_INTTYPES_H 1
| #define HAVE_STDINT_H 1
| #define HAVE_UNISTD_H 1
| #define HAVE_DLFCN_H 1
| #define LT_OBJDIR ".libs/"
| #define HAVE_PTHREAD_H 1
| #define HAVE_INTTYPES_H 1
| #define HAVE_STDINT_H 1
| #define HAVE_STDDEF_H 1
| #define restrict __restrict
| #define HAVE_LIBPTHREAD 1
| #define HAVE_PTHREAD_YIELD 1
| #define MAX_NTHREADS 100
| #define SIZEOF_VOID_P 8
| #define SIZEOF_INT 4
| #define HAVE_GCC_ATTRIBUTE 1
| #define HAVE_GCC_X86_32_64 1
| #define HAVE_GCC_X86_32_64_P3 1
| /* end confdefs.h.  */
| 
| #define OPA_SIZEOF_INT SIZEOF_INT
| #define OPA_SIZEOF_VOID_P SIZEOF_VOID_P
| #ifndef _opa_inline
| #define _opa_inline inline
| #endif
| #ifndef _opa_restrict
| #define _opa_restrict restrict
| #endif
| #ifndef _opa_const
| #define _opa_const const
| #endif
| #ifdef HAVE_GCC_ATTRIBUTE
| #define OPA_HAVE_GCC_ATTRIBUTE 1
| #endif
| #include "opa_util.h" /* for OPA_ATTRIBUTE and friends */
| #include "primitives/opa_gcc_ia64.h"
| 
| int
| main ()
| {
| 
|     OPA_int_t a, b;
|     int c;
| 
|     OPA_store_int(&a, 0);
|     OPA_store_int(&b, 1);
|     c = OPA_load_int(&a);
| 
|     OPA_add_int(&a, 10);
|     OPA_incr_int(&a);
|     OPA_decr_int(&a);
| 
|     c = OPA_decr_and_test_int(&a);
|     c = OPA_fetch_and_add_int(&a, 10);
|     c = OPA_fetch_and_incr_int(&a);
|     c = OPA_fetch_and_decr_int(&a);
| 
|     c = OPA_cas_int(&a, 10, 11);
|     c = OPA_swap_int(&a, OPA_load_int(&b));
| 
|     OPA_write_barrier();
|     OPA_read_barrier();
|     OPA_read_write_barrier();
| 
|   ;
|   return 0;
| }
| 
configure:14127: result: no
configure:14142: checking for support for gcc PowerPC atomics
configure:14198: gcc -o conftest    -I./src   -I/home/gavahi/ics-2020/cryptMPI_2022/MPICH/cryptMPI-mpich-3.3/src/mpl/include -I/home/gavahi/ics-2020/cryptMPI_2022/MPICH/cryptMPI-mpich-3.3/src/mpl/include -I/home/gavahi/ics-2020/cryptMPI_2022/MPICH/cryptMPI-mpich-3.3/src/openpa/src -I/home/gavahi/ics-2020/cryptMPI_2022/MPICH/cryptMPI-mpich-3.3/src/openpa/src  conftest.c -lpthread  >&5
./src/primitives/opa_gcc_ppc.h: Assembler messages:
./src/primitives/opa_gcc_ppc.h:105: Error: no such instruction: `lwarx %eax,0,%rax'
./src/primitives/opa_gcc_ppc.h:116: Error: no such instruction: `stwcx. %ecx,0,%rdx'
./src/primitives/opa_gcc_ppc.h:117: Error: no such instruction: `beq 1f'
./src/primitives/opa_gcc_ppc.h:118: Error: no such instruction: `li %eax,0'
conftest.c:77: Error: no such instruction: `eieio'
conftest.c:78: Error: no such instruction: `lwsync'
conftest.c:79: Error: no such instruction: `sync'
configure:14198: $? = 1
configure: failed program was:
| /* confdefs.h */
| #define PACKAGE_NAME "OpenPA"
| #define PACKAGE_TARNAME "openpa"
| #define PACKAGE_VERSION "1.0.3"
| #define PACKAGE_STRING "OpenPA 1.0.3"
| #define PACKAGE_BUGREPORT "https://trac.mcs.anl.gov/projects/openpa/newticket"
| #define PACKAGE_URL ""
| #define PACKAGE "openpa"
| #define VERSION "1.0.3"
| #define STDC_HEADERS 1
| #define HAVE_SYS_TYPES_H 1
| #define HAVE_SYS_STAT_H 1
| #define HAVE_STDLIB_H 1
| #define HAVE_STRING_H 1
| #define HAVE_MEMORY_H 1
| #define HAVE_STRINGS_H 1
| #define HAVE_INTTYPES_H 1
| #define HAVE_STDINT_H 1
| #define HAVE_UNISTD_H 1
| #define HAVE_DLFCN_H 1
| #define LT_OBJDIR ".libs/"
| #define HAVE_PTHREAD_H 1
| #define HAVE_INTTYPES_H 1
| #define HAVE_STDINT_H 1
| #define HAVE_STDDEF_H 1
| #define restrict __restrict
| #define HAVE_LIBPTHREAD 1
| #define HAVE_PTHREAD_YIELD 1
| #define MAX_NTHREADS 100
| #define SIZEOF_VOID_P 8
| #define SIZEOF_INT 4
| #define HAVE_GCC_ATTRIBUTE 1
| #define HAVE_GCC_X86_32_64 1
| #define HAVE_GCC_X86_32_64_P3 1
| /* end confdefs.h.  */
| 
| #define OPA_SIZEOF_INT SIZEOF_INT
| #define OPA_SIZEOF_VOID_P SIZEOF_VOID_P
| #ifndef _opa_inline
| #define _opa_inline inline
| #endif
| #ifndef _opa_restrict
| #define _opa_restrict restrict
| #endif
| #ifndef _opa_const
| #define _opa_const const
| #endif
| #ifdef HAVE_GCC_ATTRIBUTE
| #define OPA_HAVE_GCC_ATTRIBUTE 1
| #endif
| #include "opa_util.h" /* for OPA_ATTRIBUTE and friends */
| #include "primitives/opa_gcc_ppc.h"
| 
| int
| main ()
| {
| 
|     OPA_int_t a, b;
|     int c;
| 
|     OPA_store_int(&a, 0);
|     OPA_store_int(&b, 1);
|     c = OPA_load_int(&a);
| 
|     OPA_add_int(&a, 10);
|     OPA_incr_int(&a);
|     OPA_decr_int(&a);
| 
|     c = OPA_decr_and_test_int(&a);
|     c = OPA_fetch_and_add_int(&a, 10);
|     c = OPA_fetch_and_incr_int(&a);
|     c = OPA_fetch_and_decr_int(&a);
| 
|     c = OPA_cas_int(&a, 10, 11);
|     c = OPA_swap_int(&a, OPA_load_int(&b));
| 
|     OPA_write_barrier();
|     OPA_read_barrier();
|     OPA_read_write_barrier();
| 
|   ;
|   return 0;
| }
| 
configure:14207: result: no
configure:14222: checking for support for gcc ARM atomics
configure:14278: gcc -o conftest    -I./src   -I/home/gavahi/ics-2020/cryptMPI_2022/MPICH/cryptMPI-mpich-3.3/src/mpl/include -I/home/gavahi/ics-2020/cryptMPI_2022/MPICH/cryptMPI-mpich-3.3/src/mpl/include -I/home/gavahi/ics-2020/cryptMPI_2022/MPICH/cryptMPI-mpich-3.3/src/openpa/src -I/home/gavahi/ics-2020/cryptMPI_2022/MPICH/cryptMPI-mpich-3.3/src/openpa/src  conftest.c -lpthread  >&5
./src/primitives/opa_gcc_arm.h: Assembler messages:
./src/primitives/opa_gcc_arm.h:96: Error: no such instruction: `ldrex %eax,[%rdx]'
./src/primitives/opa_gcc_arm.h:110: Error: no such instruction: `strex %eax,%edx,[%rcx]'
conftest.c:77: Error: invalid instruction suffix for `ds'
conftest.c:78: Error: no such instruction: `dmb'
conftest.c:79: Error: invalid instruction suffix for `ds'
configure:14278: $? = 1
configure: failed program was:
| /* confdefs.h */
| #define PACKAGE_NAME "OpenPA"
| #define PACKAGE_TARNAME "openpa"
| #define PACKAGE_VERSION "1.0.3"
| #define PACKAGE_STRING "OpenPA 1.0.3"
| #define PACKAGE_BUGREPORT "https://trac.mcs.anl.gov/projects/openpa/newticket"
| #define PACKAGE_URL ""
| #define PACKAGE "openpa"
| #define VERSION "1.0.3"
| #define STDC_HEADERS 1
| #define HAVE_SYS_TYPES_H 1
| #define HAVE_SYS_STAT_H 1
| #define HAVE_STDLIB_H 1
| #define HAVE_STRING_H 1
| #define HAVE_MEMORY_H 1
| #define HAVE_STRINGS_H 1
| #define HAVE_INTTYPES_H 1
| #define HAVE_STDINT_H 1
| #define HAVE_UNISTD_H 1
| #define HAVE_DLFCN_H 1
| #define LT_OBJDIR ".libs/"
| #define HAVE_PTHREAD_H 1
| #define HAVE_INTTYPES_H 1
| #define HAVE_STDINT_H 1
| #define HAVE_STDDEF_H 1
| #define restrict __restrict
| #define HAVE_LIBPTHREAD 1
| #define HAVE_PTHREAD_YIELD 1
| #define MAX_NTHREADS 100
| #define SIZEOF_VOID_P 8
| #define SIZEOF_INT 4
| #define HAVE_GCC_ATTRIBUTE 1
| #define HAVE_GCC_X86_32_64 1
| #define HAVE_GCC_X86_32_64_P3 1
| /* end confdefs.h.  */
| 
| #define OPA_SIZEOF_INT SIZEOF_INT
| #define OPA_SIZEOF_VOID_P SIZEOF_VOID_P
| #ifndef _opa_inline
| #define _opa_inline inline
| #endif
| #ifndef _opa_restrict
| #define _opa_restrict restrict
| #endif
| #ifndef _opa_const
| #define _opa_const const
| #endif
| #ifdef HAVE_GCC_ATTRIBUTE
| #define OPA_HAVE_GCC_ATTRIBUTE 1
| #endif
| #include "opa_util.h" /* for OPA_ATTRIBUTE and friends */
| #include "primitives/opa_gcc_arm.h"
| 
| int
| main ()
| {
| 
|     OPA_int_t a, b;
|     int c;
| 
|     OPA_store_int(&a, 0);
|     OPA_store_int(&b, 1);
|     c = OPA_load_int(&a);
| 
|     OPA_add_int(&a, 10);
|     OPA_incr_int(&a);
|     OPA_decr_int(&a);
| 
|     c = OPA_decr_and_test_int(&a);
|     c = OPA_fetch_and_add_int(&a, 10);
|     c = OPA_fetch_and_incr_int(&a);
|     c = OPA_fetch_and_decr_int(&a);
| 
|     c = OPA_cas_int(&a, 10, 11);
|     c = OPA_swap_int(&a, OPA_load_int(&b));
| 
|     OPA_write_barrier();
|     OPA_read_barrier();
|     OPA_read_write_barrier();
| 
|   ;
|   return 0;
| }
| 
configure:14287: result: no
configure:14302: checking for support for gcc SiCortex atomics
configure:14358: gcc -o conftest    -I./src   -I/home/gavahi/ics-2020/cryptMPI_2022/MPICH/cryptMPI-mpich-3.3/src/mpl/include -I/home/gavahi/ics-2020/cryptMPI_2022/MPICH/cryptMPI-mpich-3.3/src/mpl/include -I/home/gavahi/ics-2020/cryptMPI_2022/MPICH/cryptMPI-mpich-3.3/src/openpa/src -I/home/gavahi/ics-2020/cryptMPI_2022/MPICH/cryptMPI-mpich-3.3/src/openpa/src  conftest.c -lpthread  >&5
./src/primitives/opa_gcc_sicortex.h: Assembler messages:
./src/primitives/opa_gcc_sicortex.h:140: Error: expected comma after "mips3"
./src/primitives/opa_gcc_sicortex.h:141: Error: expected comma after "noreorder"
./src/primitives/opa_gcc_sicortex.h:142: Error: no such instruction: `ll %rcx,(%rsi)'
./src/primitives/opa_gcc_sicortex.h:143: Error: no such instruction: `addu %rdx,%rcx,%eax'
./src/primitives/opa_gcc_sicortex.h:144: Error: no such instruction: `sc %rdx,(%rsi)'
./src/primitives/opa_gcc_sicortex.h:145: Error: no such instruction: `beqz %rdx,1b'
./src/primitives/opa_gcc_sicortex.h:147: Error: expected comma after "reorder"
./src/primitives/opa_gcc_sicortex.h:148: Error: expected comma after "mips0"
./src/primitives/opa_gcc_sicortex.h:220: Error: expected comma after "mips3"
./src/primitives/opa_gcc_sicortex.h:221: Error: expected comma after "noreorder"
./src/primitives/opa_gcc_sicortex.h:222: Error: no such instruction: `ll %rcx,(%rsi)'
./src/primitives/opa_gcc_sicortex.h:223: Error: no such instruction: `move %rdx,%eax'
./src/primitives/opa_gcc_sicortex.h:224: Error: no such instruction: `sc %rdx,(%rsi)'
./src/primitives/opa_gcc_sicortex.h:225: Error: no such instruction: `beqz %rdx,1b'
./src/primitives/opa_gcc_sicortex.h:227: Error: expected comma after "reorder"
./src/primitives/opa_gcc_sicortex.h:228: Error: expected comma after "mips0"
./src/primitives/opa_gcc_sicortex.h:303: Error: expected comma after "mips3"
./src/primitives/opa_gcc_sicortex.h:304: Error: expected comma after "noreorder"
./src/primitives/opa_gcc_sicortex.h:305: Error: no such instruction: `ll %rsi,(%rdi)'
./src/primitives/opa_gcc_sicortex.h:306: Error: no such instruction: `bne %rsi,%edx,1f'
./src/primitives/opa_gcc_sicortex.h:307: Error: no such instruction: `move %rcx,%eax'
./src/primitives/opa_gcc_sicortex.h:308: Error: no such instruction: `sc %rcx,(%rdi)'
./src/primitives/opa_gcc_sicortex.h:309: Error: no such instruction: `beqz %rcx,1b'
./src/primitives/opa_gcc_sicortex.h:311: Error: expected comma after "reorder"
./src/primitives/opa_gcc_sicortex.h:313: Error: expected comma after "mips0"
conftest.c:77: Error: no such instruction: `sync'
conftest.c:78: Error: no such instruction: `sync'
conftest.c:79: Error: no such instruction: `sync'
configure:14358: $? = 1
configure: failed program was:
| /* confdefs.h */
| #define PACKAGE_NAME "OpenPA"
| #define PACKAGE_TARNAME "openpa"
| #define PACKAGE_VERSION "1.0.3"
| #define PACKAGE_STRING "OpenPA 1.0.3"
| #define PACKAGE_BUGREPORT "https://trac.mcs.anl.gov/projects/openpa/newticket"
| #define PACKAGE_URL ""
| #define PACKAGE "openpa"
| #define VERSION "1.0.3"
| #define STDC_HEADERS 1
| #define HAVE_SYS_TYPES_H 1
| #define HAVE_SYS_STAT_H 1
| #define HAVE_STDLIB_H 1
| #define HAVE_STRING_H 1
| #define HAVE_MEMORY_H 1
| #define HAVE_STRINGS_H 1
| #define HAVE_INTTYPES_H 1
| #define HAVE_STDINT_H 1
| #define HAVE_UNISTD_H 1
| #define HAVE_DLFCN_H 1
| #define LT_OBJDIR ".libs/"
| #define HAVE_PTHREAD_H 1
| #define HAVE_INTTYPES_H 1
| #define HAVE_STDINT_H 1
| #define HAVE_STDDEF_H 1
| #define restrict __restrict
| #define HAVE_LIBPTHREAD 1
| #define HAVE_PTHREAD_YIELD 1
| #define MAX_NTHREADS 100
| #define SIZEOF_VOID_P 8
| #define SIZEOF_INT 4
| #define HAVE_GCC_ATTRIBUTE 1
| #define HAVE_GCC_X86_32_64 1
| #define HAVE_GCC_X86_32_64_P3 1
| /* end confdefs.h.  */
| 
| #define OPA_SIZEOF_INT SIZEOF_INT
| #define OPA_SIZEOF_VOID_P SIZEOF_VOID_P
| #ifndef _opa_inline
| #define _opa_inline inline
| #endif
| #ifndef _opa_restrict
| #define _opa_restrict restrict
| #endif
| #ifndef _opa_const
| #define _opa_const const
| #endif
| #ifdef HAVE_GCC_ATTRIBUTE
| #define OPA_HAVE_GCC_ATTRIBUTE 1
| #endif
| #include "opa_util.h" /* for OPA_ATTRIBUTE and friends */
| #include "primitives/opa_gcc_sicortex.h"
| 
| int
| main ()
| {
| 
|     OPA_int_t a, b;
|     int c;
| 
|     OPA_store_int(&a, 0);
|     OPA_store_int(&b, 1);
|     c = OPA_load_int(&a);
| 
|     OPA_add_int(&a, 10);
|     OPA_incr_int(&a);
|     OPA_decr_int(&a);
| 
|     c = OPA_decr_and_test_int(&a);
|     c = OPA_fetch_and_add_int(&a, 10);
|     c = OPA_fetch_and_incr_int(&a);
|     c = OPA_fetch_and_decr_int(&a);
| 
|     c = OPA_cas_int(&a, 10, 11);
|     c = OPA_swap_int(&a, OPA_load_int(&b));
| 
|     OPA_write_barrier();
|     OPA_read_barrier();
|     OPA_read_write_barrier();
| 
|   ;
|   return 0;
| }
| 
configure:14367: result: no
configure:14384: checking for support for gcc atomic intrinsics
configure:14440: gcc -o conftest    -I./src   -I/home/gavahi/ics-2020/cryptMPI_2022/MPICH/cryptMPI-mpich-3.3/src/mpl/include -I/home/gavahi/ics-2020/cryptMPI_2022/MPICH/cryptMPI-mpich-3.3/src/mpl/include -I/home/gavahi/ics-2020/cryptMPI_2022/MPICH/cryptMPI-mpich-3.3/src/openpa/src -I/home/gavahi/ics-2020/cryptMPI_2022/MPICH/cryptMPI-mpich-3.3/src/openpa/src  conftest.c -lpthread  >&5
configure:14440: $? = 0
configure:14445: result: yes
configure:14464: checking for support for Windows NT atomic intrinsics
configure:14520: gcc -o conftest    -I./src   -I/home/gavahi/ics-2020/cryptMPI_2022/MPICH/cryptMPI-mpich-3.3/src/mpl/include -I/home/gavahi/ics-2020/cryptMPI_2022/MPICH/cryptMPI-mpich-3.3/src/mpl/include -I/home/gavahi/ics-2020/cryptMPI_2022/MPICH/cryptMPI-mpich-3.3/src/openpa/src -I/home/gavahi/ics-2020/cryptMPI_2022/MPICH/cryptMPI-mpich-3.3/src/openpa/src  conftest.c -lpthread  >&5
In file included from conftest.c:53:0:
./src/primitives/opa_nt_intrinsics.h:11:20: fatal error: windows.h: No such file or directory
 #include<windows.h>
                    ^
compilation terminated.
configure:14520: $? = 1
configure: failed program was:
| /* confdefs.h */
| #define PACKAGE_NAME "OpenPA"
| #define PACKAGE_TARNAME "openpa"
| #define PACKAGE_VERSION "1.0.3"
| #define PACKAGE_STRING "OpenPA 1.0.3"
| #define PACKAGE_BUGREPORT "https://trac.mcs.anl.gov/projects/openpa/newticket"
| #define PACKAGE_URL ""
| #define PACKAGE "openpa"
| #define VERSION "1.0.3"
| #define STDC_HEADERS 1
| #define HAVE_SYS_TYPES_H 1
| #define HAVE_SYS_STAT_H 1
| #define HAVE_STDLIB_H 1
| #define HAVE_STRING_H 1
| #define HAVE_MEMORY_H 1
| #define HAVE_STRINGS_H 1
| #define HAVE_INTTYPES_H 1
| #define HAVE_STDINT_H 1
| #define HAVE_UNISTD_H 1
| #define HAVE_DLFCN_H 1
| #define LT_OBJDIR ".libs/"
| #define HAVE_PTHREAD_H 1
| #define HAVE_INTTYPES_H 1
| #define HAVE_STDINT_H 1
| #define HAVE_STDDEF_H 1
| #define restrict __restrict
| #define HAVE_LIBPTHREAD 1
| #define HAVE_PTHREAD_YIELD 1
| #define MAX_NTHREADS 100
| #define SIZEOF_VOID_P 8
| #define SIZEOF_INT 4
| #define HAVE_GCC_ATTRIBUTE 1
| #define HAVE_GCC_X86_32_64 1
| #define HAVE_GCC_X86_32_64_P3 1
| #define HAVE_GCC_INTRINSIC_ATOMICS 1
| /* end confdefs.h.  */
| 
| #define OPA_SIZEOF_INT SIZEOF_INT
| #define OPA_SIZEOF_VOID_P SIZEOF_VOID_P
| #ifndef _opa_inline
| #define _opa_inline inline
| #endif
| #ifndef _opa_restrict
| #define _opa_restrict restrict
| #endif
| #ifndef _opa_const
| #define _opa_const const
| #endif
| #ifdef HAVE_GCC_ATTRIBUTE
| #define OPA_HAVE_GCC_ATTRIBUTE 1
| #endif
| #include "opa_util.h" /* for OPA_ATTRIBUTE and friends */
| #include "primitives/opa_nt_intrinsics.h"
| 
| int
| main ()
| {
| 
|     OPA_int_t a, b;
|     int c;
| 
|     OPA_store_int(&a, 0);
|     OPA_store_int(&b, 1);
|     c = OPA_load_int(&a);
| 
|     OPA_add_int(&a, 10);
|     OPA_incr_int(&a);
|     OPA_decr_int(&a);
| 
|     c = OPA_decr_and_test_int(&a);
|     c = OPA_fetch_and_add_int(&a, 10);
|     c = OPA_fetch_and_incr_int(&a);
|     c = OPA_fetch_and_decr_int(&a);
| 
|     c = OPA_cas_int(&a, 10, 11);
|     c = OPA_swap_int(&a, OPA_load_int(&b));
| 
|     OPA_write_barrier();
|     OPA_read_barrier();
|     OPA_read_write_barrier();
| 
|   ;
|   return 0;
| }
| 
configure:14529: result: no
configure:14544: checking for support for Sun atomic operations library
configure:14600: gcc -o conftest    -I./src   -I/home/gavahi/ics-2020/cryptMPI_2022/MPICH/cryptMPI-mpich-3.3/src/mpl/include -I/home/gavahi/ics-2020/cryptMPI_2022/MPICH/cryptMPI-mpich-3.3/src/mpl/include -I/home/gavahi/ics-2020/cryptMPI_2022/MPICH/cryptMPI-mpich-3.3/src/openpa/src -I/home/gavahi/ics-2020/cryptMPI_2022/MPICH/cryptMPI-mpich-3.3/src/openpa/src  conftest.c -lpthread  >&5
In file included from conftest.c:53:0:
./src/primitives/opa_sun_atomic_ops.h:11:20: fatal error: atomic.h: No such file or directory
 #include <atomic.h>
                    ^
compilation terminated.
configure:14600: $? = 1
configure: failed program was:
| /* confdefs.h */
| #define PACKAGE_NAME "OpenPA"
| #define PACKAGE_TARNAME "openpa"
| #define PACKAGE_VERSION "1.0.3"
| #define PACKAGE_STRING "OpenPA 1.0.3"
| #define PACKAGE_BUGREPORT "https://trac.mcs.anl.gov/projects/openpa/newticket"
| #define PACKAGE_URL ""
| #define PACKAGE "openpa"
| #define VERSION "1.0.3"
| #define STDC_HEADERS 1
| #define HAVE_SYS_TYPES_H 1
| #define HAVE_SYS_STAT_H 1
| #define HAVE_STDLIB_H 1
| #define HAVE_STRING_H 1
| #define HAVE_MEMORY_H 1
| #define HAVE_STRINGS_H 1
| #define HAVE_INTTYPES_H 1
| #define HAVE_STDINT_H 1
| #define HAVE_UNISTD_H 1
| #define HAVE_DLFCN_H 1
| #define LT_OBJDIR ".libs/"
| #define HAVE_PTHREAD_H 1
| #define HAVE_INTTYPES_H 1
| #define HAVE_STDINT_H 1
| #define HAVE_STDDEF_H 1
| #define restrict __restrict
| #define HAVE_LIBPTHREAD 1
| #define HAVE_PTHREAD_YIELD 1
| #define MAX_NTHREADS 100
| #define SIZEOF_VOID_P 8
| #define SIZEOF_INT 4
| #define HAVE_GCC_ATTRIBUTE 1
| #define HAVE_GCC_X86_32_64 1
| #define HAVE_GCC_X86_32_64_P3 1
| #define HAVE_GCC_INTRINSIC_ATOMICS 1
| /* end confdefs.h.  */
| 
| #define OPA_SIZEOF_INT SIZEOF_INT
| #define OPA_SIZEOF_VOID_P SIZEOF_VOID_P
| #ifndef _opa_inline
| #define _opa_inline inline
| #endif
| #ifndef _opa_restrict
| #define _opa_restrict restrict
| #endif
| #ifndef _opa_const
| #define _opa_const const
| #endif
| #ifdef HAVE_GCC_ATTRIBUTE
| #define OPA_HAVE_GCC_ATTRIBUTE 1
| #endif
| #include "opa_util.h" /* for OPA_ATTRIBUTE and friends */
| #include "primitives/opa_sun_atomic_ops.h"
| 
| int
| main ()
| {
| 
|     OPA_int_t a, b;
|     int c;
| 
|     OPA_store_int(&a, 0);
|     OPA_store_int(&b, 1);
|     c = OPA_load_int(&a);
| 
|     OPA_add_int(&a, 10);
|     OPA_incr_int(&a);
|     OPA_decr_int(&a);
| 
|     c = OPA_decr_and_test_int(&a);
|     c = OPA_fetch_and_add_int(&a, 10);
|     c = OPA_fetch_and_incr_int(&a);
|     c = OPA_fetch_and_decr_int(&a);
| 
|     c = OPA_cas_int(&a, 10, 11);
|     c = OPA_swap_int(&a, OPA_load_int(&b));
| 
|     OPA_write_barrier();
|     OPA_read_barrier();
|     OPA_read_write_barrier();
| 
|   ;
|   return 0;
| }
| 
configure:14609: result: no
configure:14686: checking whether to enable strict fairness checks
configure:14702: result: no
configure:14841: checking that generated files are newer than configure
configure:14847: result: done
configure:14878: creating ./config.status

## ---------------------- ##
## Running config.status. ##
## ---------------------- ##

This file was extended by OpenPA config.status 1.0.3, which was
generated by GNU Autoconf 2.69.  Invocation command line was

  CONFIG_FILES    = 
  CONFIG_HEADERS  = 
  CONFIG_LINKS    = 
  CONFIG_COMMANDS = 
  $ ./config.status 

on inv35

config.status:1113: creating Makefile
config.status:1113: creating src/Makefile
config.status:1113: creating test/Makefile
config.status:1113: creating openpa.pc
config.status:1113: creating src/config.h
config.status:1294: src/config.h is unchanged
config.status:1342: executing depfiles commands
config.status:1342: executing libtool commands
config.status:1342: executing src/opa_config.h commands
config.status:2016: creating src/opa_config.h - prefix OPA for src/config.h defines
config.status:2042: src/opa_config.h is unchanged

## ---------------- ##
## Cache variables. ##
## ---------------- ##

ac_cv_build=x86_64-pc-linux-gnu
ac_cv_c_compiler_gnu=yes
ac_cv_c_const=yes
ac_cv_c_inline=inline
ac_cv_c_restrict=__restrict
ac_cv_env_CC_set=set
ac_cv_env_CC_value=gcc
ac_cv_env_CFLAGS_set=set
ac_cv_env_CFLAGS_value='  '
ac_cv_env_CPPFLAGS_set=set
ac_cv_env_CPPFLAGS_value='  -I/home/gavahi/ics-2020/cryptMPI_2022/MPICH/cryptMPI-mpich-3.3/src/mpl/include -I/home/gavahi/ics-2020/cryptMPI_2022/MPICH/cryptMPI-mpich-3.3/src/mpl/include -I/home/gavahi/ics-2020/cryptMPI_2022/MPICH/cryptMPI-mpich-3.3/src/openpa/src -I/home/gavahi/ics-2020/cryptMPI_2022/MPICH/cryptMPI-mpich-3.3/src/openpa/src'
ac_cv_env_CPP_set=
ac_cv_env_CPP_value=
ac_cv_env_LDFLAGS_set=set
ac_cv_env_LDFLAGS_value=
ac_cv_env_LIBS_set=set
ac_cv_env_LIBS_value=
ac_cv_env_LT_SYS_LIBRARY_PATH_set=
ac_cv_env_LT_SYS_LIBRARY_PATH_value=
ac_cv_env_OPALIBNAME_set=set
ac_cv_env_OPALIBNAME_value=opa
ac_cv_env_build_alias_set=
ac_cv_env_build_alias_value=
ac_cv_env_host_alias_set=
ac_cv_env_host_alias_value=
ac_cv_env_target_alias_set=
ac_cv_env_target_alias_value=
ac_cv_func_pthread_yield=yes
ac_cv_header_atomic_h=no
ac_cv_header_dlfcn_h=yes
ac_cv_header_intrin_h=no
ac_cv_header_inttypes_h=yes
ac_cv_header_memory_h=yes
ac_cv_header_pthread_h=yes
ac_cv_header_stdc=yes
ac_cv_header_stddef_h=yes
ac_cv_header_stdint_h=yes
ac_cv_header_stdlib_h=yes
ac_cv_header_string_h=yes
ac_cv_header_strings_h=yes
ac_cv_header_sys_stat_h=yes
ac_cv_header_sys_types_h=yes
ac_cv_header_unistd_h=yes
ac_cv_host=x86_64-pc-linux-gnu
ac_cv_lib_pthread_pthread_create=yes
ac_cv_objext=o
ac_cv_path_EGREP='/usr/bin/grep -E'
ac_cv_path_FGREP='/usr/bin/grep -F'
ac_cv_path_GREP=/usr/bin/grep
ac_cv_path_SED=/usr/bin/sed
ac_cv_path_install='/usr/bin/install -c'
ac_cv_path_lt_DD=/usr/bin/dd
ac_cv_path_mkdir=/usr/bin/mkdir
ac_cv_prog_AWK=gawk
ac_cv_prog_CPP='gcc -E'
ac_cv_prog_ac_ct_CC=gcc
ac_cv_prog_ac_ct_OBJDUMP=objdump
ac_cv_prog_ac_ct_RANLIB=ranlib
ac_cv_prog_ac_ct_STRIP=strip
ac_cv_prog_cc_c89=
ac_cv_prog_cc_g=yes
ac_cv_prog_make_make_set=yes
ac_cv_sizeof_int=4
ac_cv_sizeof_void_p=8
am_cv_CC_dependencies_compiler_type=gcc3
am_cv_ar_interface=ar
am_cv_make_support_nested_variables=yes
am_cv_prog_cc_c_o=yes
lt_cv_ar_at_file=@
lt_cv_archive_cmds_need_lc=no
lt_cv_deplibs_check_method=pass_all
lt_cv_file_magic_cmd='$MAGIC_CMD'
lt_cv_file_magic_test_file=
lt_cv_ld_reload_flag=-r
lt_cv_nm_interface='BSD nm'
lt_cv_objdir=.libs
lt_cv_path_LD=/usr/bin/ld
lt_cv_path_NM='/usr/bin/nm -B'
lt_cv_path_mainfest_tool=no
lt_cv_prog_compiler_c_o=yes
lt_cv_prog_compiler_pic='-fPIC -DPIC'
lt_cv_prog_compiler_pic_works=yes
lt_cv_prog_compiler_rtti_exceptions=no
lt_cv_prog_compiler_static_works=no
lt_cv_prog_gnu_ld=yes
lt_cv_sharedlib_from_linklib_cmd='printf %s\n'
lt_cv_shlibpath_overrides_runpath=no
lt_cv_sys_global_symbol_pipe='sed -n -e '\''s/^.*[	 ]\([ABCDGIRSTW][ABCDGIRSTW]*\)[	 ][	 ]*\([_A-Za-z][_A-Za-z0-9]*\)$/\1 \2 \2/p'\'' | sed '\''/ __gnu_lto/d'\'''
lt_cv_sys_global_symbol_to_c_name_address='sed -n -e '\''s/^: \(.*\) .*$/  {"\1", (void *) 0},/p'\'' -e '\''s/^[ABCDGIRSTW][ABCDGIRSTW]* .* \(.*\)$/  {"\1", (void *) \&\1},/p'\'''
lt_cv_sys_global_symbol_to_c_name_address_lib_prefix='sed -n -e '\''s/^: \(.*\) .*$/  {"\1", (void *) 0},/p'\'' -e '\''s/^[ABCDGIRSTW][ABCDGIRSTW]* .* \(lib.*\)$/  {"\1", (void *) \&\1},/p'\'' -e '\''s/^[ABCDGIRSTW][ABCDGIRSTW]* .* \(.*\)$/  {"lib\1", (void *) \&\1},/p'\'''
lt_cv_sys_global_symbol_to_cdecl='sed -n -e '\''s/^T .* \(.*\)$/extern int \1();/p'\'' -e '\''s/^[ABCDGIRSTW][ABCDGIRSTW]* .* \(.*\)$/extern char \1;/p'\'''
lt_cv_sys_global_symbol_to_import=
lt_cv_sys_max_cmd_len=1572864
lt_cv_to_host_file_cmd=func_convert_file_noop
lt_cv_to_tool_file_cmd=func_convert_file_noop
lt_cv_truncate_bin='/usr/bin/dd bs=4096 count=1'
pac_cv_gnu_attr_format=yes
pac_cv_gnu_attr_pure=yes

## ----------------- ##
## Output variables. ##
## ----------------- ##

ACLOCAL='${SHELL} /home/gavahi/ics-2020/cryptMPI_2022/MPICH/cryptMPI-mpich-3.3/src/openpa/confdb/missing aclocal-1.15'
AMDEPBACKSLASH='\'
AMDEP_FALSE='#'
AMDEP_TRUE=''
AMTAR='$${TAR-tar}'
AM_BACKSLASH='\'
AM_DEFAULT_V='$(AM_DEFAULT_VERBOSITY)'
AM_DEFAULT_VERBOSITY='0'
AM_V='$(V)'
AR='ar'
AUTOCONF='${SHELL} /home/gavahi/ics-2020/cryptMPI_2022/MPICH/cryptMPI-mpich-3.3/src/openpa/confdb/missing autoconf'
AUTOHEADER='${SHELL} /home/gavahi/ics-2020/cryptMPI_2022/MPICH/cryptMPI-mpich-3.3/src/openpa/confdb/missing autoheader'
AUTOMAKE='${SHELL} /home/gavahi/ics-2020/cryptMPI_2022/MPICH/cryptMPI-mpich-3.3/src/openpa/confdb/missing automake-1.15'
AWK='gawk'
CC='gcc'
CCDEPMODE='depmode=gcc3'
CFLAGS='  '
CONFIG_STATUS_DEPENDENCIES='$(top_srcdir)/VERSION'
CPP='gcc -E'
CPPFLAGS='  -I/home/gavahi/ics-2020/cryptMPI_2022/MPICH/cryptMPI-mpich-3.3/src/mpl/include -I/home/gavahi/ics-2020/cryptMPI_2022/MPICH/cryptMPI-mpich-3.3/src/mpl/include -I/home/gavahi/ics-2020/cryptMPI_2022/MPICH/cryptMPI-mpich-3.3/src/openpa/src -I/home/gavahi/ics-2020/cryptMPI_2022/MPICH/cryptMPI-mpich-3.3/src/openpa/src'
CYGPATH_W='echo'
DEFS='-DHAVE_CONFIG_H'
DEPDIR='.deps'
DLLTOOL='false'
DSYMUTIL=''
DUMPBIN=''
ECHO_C=''
ECHO_N='-n'
ECHO_T=''
EGREP='/usr/bin/grep -E'
EMBEDDED_FALSE='#'
EMBEDDED_TRUE=''
EXEEXT=''
FGREP='/usr/bin/grep -F'
GREP='/usr/bin/grep'
INSTALL_DATA='${INSTALL} -m 644'
INSTALL_PROGRAM='${INSTALL}'
INSTALL_SCRIPT='${INSTALL}'
INSTALL_STRIP_PROGRAM='$(install_sh) -c -s'
LD='/usr/bin/ld -m elf_x86_64'
LDFLAGS=''
LIBOBJS=''
LIBS='-lpthread '
LIBTOOL='$(SHELL) $(top_builddir)/libtool'
LIPO=''
LN_S='ln -s'
LTLIBOBJS=''
LT_SYS_LIBRARY_PATH=''
MAKEINFO='${SHELL} /home/gavahi/ics-2020/cryptMPI_2022/MPICH/cryptMPI-mpich-3.3/src/openpa/confdb/missing makeinfo'
MANIFEST_TOOL=':'
MKDIR_P='/usr/bin/mkdir -p'
NM='/usr/bin/nm -B'
NMEDIT=''
OBJDUMP='objdump'
OBJEXT='o'
OPALIBNAME='opa'
OTOOL64=''
OTOOL=''
PACKAGE='openpa'
PACKAGE_BUGREPORT='https://trac.mcs.anl.gov/projects/openpa/newticket'
PACKAGE_NAME='OpenPA'
PACKAGE_STRING='OpenPA 1.0.3'
PACKAGE_TARNAME='openpa'
PACKAGE_URL=''
PACKAGE_VERSION='1.0.3'
PATH_SEPARATOR=':'
RANLIB='ranlib'
SED='/usr/bin/sed'
SET_MAKE=''
SHELL='/bin/sh'
STRIP='strip'
VERSION='1.0.3'
ac_ct_AR=''
ac_ct_CC='gcc'
ac_ct_DUMPBIN=''
am__EXEEXT_FALSE=''
am__EXEEXT_TRUE='#'
am__fastdepCC_FALSE='#'
am__fastdepCC_TRUE=''
am__include='include'
am__isrc=''
am__leading_dot='.'
am__nodep='_no'
am__quote=''
am__tar='$${TAR-tar} chof - "$$tardir"'
am__untar='$${TAR-tar} xf -'
bindir='${exec_prefix}/bin'
build='x86_64-pc-linux-gnu'
build_alias=''
build_cpu='x86_64'
build_os='linux-gnu'
build_vendor='pc'
datadir='${datarootdir}'
datarootdir='${prefix}/share'
docdir='${datarootdir}/doc/${PACKAGE_TARNAME}'
dvidir='${docdir}'
exec_prefix='${prefix}'
external_pkg_config_libs=''
host='x86_64-pc-linux-gnu'
host_alias=''
host_cpu='x86_64'
host_os='linux-gnu'
host_vendor='pc'
htmldir='${docdir}'
includedir='${prefix}/include'
infodir='${datarootdir}/info'
install_sh='${SHELL} /home/gavahi/ics-2020/cryptMPI_2022/MPICH/cryptMPI-mpich-3.3/src/openpa/confdb/install-sh'
internal_pkg_config_libs=''
libdir='${exec_prefix}/lib'
libexecdir='${exec_prefix}/libexec'
libopa_so_version='1:0:0'
libopa_so_versionflags='-avoid-version'
localedir='${datarootdir}/locale'
localstatedir='${prefix}/var'
mandir='${datarootdir}/man'
mkdir_p='$(MKDIR_P)'
oldincludedir='/usr/include'
pdfdir='${docdir}'
pkgconfigdir='${exec_prefix}/lib/pkgconfig'
prefix='/home/gavahi/ics-2020/cryptMPI_2022/MPICH/cryptMPI-mpich-3.3/mpich_install'
program_transform_name='s,x,x,'
psdir='${docdir}'
sbindir='${exec_prefix}/sbin'
sharedstatedir='${prefix}/com'
sysconfdir='${prefix}/etc'
target_alias=''

## ----------- ##
## confdefs.h. ##
## ----------- ##

/* confdefs.h */
#define PACKAGE_NAME "OpenPA"
#define PACKAGE_TARNAME "openpa"
#define PACKAGE_VERSION "1.0.3"
#define PACKAGE_STRING "OpenPA 1.0.3"
#define PACKAGE_BUGREPORT "https://trac.mcs.anl.gov/projects/openpa/newticket"
#define PACKAGE_URL ""
#define PACKAGE "openpa"
#define VERSION "1.0.3"
#define STDC_HEADERS 1
#define HAVE_SYS_TYPES_H 1
#define HAVE_SYS_STAT_H 1
#define HAVE_STDLIB_H 1
#define HAVE_STRING_H 1
#define HAVE_MEMORY_H 1
#define HAVE_STRINGS_H 1
#define HAVE_INTTYPES_H 1
#define HAVE_STDINT_H 1
#define HAVE_UNISTD_H 1
#define HAVE_DLFCN_H 1
#define LT_OBJDIR ".libs/"
#define HAVE_PTHREAD_H 1
#define HAVE_INTTYPES_H 1
#define HAVE_STDINT_H 1
#define HAVE_STDDEF_H 1
#define restrict __restrict
#define HAVE_LIBPTHREAD 1
#define HAVE_PTHREAD_YIELD 1
#define MAX_NTHREADS 100
#define SIZEOF_VOID_P 8
#define SIZEOF_INT 4
#define HAVE_GCC_ATTRIBUTE 1
#define HAVE_GCC_X86_32_64 1
#define HAVE_GCC_X86_32_64_P3 1
#define HAVE_GCC_INTRINSIC_ATOMICS 1

configure: exit 0

## ---------------------- ##
## Running config.status. ##
## ---------------------- ##

This file was extended by OpenPA config.status 1.0.3, which was
generated by GNU Autoconf 2.69.  Invocation command line was

  CONFIG_FILES    = 
  CONFIG_HEADERS  = 
  CONFIG_LINKS    = 
  CONFIG_COMMANDS = 
  $ ./config.status src/config.h

on inv35

config.status:1113: creating src/config.h
config.status:1294: src/config.h is unchanged

## ---------------------- ##
## Running config.status. ##
## ---------------------- ##

This file was extended by OpenPA config.status 1.0.3, which was
generated by GNU Autoconf 2.69.  Invocation command line was

  CONFIG_FILES    = 
  CONFIG_HEADERS  = 
  CONFIG_LINKS    = 
  CONFIG_COMMANDS = 
  $ ./config.status src/config.h

on inv35

config.status:1113: creating src/config.h
config.status:1294: src/config.h is unchanged

## ---------------------- ##
## Running config.status. ##
## ---------------------- ##

This file was extended by OpenPA config.status 1.0.3, which was
generated by GNU Autoconf 2.69.  Invocation command line was

  CONFIG_FILES    = 
  CONFIG_HEADERS  = 
  CONFIG_LINKS    = 
  CONFIG_COMMANDS = 
  $ ./config.status src/config.h

on inv35

config.status:1113: creating src/config.h
config.status:1294: src/config.h is unchanged

## ---------------------- ##
## Running config.status. ##
## ---------------------- ##

This file was extended by OpenPA config.status 1.0.3, which was
generated by GNU Autoconf 2.69.  Invocation command line was

  CONFIG_FILES    = 
  CONFIG_HEADERS  = 
  CONFIG_LINKS    = 
  CONFIG_COMMANDS = 
  $ ./config.status src/config.h

on inv35

config.status:1113: creating src/config.h
config.status:1294: src/config.h is unchanged

## ---------------------- ##
## Running config.status. ##
## ---------------------- ##

This file was extended by OpenPA config.status 1.0.3, which was
generated by GNU Autoconf 2.69.  Invocation command line was

  CONFIG_FILES    = 
  CONFIG_HEADERS  = 
  CONFIG_LINKS    = 
  CONFIG_COMMANDS = 
  $ ./config.status src/config.h

on inv35

config.status:1113: creating src/config.h
config.status:1294: src/config.h is unchanged

## ---------------------- ##
## Running config.status. ##
## ---------------------- ##

This file was extended by OpenPA config.status 1.0.3, which was
generated by GNU Autoconf 2.69.  Invocation command line was

  CONFIG_FILES    = 
  CONFIG_HEADERS  = 
  CONFIG_LINKS    = 
  CONFIG_COMMANDS = 
  $ ./config.status src/config.h

on inv35

config.status:1113: creating src/config.h
config.status:1294: src/config.h is unchanged
